\BOOKMARK [1][-]{section.1}{\376\377\000G\000i\036\333\000i\000\040\000t\000h\000i\036\307\000u}{}% 1
\BOOKMARK [1][-]{section.2}{\376\377\000N\036\301\000n\000\040\000t\036\243\000n\000g\000\040\000v\000\340\000\040\000C\000\364\000n\000g\000\040\000t\000r\000\354\000n\000h\000\040\000l\000i\000\352\000n\000\040\000q\000u\000a\000n}{}% 2
\BOOKMARK [2][-]{subsection.2.1}{\376\377\000P\000h\000\341\000t\000\040\000h\000i\036\307\000n\000\040\000x\000\342\000m\000\040\000n\000h\036\255\000p\000\040\000d\036\361\000a\000\040\000t\000r\000\352\000n\000\040\000S\000y\000s\000t\000e\000m\000\040\000C\000a\000l\000l}{section.2}% 3
\BOOKMARK [2][-]{subsection.2.2}{\376\377\000A\000n\000\040\000n\000i\000n\000h\000\040\000r\000u\000n\000t\000i\000m\000e\000\040\000c\000o\000n\000t\000a\000i\000n\000e\000r\000\040\000d\036\361\000a\000\040\000t\000r\000\352\000n\000\040\000e\000B\000P\000F}{section.2}% 4
\BOOKMARK [2][-]{subsection.2.3}{\376\377\000D\000e\000S\000F\000A\000M\000\040\000v\000\340\000\040\000c\001\241\000\040\000c\000h\036\277\000\040\000n\000g\001\260\036\341\000n\000g\000\040\001\021\036\331\000n\000g}{section.2}% 5
\BOOKMARK [1][-]{section.3}{\376\377\000P\000h\001\260\001\241\000n\000g\000\040\000p\000h\000\341\000p\000\040\000l\000u\036\255\000n}{}% 6
\BOOKMARK [2][-]{subsection.3.1}{\376\377\000L\000o\036\241\000i\000\040\000h\000\354\000n\000h\000\040\000n\000g\000h\000i\000\352\000n\000\040\000c\036\351\000u}{section.3}% 7
\BOOKMARK [2][-]{subsection.3.2}{\376\377\000G\000i\036\243\000\040\000t\000h\000u\000y\036\277\000t}{section.3}% 8
\BOOKMARK [2][-]{subsection.3.3}{\376\377\000C\001\241\000\040\000c\000h\036\277\000\040\000n\000g\001\260\036\341\000n\000g\000\040\000v\000\340\000\040\000b\000a\000\040\000c\000h\000\355\000n\000h\000\040\000s\000\341\000c\000h\000\040\000k\000i\036\303\000m\000\040\000t\000r\000a}{section.3}% 9
\BOOKMARK [2][-]{subsection.3.4}{\376\377\000P\000h\000\342\000n\000\040\000t\000\355\000c\000h\000\040\001\021\036\331\000n\000g\000\040\000h\036\315\000c\000\040\000n\000g\001\260\036\341\000n\000g}{section.3}% 10
\BOOKMARK [2][-]{subsection.3.5}{\376\377\000B\000i\036\277\000n\000\040\000s\036\321\000\040\000v\000\340\000\040\000c\000h\036\311\000\040\000s\036\321}{section.3}% 11
\BOOKMARK [2][-]{subsection.3.6}{\376\377\000P\000h\001\260\001\241\000n\000g\000\040\000p\000h\000\341\000p\000\040\000t\000h\036\321\000n\000g\000\040\000k\000\352}{section.3}% 12
\BOOKMARK [1][-]{section.4}{\376\377\000T\000h\000i\036\277\000t\000\040\000l\036\255\000p\000\040\000t\000h\036\361\000c\000\040\000n\000g\000h\000i\036\307\000m}{}% 13
\BOOKMARK [2][-]{subsection.4.1}{\376\377\000D\036\357\000\040\000l\000i\036\307\000u}{section.4}% 14
\BOOKMARK [2][-]{subsection.4.2}{\376\377\000B\036\331\000\040\000p\000h\000\341\000t\000\040\000h\000i\036\307\000n\000\040\000v\000\340\000\040\000t\000r\000\355\000c\000h\000\040\000c\000h\036\315\000n\000\040\001\021\036\267\000c\000\040\000t\000r\001\260\000n\000g}{section.4}% 15
\BOOKMARK [3][-]{subsubsection.4.2.1}{\376\377\000T\000r\000\355\000c\000h\000\040\000c\000h\036\315\000n\000\040\001\021\036\267\000c\000\040\000t\000r\001\260\000n\000g}{subsection.4.2}% 16
\BOOKMARK [2][-]{subsection.4.3}{\376\377\000M\000\364\000\040\000h\000\354\000n\000h\000\040\000k\036\273\000\040\000t\036\245\000n\000\040\000c\000\364\000n\000g\000\040\000v\000\340\000\040\000n\000h\000i\036\305\000u\000\040\000l\000\342\000n\000\040\000c\036\255\000n}{section.4}% 17
\BOOKMARK [2][-]{subsection.4.4}{\376\377\000P\000i\000p\000e\000l\000i\000n\000e\000\040\000b\000a\000\040\000p\000h\000a\000\040\000v\000\340\000\040\000g\000i\000a\000o\000\040\000t\000h\036\351\000c\000\040\000t\000h\000\355\000\040\000n\000g\000h\000i\036\307\000m}{section.4}% 18
\BOOKMARK [3][-]{subsubsection.4.4.1}{\376\377\000B\000a\000\040\000p\000h\000a\000\040\000t\000\341\000c\000h\000\040\000b\000i\036\307\000t\000\040\000\050\001\021\036\243\000m\000\040\000b\036\243\000o\000\040\001\021\036\331\000\040\000t\000i\000n\000\040\000c\036\255\000y\000\051}{subsection.4.4}% 19
\BOOKMARK [3][-]{subsubsection.4.4.2}{\376\377\000G\000i\000a\000o\000\040\000t\000h\036\351\000c\000\040\000m\036\327\000i\000\040\000t\000r\000i\000a\000l}{subsection.4.4}% 20
\BOOKMARK [1][-]{section.5}{\376\377\001\020\000\341\000n\000h\000\040\000g\000i\000\341}{}% 21
\BOOKMARK [2][-]{subsection.5.1}{\376\377\000R\000Q\0001\000\040\040\024\000\040\000N\001\003\000n\000g\000\040\000l\036\361\000c\000\040\000p\000h\000\341\000t\000\040\000h\000i\036\307\000n\000\040\000t\000r\000\352\000n\000\040\000D\000o\000n\000g\000T\000i\000n\000g}{section.5}% 22
\BOOKMARK [2][-]{subsection.5.2}{\376\377\000R\000Q\0002\000\040\040\024\000\040\000N\000\351\000\040\000t\000r\000\341\000n\000h\000\040\000q\000u\000a\000\040\000b\001\241\000m\000\040\000n\000g\001\260\036\341\000n\000g\000\040\000E\000M\000A}{section.5}% 23
\BOOKMARK [1][-]{section.6}{\376\377\000T\000h\036\243\000o\000\040\000l\000u\036\255\000n\000\040\000v\000\340\000\040\000M\036\321\000i\000\040\001\021\000e\000\040\000d\000o\036\241\000\040\000t\000\355\000n\000h\000\040\000h\036\343\000p\000\040\000l\036\307}{}% 24
\BOOKMARK [1][-]{section.7}{\376\377\000K\036\277\000t\000\040\000l\000u\036\255\000n}{}% 25
\BOOKMARK [1][-]{section*.1}{\376\377\000R\000e\000f\000e\000r\000e\000n\000c\000e\000s}{}% 26
\BOOKMARK [1][-]{section*.2}{\376\377\000A\000p\000p\000e\000n\000d\000i\000x\000\040\000A\000:\000\040\000P\000h\036\345\000\040\000l\036\345\000c\000\040\000T\000\341\000i\000\040\000l\036\255\000p}{}% 27
