This is LuaHBTeX, Version 1.24.0 (TeX Live 2026) 
 restricted system commands enabled.
(./main_vi.tex
LaTeX2e <2025-11-01>
L3 programming layer <2026-04-28>
 (/usr/local/texlive/2026/texmf-dist/tex/latex/ieeetran/IEEEtran.cls
Document Class: IEEEtran 2015/08/26 V1.8b by Michael Shell
-- See the "IEEEtran_HOWTO" manual for usage information.
-- http://www.michaelshell.org/tex/ieeetran/

LaTeX Font Warning: Font shape `TU/ptm/m/n' undefined
(Font)              using `TU/lmr/m/n' instead on input line 503.


-- Using 8.5in x 11in (letter) paper.
-- Using DVI output.
-- This is a 10 point document.

LaTeX Font Warning: Font shape `TU/ptm/bx/n' undefined
(Font)              using `TU/ptm/m/n' instead on input line 1090.


LaTeX Font Warning: Font shape `TU/ptm/m/it' undefined
(Font)              using `TU/ptm/m/n' instead on input line 1090.


LaTeX Font Warning: Font shape `TU/ptm/bx/it' undefined
(Font)              using `TU/ptm/bx/n' instead on input line 1090.

) (/usr/local/texlive/2026/texmf-dist/tex/latex/fontspec/fontspec.sty
(/usr/local/texlive/2026/texmf-dist/tex/latex/l3packages/xparse/xparse.sty
(/usr/local/texlive/2026/texmf-dist/tex/latex/l3kernel/expl3.sty
(/usr/local/texlive/2026/texmf-dist/tex/latex/l3backend/l3backend-luatex.def)))
 (/usr/local/texlive/2026/texmf-dist/tex/latex/fontspec/fontspec-luatex.sty
(/usr/local/texlive/2026/texmf-dist/tex/latex/base/fontenc.sty)
(/usr/local/texlive/2026/texmf-dist/tex/latex/fontspec/fontspec.cfg)))
(/usr/local/texlive/2026/texmf-dist/tex/generic/babel/babel.sty
(/usr/local/texlive/2026/texmf-dist/tex/generic/babel/luababel.def)
(/usr/local/texlive/2026/texmf-dist/tex/generic/babel/luababel.def)
(/usr/local/texlive/2026/texmf-dist/tex/generic/babel/locale/vi/babel-vietnames
e.tex)
(/usr/local/texlive/2026/texmf-dist/tex/generic/babel-vietnamese/vietnamese.ldf

(/usr/local/texlive/2026/texmf-dist/tex/generic/hyph-utf8/patterns/tex/hyph-vi.
tex))) (/usr/local/texlive/2026/texmf-dist/tex/latex/amsmath/amsmath.sty
For additional information on amsmath, use the `?' option.
(/usr/local/texlive/2026/texmf-dist/tex/latex/amsmath/amstext.sty
(/usr/local/texlive/2026/texmf-dist/tex/latex/amsmath/amsgen.sty))
(/usr/local/texlive/2026/texmf-dist/tex/latex/amsmath/amsbsy.sty)
(/usr/local/texlive/2026/texmf-dist/tex/latex/amsmath/amsopn.sty))
(/usr/local/texlive/2026/texmf-dist/tex/latex/amsfonts/amssymb.sty
(/usr/local/texlive/2026/texmf-dist/tex/latex/amsfonts/amsfonts.sty))
(/usr/local/texlive/2026/texmf-dist/tex/latex/mathtools/mathtools.sty
(/usr/local/texlive/2026/texmf-dist/tex/latex/graphics/keyval.sty)
(/usr/local/texlive/2026/texmf-dist/tex/latex/tools/calc.sty)
(/usr/local/texlive/2026/texmf-dist/tex/latex/mathtools/mhsetup.sty))
(/usr/local/texlive/2026/texmf-dist/tex/latex/booktabs/booktabs.sty)
(/usr/local/texlive/2026/texmf-dist/tex/latex/multirow/multirow.sty)
(/usr/local/texlive/2026/texmf-dist/tex/latex/tools/array.sty)
(/usr/local/texlive/2026/texmf-dist/tex/latex/tools/tabularx.sty)
(/usr/local/texlive/2026/texmf-dist/tex/latex/placeins/placeins.sty)
(/usr/local/texlive/2026/texmf-dist/tex/latex/graphics/graphicx.sty
(/usr/local/texlive/2026/texmf-dist/tex/latex/graphics/graphics.sty
(/usr/local/texlive/2026/texmf-dist/tex/latex/graphics/trig.sty)
(/usr/local/texlive/2026/texmf-dist/tex/latex/graphics-cfg/graphics.cfg)
(/usr/local/texlive/2026/texmf-dist/tex/latex/graphics-def/luatex.def)))
(/usr/local/texlive/2026/texmf-dist/tex/latex/listings/listings.sty
(/usr/local/texlive/2026/texmf-dist/tex/latex/listings/lstpatch.sty)
(/usr/local/texlive/2026/texmf-dist/tex/latex/listings/lstmisc.sty)
(/usr/local/texlive/2026/texmf-dist/tex/latex/listings/listings.cfg))
==> First Aid for listings.sty no longer applied!
    Expected:
        2024/09/23 1.10c (Carsten Heinz)
    but found:
        2025/11/14 1.11b (Carsten Heinz)
    so I'm assuming it got fixed.
(/usr/local/texlive/2026/texmf-dist/tex/latex/xcolor/xcolor.sty
(/usr/local/texlive/2026/texmf-dist/tex/latex/graphics-cfg/color.cfg)
(/usr/local/texlive/2026/texmf-dist/tex/latex/graphics/mathcolor.ltx))
(/usr/local/texlive/2026/texmf-dist/tex/latex/url/url.sty)
(/usr/local/texlive/2026/texmf-dist/tex/latex/hyperref/hyperref.sty
(/usr/local/texlive/2026/texmf-dist/tex/generic/iftex/iftex.sty)
(/usr/local/texlive/2026/texmf-dist/tex/latex/kvsetkeys/kvsetkeys.sty)
(/usr/local/texlive/2026/texmf-dist/tex/generic/kvdefinekeys/kvdefinekeys.sty)
(/usr/local/texlive/2026/texmf-dist/tex/generic/pdfescape/pdfescape.sty
(/usr/local/texlive/2026/texmf-dist/tex/generic/ltxcmds/ltxcmds.sty)
(/usr/local/texlive/2026/texmf-dist/tex/generic/pdftexcmds/pdftexcmds.sty
(/usr/local/texlive/2026/texmf-dist/tex/generic/infwarerr/infwarerr.sty)))
(/usr/local/texlive/2026/texmf-dist/tex/latex/hycolor/hycolor.sty)
(/usr/local/texlive/2026/texmf-dist/tex/latex/hyperref/nameref.sty
(/usr/local/texlive/2026/texmf-dist/tex/latex/refcount/refcount.sty)
(/usr/local/texlive/2026/texmf-dist/tex/generic/gettitlestring/gettitlestring.s
ty (/usr/local/texlive/2026/texmf-dist/tex/latex/kvoptions/kvoptions.sty)))
(/usr/local/texlive/2026/texmf-dist/tex/latex/etoolbox/etoolbox.sty)
(/usr/local/texlive/2026/texmf-dist/tex/generic/stringenc/stringenc.sty)
(/usr/local/texlive/2026/texmf-dist/tex/latex/hyperref/pd1enc.def)
(/usr/local/texlive/2026/texmf-dist/tex/generic/intcalc/intcalc.sty)
(/usr/local/texlive/2026/texmf-dist/tex/latex/hyperref/puenc.def)
(/usr/local/texlive/2026/texmf-dist/tex/generic/bitset/bitset.sty
(/usr/local/texlive/2026/texmf-dist/tex/generic/bigintcalc/bigintcalc.sty)))
(/usr/local/texlive/2026/texmf-dist/tex/latex/hyperref/hluatex.def
(/usr/local/texlive/2026/texmf-dist/tex/latex/rerunfilecheck/rerunfilecheck.sty

(/usr/local/texlive/2026/texmf-dist/tex/generic/uniquecounter/uniquecounter.sty
))) (/usr/local/texlive/2026/texmf-dist/tex/latex/cite/cite.sty)
No file main_vi.aux.
-- Lines per column: 58 (exact).
(/usr/local/texlive/2026/texmf-dist/tex/context/base/mkii/supp-pdf.mkii
[Loading MPS to PDF converter (version 2006.09.02).]
) (/usr/local/texlive/2026/texmf-dist/tex/latex/epstopdf-pkg/epstopdf-base.sty
(/usr/local/texlive/2026/texmf-dist/tex/latex/latexconfig/epstopdf-sys.cfg))
Underfull \hbox (badness 5637) in paragraph at lines 39--39
[][][]\TU/lmr/m/n/8 Tái hiện bài báo: S. Zehra và cộng sự, ``DeSFAM: 
An

Underfull \hbox (badness 10000) in paragraph at lines 39--39
\TU/lmr/m/n/8 Adaptive eBPF and AI-Driven Framework for Securing
(/usr/local/texlive/2026/texmf-dist/tex/latex/amsfonts/umsa.fd)
(/usr/local/texlive/2026/texmf-dist/tex/latex/amsfonts/umsb.fd)
(./experience_vi.tex

LaTeX Warning: Citation `desfam2025' on page 1 undefined on input line 6.


LaTeX Warning: Citation `tetragon' on page 1 undefined on input line 9.


LaTeX Warning: Citation `dongting' on page 1 undefined on input line 10.


LaTeX Warning: Citation `syzkaller' on page 1 undefined on input line 20.


Underfull \hbox (badness 1629) in paragraph at lines 27--29
[]\TU/ptm/bx/it/10 Bộ phát hiện SyscallAD có tái hiện được trên

Underfull \hbox (badness 1629) in paragraph at lines 32--35
[]\TU/ptm/bx/it/10 Các bộ phân loại chuỗi có-giám-sát (LSTM, 1-

LaTeX Warning: Reference `sec:reproduction_vi' on page 1 undefined on input lin
e 42.


LaTeX Warning: Reference `sec:deployment_vi' on page 1 undefined on input line 
44.


LaTeX Warning: Reference `sec:methodology_vi' on page 1 undefined on input line
 47.


LaTeX Warning: Reference `sec:evaluation_vi' on page 1 undefined on input line 
49.


LaTeX Warning: Citation `forrest1996' on page 1 undefined on input line 56.


LaTeX Warning: Citation `ref38_nimos' on page 1 undefined on input line 59.


LaTeX Warning: Citation `ref27_optimus' on page 1 undefined on input line 59.


LaTeX Warning: Reference `sec:methodology_vi' on page 1 undefined on input line
 66.

[1
Non-PDF special ignored!{/usr/local/texlive/2026/texmf-var/fonts/map/pdftex/upd
map/pdftex.map}]
Underfull \hbox (badness 10000) in paragraph at lines 74--79
[]\TU/ptm/bx/it/10 Tetragon gắn kprobe eBPF vào điểm

Underfull \hbox (badness 10000) in paragraph at lines 74--79
\TU/ptm/bx/it/10 vào syscall và phơi một API gRPC dòng

LaTeX Warning: Reference `tab:v2_hyperparams_vi' on page 2 undefined on input l
ine 107.


LaTeX Warning: Reference `subsec:features_vi' on page 2 undefined on input line
 114.


Underfull \hbox (badness 10000) in paragraph at lines 142--142
[]|\TU/lmr/m/n/7 Enc/Dec $\OT1/cmr/m/n/7 174[]128[]64[]24[]64[]128[]174$\TU/lmr
/m/n/7 , SELU,

LaTeX Warning: Citation `desfam2025' on page 2 undefined on input line 142.


Underfull \hbox (badness 10000) in paragraph at lines 142--142
[]|\TU/lmr/m/n/7 LSTM

Underfull \hbox (badness 10000) in paragraph at lines 142--142
[]|\TU/lmr/m/n/7 1-D CNN

Underfull \hbox (badness 10000) in paragraph at lines 142--142
[]|\TU/lmr/m/n/7 Cùng cấu hình có-giám-sát với LSTM

Underfull \hbox (badness 10000) in paragraph at lines 145--151
[]\TU/ptm/bx/it/10 Các biến thể không-giám-sát (VAE, iForest,

LaTeX Warning: Citation `dongting' on page 2 undefined on input line 156.


LaTeX Warning: Reference `sec:deployment_vi' on page 2 undefined on input line 
165.


LaTeX Warning: Reference `tab:dataset_summary_vi' on page 2 undefined on input 
line 175.

[2]

LaTeX Warning: Reference `tab:repro_vi' on page 3 undefined on input line 239.


LaTeX Warning: Citation `desfam2025' on page 3 undefined on input line 259.


Overfull \hbox (95.88654pt too wide) in paragraph at lines 251--262
 [][] 

LaTeX Warning: Reference `eq:robust_vi' on page 3 undefined on input line 265.

[3]
Underfull \hbox (badness 10000) in paragraph at lines 298--302
[]\TU/ptm/bx/it/10 Helm chart binding máy chủ gRPC

Underfull \hbox (badness 10000) in paragraph at lines 298--302
\TU/ptm/bx/it/10 vào unix socket mặc định. Đặt

Underfull \hbox (badness 7273) in paragraph at lines 298--302
\TU/lmtt/m/n/10 tetragon.grpc.address=0.0.0.0:54321 \TU/ptm/bx/it/10 và phơi

LaTeX Warning: Reference `tab:diversity_vi' on page 4 undefined on input line 3
23.


Underfull \hbox (badness 7379) in paragraph at lines 318--324
[]\TU/ptm/bx/it/10 Bộ phát hiện v1 đã triển khai với tập hợp

LaTeX Warning: Reference `tab:diversity_vi' on page 4 undefined on input line 3
44.


LaTeX Warning: Reference `tab:v2_models_vi' on page 4 undefined on input line 3
57.


Overfull \hbox (66.86806pt too wide) in paragraph at lines 366--377
 [][] 

LaTeX Warning: Reference `subsec:models_vi' on page 4 undefined on input line 3
83.


LaTeX Warning: Reference `tab:repro_vi' on page 4 undefined on input line 387.


LaTeX Warning: Reference `tab:v2_models_vi' on page 4 undefined on input line 3
88.


LaTeX Warning: Reference `tab:diversity_vi' on page 4 undefined on input line 3
92.


LaTeX Warning: Reference `tab:cve_latency_vi' on page 4 undefined on input line
 397.


LaTeX Warning: Reference `subsec:datasets_vi' on page 4 undefined on input line
 398.


Overfull \hbox (84.43127pt too wide) in paragraph at lines 406--416
 [][] 

LaTeX Warning: Reference `subsec:diversity_vi' on page 4 undefined on input lin
e 420.

[4]

LaTeX Warning: Reference `tab:repro_vi' on page 5 undefined on input line 479.


LaTeX Warning: Reference `tab:diversity_vi' on page 5 undefined on input line 4
80.


LaTeX Warning: Reference `eq:robust_vi' on page 5 undefined on input line 486.


LaTeX Warning: Reference `eq:robust_vi' on page 5 undefined on input line 514.

) (./main_vi.bbl
Underfull \hbox (badness 2285) in paragraph at lines 39--41
[]\TU/lmr/m/n/8 Google, ``syzkaller: An unsupervised coverage-guided kernel

LaTeX Warning: Citation `desfam2025' on page 5 undefined on input line 51.


Underfull \hbox (badness 1371) in paragraph at lines 48--52
\TU/lmr/m/it/8 on Communications and Network Security\TU/lmr/m/n/8 , 2022, cite
d per

LaTeX Warning: Citation `desfam2025' on page 5 undefined on input line 58.

) [5] (./main_vi.aux)

LaTeX Font Warning: Some font shapes were not available, defaults substituted.


LaTeX Warning: There were undefined references.


LaTeX Warning: Label(s) may have changed. Rerun to get cross-references right.


Package rerunfilecheck Warning: File `main_vi.out' has changed.
(rerunfilecheck)                Rerun to get outlines right
(rerunfilecheck)                or use package `bookmark'.

)
(see the transcript file for additional information)
 582 words of node memory still in use:
   7 hlist, 2 vlist, 2 rule, 4 glue, 4 kern, 1 glyph, 21 attribute, 59 glue_spe
c, 11 attribute_list, 1 write nodes
   avail lists: 1:1,2:1937,3:353,4:57,5:777,6:90,7:15231,8:59,9:859,10:27,11:81

</usr/local/texlive/2026/texmf-dist/fonts/opentype/public/lm/lmroman5-regular.o
tf></usr/local/texlive/2026/texmf-dist/fonts/opentype/public/lm/lmmono8-regular
.otf></usr/local/texlive/2026/texmf-dist/fonts/opentype/public/lm/lmroman7-bold
.otf></usr/local/texlive/2026/texmf-dist/fonts/opentype/public/lm/lmroman8-bold
.otf></usr/local/texlive/2026/texmf-dist/fonts/opentype/public/lm/lmmono10-regu
lar.otf></usr/local/texlive/2026/texmf-dist/fonts/opentype/public/lm/lmroman8-i
talic.otf></usr/local/texlive/2026/texmf-dist/fonts/opentype/public/lm/lmroman8
-regular.otf></usr/local/texlive/2026/texmf-dist/fonts/opentype/public/lm/lmrom
an10-italic.otf></usr/local/texlive/2026/texmf-dist/fonts/opentype/public/lm/lm
roman10-bold.otf></usr/local/texlive/2026/texmf-dist/fonts/opentype/public/lm/l
mroman10-regular.otf></usr/local/texlive/2026/texmf-dist/fonts/opentype/public/
lm/lmromancaps10-regular.otf></usr/local/texlive/2026/texmf-dist/fonts/opentype
/public/lm/lmroman9-bold.otf></usr/local/texlive/2026/texmf-dist/fonts/opentype
/public/lm/lmroman10-bolditalic.otf></usr/local/texlive/2026/texmf-dist/fonts/o
pentype/public/lm/lmroman12-regular.otf></usr/local/texlive/2026/texmf-dist/fon
ts/opentype/public/lm/lmroman17-regular.otf></usr/local/texlive/2026/texmf-dist
/fonts/opentype/public/lm/lmroman7-regular.otf></usr/local/texlive/2026/texmf-d
ist/fonts/type1/public/amsfonts/cm/cmex10.pfb></usr/local/texlive/2026/texmf-di
st/fonts/type1/public/amsfonts/cm/cmmi10.pfb></usr/local/texlive/2026/texmf-dis
t/fonts/type1/public/amsfonts/cm/cmmi6.pfb></usr/local/texlive/2026/texmf-dist/
fonts/type1/public/amsfonts/cm/cmmi7.pfb></usr/local/texlive/2026/texmf-dist/fo
nts/type1/public/amsfonts/cm/cmmi8.pfb></usr/local/texlive/2026/texmf-dist/font
s/type1/public/amsfonts/cm/cmmi9.pfb></usr/local/texlive/2026/texmf-dist/fonts/
type1/public/amsfonts/cm/cmr10.pfb></usr/local/texlive/2026/texmf-dist/fonts/ty
pe1/public/amsfonts/cm/cmr5.pfb></usr/local/texlive/2026/texmf-dist/fonts/type1
/public/amsfonts/cm/cmr6.pfb></usr/local/texlive/2026/texmf-dist/fonts/type1/pu
blic/amsfonts/cm/cmr7.pfb></usr/local/texlive/2026/texmf-dist/fonts/type1/publi
c/amsfonts/cm/cmr8.pfb></usr/local/texlive/2026/texmf-dist/fonts/type1/public/a
msfonts/cm/cmr9.pfb></usr/local/texlive/2026/texmf-dist/fonts/type1/public/amsf
onts/cm/cmsy10.pfb></usr/local/texlive/2026/texmf-dist/fonts/type1/public/amsfo
nts/cm/cmsy5.pfb></usr/local/texlive/2026/texmf-dist/fonts/type1/public/amsfont
s/cm/cmsy6.pfb></usr/local/texlive/2026/texmf-dist/fonts/type1/public/amsfonts/
cm/cmsy7.pfb></usr/local/texlive/2026/texmf-dist/fonts/type1/public/amsfonts/cm
/cmsy9.pfb>
Output written on main_vi.pdf (5 pages, 268910 bytes).
Transcript written on main_vi.log.
This is BibTeX, Version 0.99e (TeX Live 2026)
The top-level auxiliary file: main_vi.aux
The style file: IEEEtran.bst
Database file #1: references.bib
-- IEEEtran.bst version 1.14 (2015/08/26) by Michael Shell.
-- http://www.michaelshell.org/tex/ieeetran/bibtex/
-- See the "IEEEtran_bst_HOWTO.pdf" manual for usage information.

Done.
This is LuaHBTeX, Version 1.24.0 (TeX Live 2026) 
 restricted system commands enabled.
(./main_vi.tex
LaTeX2e <2025-11-01>
L3 programming layer <2026-04-28>
 (/usr/local/texlive/2026/texmf-dist/tex/latex/ieeetran/IEEEtran.cls
Document Class: IEEEtran 2015/08/26 V1.8b by Michael Shell
-- See the "IEEEtran_HOWTO" manual for usage information.
-- http://www.michaelshell.org/tex/ieeetran/

LaTeX Font Warning: Font shape `TU/ptm/m/n' undefined
(Font)              using `TU/lmr/m/n' instead on input line 503.


-- Using 8.5in x 11in (letter) paper.
-- Using DVI output.
-- This is a 10 point document.

LaTeX Font Warning: Font shape `TU/ptm/bx/n' undefined
(Font)              using `TU/ptm/m/n' instead on input line 1090.


LaTeX Font Warning: Font shape `TU/ptm/m/it' undefined
(Font)              using `TU/ptm/m/n' instead on input line 1090.


LaTeX Font Warning: Font shape `TU/ptm/bx/it' undefined
(Font)              using `TU/ptm/bx/n' instead on input line 1090.

) (/usr/local/texlive/2026/texmf-dist/tex/latex/fontspec/fontspec.sty
(/usr/local/texlive/2026/texmf-dist/tex/latex/l3packages/xparse/xparse.sty
(/usr/local/texlive/2026/texmf-dist/tex/latex/l3kernel/expl3.sty
(/usr/local/texlive/2026/texmf-dist/tex/latex/l3backend/l3backend-luatex.def)))
 (/usr/local/texlive/2026/texmf-dist/tex/latex/fontspec/fontspec-luatex.sty
(/usr/local/texlive/2026/texmf-dist/tex/latex/base/fontenc.sty)
(/usr/local/texlive/2026/texmf-dist/tex/latex/fontspec/fontspec.cfg)))
(/usr/local/texlive/2026/texmf-dist/tex/generic/babel/babel.sty
(/usr/local/texlive/2026/texmf-dist/tex/generic/babel/luababel.def)
(/usr/local/texlive/2026/texmf-dist/tex/generic/babel/luababel.def)
(/usr/local/texlive/2026/texmf-dist/tex/generic/babel/locale/vi/babel-vietnames
e.tex)
(/usr/local/texlive/2026/texmf-dist/tex/generic/babel-vietnamese/vietnamese.ldf

(/usr/local/texlive/2026/texmf-dist/tex/generic/hyph-utf8/patterns/tex/hyph-vi.
tex))) (/usr/local/texlive/2026/texmf-dist/tex/latex/amsmath/amsmath.sty
For additional information on amsmath, use the `?' option.
(/usr/local/texlive/2026/texmf-dist/tex/latex/amsmath/amstext.sty
(/usr/local/texlive/2026/texmf-dist/tex/latex/amsmath/amsgen.sty))
(/usr/local/texlive/2026/texmf-dist/tex/latex/amsmath/amsbsy.sty)
(/usr/local/texlive/2026/texmf-dist/tex/latex/amsmath/amsopn.sty))
(/usr/local/texlive/2026/texmf-dist/tex/latex/amsfonts/amssymb.sty
(/usr/local/texlive/2026/texmf-dist/tex/latex/amsfonts/amsfonts.sty))
(/usr/local/texlive/2026/texmf-dist/tex/latex/mathtools/mathtools.sty
(/usr/local/texlive/2026/texmf-dist/tex/latex/graphics/keyval.sty)
(/usr/local/texlive/2026/texmf-dist/tex/latex/tools/calc.sty)
(/usr/local/texlive/2026/texmf-dist/tex/latex/mathtools/mhsetup.sty))
(/usr/local/texlive/2026/texmf-dist/tex/latex/booktabs/booktabs.sty)
(/usr/local/texlive/2026/texmf-dist/tex/latex/multirow/multirow.sty)
(/usr/local/texlive/2026/texmf-dist/tex/latex/tools/array.sty)
(/usr/local/texlive/2026/texmf-dist/tex/latex/tools/tabularx.sty)
(/usr/local/texlive/2026/texmf-dist/tex/latex/placeins/placeins.sty)
(/usr/local/texlive/2026/texmf-dist/tex/latex/graphics/graphicx.sty
(/usr/local/texlive/2026/texmf-dist/tex/latex/graphics/graphics.sty
(/usr/local/texlive/2026/texmf-dist/tex/latex/graphics/trig.sty)
(/usr/local/texlive/2026/texmf-dist/tex/latex/graphics-cfg/graphics.cfg)
(/usr/local/texlive/2026/texmf-dist/tex/latex/graphics-def/luatex.def)))
(/usr/local/texlive/2026/texmf-dist/tex/latex/listings/listings.sty
(/usr/local/texlive/2026/texmf-dist/tex/latex/listings/lstpatch.sty)
(/usr/local/texlive/2026/texmf-dist/tex/latex/listings/lstmisc.sty)
(/usr/local/texlive/2026/texmf-dist/tex/latex/listings/listings.cfg))
==> First Aid for listings.sty no longer applied!
    Expected:
        2024/09/23 1.10c (Carsten Heinz)
    but found:
        2025/11/14 1.11b (Carsten Heinz)
    so I'm assuming it got fixed.
(/usr/local/texlive/2026/texmf-dist/tex/latex/xcolor/xcolor.sty
(/usr/local/texlive/2026/texmf-dist/tex/latex/graphics-cfg/color.cfg)
(/usr/local/texlive/2026/texmf-dist/tex/latex/graphics/mathcolor.ltx))
(/usr/local/texlive/2026/texmf-dist/tex/latex/url/url.sty)
(/usr/local/texlive/2026/texmf-dist/tex/latex/hyperref/hyperref.sty
(/usr/local/texlive/2026/texmf-dist/tex/generic/iftex/iftex.sty)
(/usr/local/texlive/2026/texmf-dist/tex/latex/kvsetkeys/kvsetkeys.sty)
(/usr/local/texlive/2026/texmf-dist/tex/generic/kvdefinekeys/kvdefinekeys.sty)
(/usr/local/texlive/2026/texmf-dist/tex/generic/pdfescape/pdfescape.sty
(/usr/local/texlive/2026/texmf-dist/tex/generic/ltxcmds/ltxcmds.sty)
(/usr/local/texlive/2026/texmf-dist/tex/generic/pdftexcmds/pdftexcmds.sty
(/usr/local/texlive/2026/texmf-dist/tex/generic/infwarerr/infwarerr.sty)))
(/usr/local/texlive/2026/texmf-dist/tex/latex/hycolor/hycolor.sty)
(/usr/local/texlive/2026/texmf-dist/tex/latex/hyperref/nameref.sty
(/usr/local/texlive/2026/texmf-dist/tex/latex/refcount/refcount.sty)
(/usr/local/texlive/2026/texmf-dist/tex/generic/gettitlestring/gettitlestring.s
ty (/usr/local/texlive/2026/texmf-dist/tex/latex/kvoptions/kvoptions.sty)))
(/usr/local/texlive/2026/texmf-dist/tex/latex/etoolbox/etoolbox.sty)
(/usr/local/texlive/2026/texmf-dist/tex/generic/stringenc/stringenc.sty)
(/usr/local/texlive/2026/texmf-dist/tex/latex/hyperref/pd1enc.def)
(/usr/local/texlive/2026/texmf-dist/tex/generic/intcalc/intcalc.sty)
(/usr/local/texlive/2026/texmf-dist/tex/latex/hyperref/puenc.def)
(/usr/local/texlive/2026/texmf-dist/tex/generic/bitset/bitset.sty
(/usr/local/texlive/2026/texmf-dist/tex/generic/bigintcalc/bigintcalc.sty)))
(/usr/local/texlive/2026/texmf-dist/tex/latex/hyperref/hluatex.def
(/usr/local/texlive/2026/texmf-dist/tex/latex/rerunfilecheck/rerunfilecheck.sty

(/usr/local/texlive/2026/texmf-dist/tex/generic/uniquecounter/uniquecounter.sty
))) (/usr/local/texlive/2026/texmf-dist/tex/latex/cite/cite.sty) (./main_vi.aux
)
-- Lines per column: 58 (exact).
(/usr/local/texlive/2026/texmf-dist/tex/context/base/mkii/supp-pdf.mkii
[Loading MPS to PDF converter (version 2006.09.02).]
) (/usr/local/texlive/2026/texmf-dist/tex/latex/epstopdf-pkg/epstopdf-base.sty
(/usr/local/texlive/2026/texmf-dist/tex/latex/latexconfig/epstopdf-sys.cfg))
(./main_vi.out) (./main_vi.out)
Underfull \hbox (badness 5637) in paragraph at lines 39--39
[][][]\TU/lmr/m/n/8 Tái hiện bài báo: S. Zehra và cộng sự, ``DeSFAM: 
An

Underfull \hbox (badness 10000) in paragraph at lines 39--39
\TU/lmr/m/n/8 Adaptive eBPF and AI-Driven Framework for Securing
(/usr/local/texlive/2026/texmf-dist/tex/latex/amsfonts/umsa.fd)
(/usr/local/texlive/2026/texmf-dist/tex/latex/amsfonts/umsb.fd)
(./experience_vi.tex
Underfull \hbox (badness 1629) in paragraph at lines 27--29
[]\TU/ptm/bx/it/10 Bộ phát hiện SyscallAD có tái hiện được trên

Underfull \hbox (badness 1629) in paragraph at lines 32--35
[]\TU/ptm/bx/it/10 Các bộ phân loại chuỗi có-giám-sát (LSTM, 1-
[1
Non-PDF special ignored!{/usr/local/texlive/2026/texmf-var/fonts/map/pdftex/upd
map/pdftex.map}]
Underfull \hbox (badness 10000) in paragraph at lines 74--79
[]\TU/ptm/bx/it/10 Tetragon gắn kprobe eBPF vào điểm

Underfull \hbox (badness 10000) in paragraph at lines 74--79
\TU/ptm/bx/it/10 vào syscall và phơi một API gRPC dòng

Underfull \hbox (badness 10000) in paragraph at lines 142--142
[]|\TU/lmr/m/n/7 Enc/Dec $\OT1/cmr/m/n/7 174[]128[]64[]24[]64[]128[]174$\TU/lmr
/m/n/7 , SELU,

Underfull \hbox (badness 10000) in paragraph at lines 142--142
[]|\TU/lmr/m/n/7 LSTM

Underfull \hbox (badness 10000) in paragraph at lines 142--142
[]|\TU/lmr/m/n/7 1-D CNN

Underfull \hbox (badness 10000) in paragraph at lines 142--142
[]|\TU/lmr/m/n/7 Cùng cấu hình có-giám-sát với LSTM

Underfull \hbox (badness 10000) in paragraph at lines 145--151
[]\TU/ptm/bx/it/10 Các biến thể không-giám-sát (VAE, iForest,
[2]
Overfull \hbox (95.88654pt too wide) in paragraph at lines 251--262
 [][] 
[3]
Underfull \hbox (badness 10000) in paragraph at lines 298--302
[]\TU/ptm/bx/it/10 Helm chart binding máy chủ gRPC

Underfull \hbox (badness 10000) in paragraph at lines 298--302
\TU/ptm/bx/it/10 vào unix socket mặc định. Đặt

Underfull \hbox (badness 7273) in paragraph at lines 298--302
\TU/lmtt/m/n/10 tetragon.grpc.address=0.0.0.0:54321 \TU/ptm/bx/it/10 và phơi

Underfull \hbox (badness 7379) in paragraph at lines 318--324
[]\TU/ptm/bx/it/10 Bộ phát hiện v1 đã triển khai với tập hợp

Overfull \hbox (66.86806pt too wide) in paragraph at lines 366--377
 [][] 

Overfull \hbox (84.43127pt too wide) in paragraph at lines 406--416
 [][] 
[4]) (./main_vi.bbl
Underfull \hbox (badness 2285) in paragraph at lines 39--41
[]\TU/lmr/m/n/8 Google, ``syzkaller: An unsupervised coverage-guided kernel

Underfull \hbox (badness 1371) in paragraph at lines 48--52
\TU/lmr/m/it/8 on Communications and Network Security\TU/lmr/m/n/8 , 2022, cite
d per
) [5] (./main_vi.aux)

LaTeX Font Warning: Some font shapes were not available, defaults substituted.

)
(see the transcript file for additional information)
 582 words of node memory still in use:
   7 hlist, 2 vlist, 2 rule, 4 glue, 4 kern, 1 glyph, 21 attribute, 59 glue_spe
c, 11 attribute_list, 1 write nodes
   avail lists: 1:1,2:1907,3:384,4:57,5:791,6:95,7:15283,8:59,9:867,10:26,11:88

</usr/local/texlive/2026/texmf-dist/fonts/opentype/public/lm/lmroman8-bold.otf>
</usr/local/texlive/2026/texmf-dist/fonts/opentype/public/lm/lmroman5-regular.o
tf></usr/local/texlive/2026/texmf-dist/fonts/opentype/public/lm/lmmono8-regular
.otf></usr/local/texlive/2026/texmf-dist/fonts/opentype/public/lm/lmroman7-bold
.otf></usr/local/texlive/2026/texmf-dist/fonts/opentype/public/lm/lmmono10-regu
lar.otf></usr/local/texlive/2026/texmf-dist/fonts/opentype/public/lm/lmroman10-
bold.otf></usr/local/texlive/2026/texmf-dist/fonts/opentype/public/lm/lmroman8-
italic.otf></usr/local/texlive/2026/texmf-dist/fonts/opentype/public/lm/lmroman
8-regular.otf></usr/local/texlive/2026/texmf-dist/fonts/opentype/public/lm/lmro
man10-italic.otf></usr/local/texlive/2026/texmf-dist/fonts/opentype/public/lm/l
mroman10-regular.otf></usr/local/texlive/2026/texmf-dist/fonts/opentype/public/
lm/lmromancaps10-regular.otf></usr/local/texlive/2026/texmf-dist/fonts/opentype
/public/lm/lmroman9-bold.otf></usr/local/texlive/2026/texmf-dist/fonts/opentype
/public/lm/lmroman10-bolditalic.otf></usr/local/texlive/2026/texmf-dist/fonts/o
pentype/public/lm/lmroman12-regular.otf></usr/local/texlive/2026/texmf-dist/fon
ts/opentype/public/lm/lmroman17-regular.otf></usr/local/texlive/2026/texmf-dist
/fonts/opentype/public/lm/lmroman7-regular.otf></usr/local/texlive/2026/texmf-d
ist/fonts/type1/public/amsfonts/cm/cmex10.pfb></usr/local/texlive/2026/texmf-di
st/fonts/type1/public/amsfonts/cm/cmmi10.pfb></usr/local/texlive/2026/texmf-dis
t/fonts/type1/public/amsfonts/cm/cmmi6.pfb></usr/local/texlive/2026/texmf-dist/
fonts/type1/public/amsfonts/cm/cmmi7.pfb></usr/local/texlive/2026/texmf-dist/fo
nts/type1/public/amsfonts/cm/cmmi8.pfb></usr/local/texlive/2026/texmf-dist/font
s/type1/public/amsfonts/cm/cmmi9.pfb></usr/local/texlive/2026/texmf-dist/fonts/
type1/public/amsfonts/cm/cmr10.pfb></usr/local/texlive/2026/texmf-dist/fonts/ty
pe1/public/amsfonts/cm/cmr5.pfb></usr/local/texlive/2026/texmf-dist/fonts/type1
/public/amsfonts/cm/cmr6.pfb></usr/local/texlive/2026/texmf-dist/fonts/type1/pu
blic/amsfonts/cm/cmr7.pfb></usr/local/texlive/2026/texmf-dist/fonts/type1/publi
c/amsfonts/cm/cmr8.pfb></usr/local/texlive/2026/texmf-dist/fonts/type1/public/a
msfonts/cm/cmr9.pfb></usr/local/texlive/2026/texmf-dist/fonts/type1/public/amsf
onts/cm/cmsy10.pfb></usr/local/texlive/2026/texmf-dist/fonts/type1/public/amsfo
nts/cm/cmsy5.pfb></usr/local/texlive/2026/texmf-dist/fonts/type1/public/amsfont
s/cm/cmsy6.pfb></usr/local/texlive/2026/texmf-dist/fonts/type1/public/amsfonts/
cm/cmsy7.pfb></usr/local/texlive/2026/texmf-dist/fonts/type1/public/amsfonts/cm
/cmsy9.pfb>
Output written on main_vi.pdf (5 pages, 271865 bytes).
Transcript written on main_vi.log.
This is LuaHBTeX, Version 1.24.0 (TeX Live 2026) 
 restricted system commands enabled.
(./main_vi.tex
LaTeX2e <2025-11-01>
L3 programming layer <2026-04-28>
 (/usr/local/texlive/2026/texmf-dist/tex/latex/ieeetran/IEEEtran.cls
Document Class: IEEEtran 2015/08/26 V1.8b by Michael Shell
-- See the "IEEEtran_HOWTO" manual for usage information.
-- http://www.michaelshell.org/tex/ieeetran/

LaTeX Font Warning: Font shape `TU/ptm/m/n' undefined
(Font)              using `TU/lmr/m/n' instead on input line 503.


-- Using 8.5in x 11in (letter) paper.
-- Using DVI output.
-- This is a 10 point document.

LaTeX Font Warning: Font shape `TU/ptm/bx/n' undefined
(Font)              using `TU/ptm/m/n' instead on input line 1090.


LaTeX Font Warning: Font shape `TU/ptm/m/it' undefined
(Font)              using `TU/ptm/m/n' instead on input line 1090.


LaTeX Font Warning: Font shape `TU/ptm/bx/it' undefined
(Font)              using `TU/ptm/bx/n' instead on input line 1090.

) (/usr/local/texlive/2026/texmf-dist/tex/latex/fontspec/fontspec.sty
(/usr/local/texlive/2026/texmf-dist/tex/latex/l3packages/xparse/xparse.sty
(/usr/local/texlive/2026/texmf-dist/tex/latex/l3kernel/expl3.sty
(/usr/local/texlive/2026/texmf-dist/tex/latex/l3backend/l3backend-luatex.def)))
 (/usr/local/texlive/2026/texmf-dist/tex/latex/fontspec/fontspec-luatex.sty
(/usr/local/texlive/2026/texmf-dist/tex/latex/base/fontenc.sty)
(/usr/local/texlive/2026/texmf-dist/tex/latex/fontspec/fontspec.cfg)))
(/usr/local/texlive/2026/texmf-dist/tex/generic/babel/babel.sty
(/usr/local/texlive/2026/texmf-dist/tex/generic/babel/luababel.def)
(/usr/local/texlive/2026/texmf-dist/tex/generic/babel/luababel.def)
(/usr/local/texlive/2026/texmf-dist/tex/generic/babel/locale/vi/babel-vietnames
e.tex)
(/usr/local/texlive/2026/texmf-dist/tex/generic/babel-vietnamese/vietnamese.ldf

(/usr/local/texlive/2026/texmf-dist/tex/generic/hyph-utf8/patterns/tex/hyph-vi.
tex))) (/usr/local/texlive/2026/texmf-dist/tex/latex/amsmath/amsmath.sty
For additional information on amsmath, use the `?' option.
(/usr/local/texlive/2026/texmf-dist/tex/latex/amsmath/amstext.sty
(/usr/local/texlive/2026/texmf-dist/tex/latex/amsmath/amsgen.sty))
(/usr/local/texlive/2026/texmf-dist/tex/latex/amsmath/amsbsy.sty)
(/usr/local/texlive/2026/texmf-dist/tex/latex/amsmath/amsopn.sty))
(/usr/local/texlive/2026/texmf-dist/tex/latex/amsfonts/amssymb.sty
(/usr/local/texlive/2026/texmf-dist/tex/latex/amsfonts/amsfonts.sty))
(/usr/local/texlive/2026/texmf-dist/tex/latex/mathtools/mathtools.sty
(/usr/local/texlive/2026/texmf-dist/tex/latex/graphics/keyval.sty)
(/usr/local/texlive/2026/texmf-dist/tex/latex/tools/calc.sty)
(/usr/local/texlive/2026/texmf-dist/tex/latex/mathtools/mhsetup.sty))
(/usr/local/texlive/2026/texmf-dist/tex/latex/booktabs/booktabs.sty)
(/usr/local/texlive/2026/texmf-dist/tex/latex/multirow/multirow.sty)
(/usr/local/texlive/2026/texmf-dist/tex/latex/tools/array.sty)
(/usr/local/texlive/2026/texmf-dist/tex/latex/tools/tabularx.sty)
(/usr/local/texlive/2026/texmf-dist/tex/latex/placeins/placeins.sty)
(/usr/local/texlive/2026/texmf-dist/tex/latex/graphics/graphicx.sty
(/usr/local/texlive/2026/texmf-dist/tex/latex/graphics/graphics.sty
(/usr/local/texlive/2026/texmf-dist/tex/latex/graphics/trig.sty)
(/usr/local/texlive/2026/texmf-dist/tex/latex/graphics-cfg/graphics.cfg)
(/usr/local/texlive/2026/texmf-dist/tex/latex/graphics-def/luatex.def)))
(/usr/local/texlive/2026/texmf-dist/tex/latex/listings/listings.sty
(/usr/local/texlive/2026/texmf-dist/tex/latex/listings/lstpatch.sty)
(/usr/local/texlive/2026/texmf-dist/tex/latex/listings/lstmisc.sty)
(/usr/local/texlive/2026/texmf-dist/tex/latex/listings/listings.cfg))
==> First Aid for listings.sty no longer applied!
    Expected:
        2024/09/23 1.10c (Carsten Heinz)
    but found:
        2025/11/14 1.11b (Carsten Heinz)
    so I'm assuming it got fixed.
(/usr/local/texlive/2026/texmf-dist/tex/latex/xcolor/xcolor.sty
(/usr/local/texlive/2026/texmf-dist/tex/latex/graphics-cfg/color.cfg)
(/usr/local/texlive/2026/texmf-dist/tex/latex/graphics/mathcolor.ltx))
(/usr/local/texlive/2026/texmf-dist/tex/latex/url/url.sty)
(/usr/local/texlive/2026/texmf-dist/tex/latex/hyperref/hyperref.sty
(/usr/local/texlive/2026/texmf-dist/tex/generic/iftex/iftex.sty)
(/usr/local/texlive/2026/texmf-dist/tex/latex/kvsetkeys/kvsetkeys.sty)
(/usr/local/texlive/2026/texmf-dist/tex/generic/kvdefinekeys/kvdefinekeys.sty)
(/usr/local/texlive/2026/texmf-dist/tex/generic/pdfescape/pdfescape.sty
(/usr/local/texlive/2026/texmf-dist/tex/generic/ltxcmds/ltxcmds.sty)
(/usr/local/texlive/2026/texmf-dist/tex/generic/pdftexcmds/pdftexcmds.sty
(/usr/local/texlive/2026/texmf-dist/tex/generic/infwarerr/infwarerr.sty)))
(/usr/local/texlive/2026/texmf-dist/tex/latex/hycolor/hycolor.sty)
(/usr/local/texlive/2026/texmf-dist/tex/latex/hyperref/nameref.sty
(/usr/local/texlive/2026/texmf-dist/tex/latex/refcount/refcount.sty)
(/usr/local/texlive/2026/texmf-dist/tex/generic/gettitlestring/gettitlestring.s
ty (/usr/local/texlive/2026/texmf-dist/tex/latex/kvoptions/kvoptions.sty)))
(/usr/local/texlive/2026/texmf-dist/tex/latex/etoolbox/etoolbox.sty)
(/usr/local/texlive/2026/texmf-dist/tex/generic/stringenc/stringenc.sty)
(/usr/local/texlive/2026/texmf-dist/tex/latex/hyperref/pd1enc.def)
(/usr/local/texlive/2026/texmf-dist/tex/generic/intcalc/intcalc.sty)
(/usr/local/texlive/2026/texmf-dist/tex/latex/hyperref/puenc.def)
(/usr/local/texlive/2026/texmf-dist/tex/generic/bitset/bitset.sty
(/usr/local/texlive/2026/texmf-dist/tex/generic/bigintcalc/bigintcalc.sty)))
(/usr/local/texlive/2026/texmf-dist/tex/latex/hyperref/hluatex.def
(/usr/local/texlive/2026/texmf-dist/tex/latex/rerunfilecheck/rerunfilecheck.sty

(/usr/local/texlive/2026/texmf-dist/tex/generic/uniquecounter/uniquecounter.sty
))) (/usr/local/texlive/2026/texmf-dist/tex/latex/cite/cite.sty) (./main_vi.aux
)
-- Lines per column: 58 (exact).
(/usr/local/texlive/2026/texmf-dist/tex/context/base/mkii/supp-pdf.mkii
[Loading MPS to PDF converter (version 2006.09.02).]
) (/usr/local/texlive/2026/texmf-dist/tex/latex/epstopdf-pkg/epstopdf-base.sty
(/usr/local/texlive/2026/texmf-dist/tex/latex/latexconfig/epstopdf-sys.cfg))
(./main_vi.out) (./main_vi.out)
Underfull \hbox (badness 5637) in paragraph at lines 39--39
[][][]\TU/lmr/m/n/8 Tái hiện bài báo: S. Zehra và cộng sự, ``DeSFAM: 
An

Underfull \hbox (badness 10000) in paragraph at lines 39--39
\TU/lmr/m/n/8 Adaptive eBPF and AI-Driven Framework for Securing
(/usr/local/texlive/2026/texmf-dist/tex/latex/amsfonts/umsa.fd)
(/usr/local/texlive/2026/texmf-dist/tex/latex/amsfonts/umsb.fd)
(./experience_vi.tex
Underfull \hbox (badness 1629) in paragraph at lines 27--29
[]\TU/ptm/bx/it/10 Bộ phát hiện SyscallAD có tái hiện được trên

Underfull \hbox (badness 1629) in paragraph at lines 32--35
[]\TU/ptm/bx/it/10 Các bộ phân loại chuỗi có-giám-sát (LSTM, 1-
[1
Non-PDF special ignored!{/usr/local/texlive/2026/texmf-var/fonts/map/pdftex/upd
map/pdftex.map}]
Underfull \hbox (badness 10000) in paragraph at lines 74--79
[]\TU/ptm/bx/it/10 Tetragon gắn kprobe eBPF vào điểm

Underfull \hbox (badness 10000) in paragraph at lines 74--79
\TU/ptm/bx/it/10 vào syscall và phơi một API gRPC dòng

Underfull \hbox (badness 10000) in paragraph at lines 142--142
[]|\TU/lmr/m/n/7 Enc/Dec $\OT1/cmr/m/n/7 174[]128[]64[]24[]64[]128[]174$\TU/lmr
/m/n/7 , SELU,

Underfull \hbox (badness 10000) in paragraph at lines 142--142
[]|\TU/lmr/m/n/7 LSTM

Underfull \hbox (badness 10000) in paragraph at lines 142--142
[]|\TU/lmr/m/n/7 1-D CNN

Underfull \hbox (badness 10000) in paragraph at lines 142--142
[]|\TU/lmr/m/n/7 Cùng cấu hình có-giám-sát với LSTM

Underfull \hbox (badness 10000) in paragraph at lines 145--151
[]\TU/ptm/bx/it/10 Các biến thể không-giám-sát (VAE, iForest,
[2]
Overfull \hbox (95.88654pt too wide) in paragraph at lines 251--262
 [][] 
[3]
Underfull \hbox (badness 10000) in paragraph at lines 298--302
[]\TU/ptm/bx/it/10 Helm chart binding máy chủ gRPC

Underfull \hbox (badness 10000) in paragraph at lines 298--302
\TU/ptm/bx/it/10 vào unix socket mặc định. Đặt

Underfull \hbox (badness 7273) in paragraph at lines 298--302
\TU/lmtt/m/n/10 tetragon.grpc.address=0.0.0.0:54321 \TU/ptm/bx/it/10 và phơi

Underfull \hbox (badness 7379) in paragraph at lines 318--324
[]\TU/ptm/bx/it/10 Bộ phát hiện v1 đã triển khai với tập hợp

Overfull \hbox (66.86806pt too wide) in paragraph at lines 366--377
 [][] 

Overfull \hbox (84.43127pt too wide) in paragraph at lines 406--416
 [][] 
[4]) (./main_vi.bbl
Underfull \hbox (badness 2285) in paragraph at lines 39--41
[]\TU/lmr/m/n/8 Google, ``syzkaller: An unsupervised coverage-guided kernel

Underfull \hbox (badness 1371) in paragraph at lines 48--52
\TU/lmr/m/it/8 on Communications and Network Security\TU/lmr/m/n/8 , 2022, cite
d per
) [5] (./main_vi.aux)

LaTeX Font Warning: Some font shapes were not available, defaults substituted.

)
(see the transcript file for additional information)
 582 words of node memory still in use:
   7 hlist, 2 vlist, 2 rule, 4 glue, 4 kern, 1 glyph, 21 attribute, 59 glue_spe
c, 11 attribute_list, 1 write nodes
   avail lists: 1:1,2:1907,3:384,4:57,5:791,6:95,7:15283,8:59,9:867,10:26,11:88

</usr/local/texlive/2026/texmf-dist/fonts/opentype/public/lm/lmroman8-bold.otf>
</usr/local/texlive/2026/texmf-dist/fonts/opentype/public/lm/lmroman5-regular.o
tf></usr/local/texlive/2026/texmf-dist/fonts/opentype/public/lm/lmmono8-regular
.otf></usr/local/texlive/2026/texmf-dist/fonts/opentype/public/lm/lmroman7-bold
.otf></usr/local/texlive/2026/texmf-dist/fonts/opentype/public/lm/lmmono10-regu
lar.otf></usr/local/texlive/2026/texmf-dist/fonts/opentype/public/lm/lmroman10-
bold.otf></usr/local/texlive/2026/texmf-dist/fonts/opentype/public/lm/lmroman8-
italic.otf></usr/local/texlive/2026/texmf-dist/fonts/opentype/public/lm/lmroman
8-regular.otf></usr/local/texlive/2026/texmf-dist/fonts/opentype/public/lm/lmro
man10-italic.otf></usr/local/texlive/2026/texmf-dist/fonts/opentype/public/lm/l
mroman10-regular.otf></usr/local/texlive/2026/texmf-dist/fonts/opentype/public/
lm/lmromancaps10-regular.otf></usr/local/texlive/2026/texmf-dist/fonts/opentype
/public/lm/lmroman9-bold.otf></usr/local/texlive/2026/texmf-dist/fonts/opentype
/public/lm/lmroman10-bolditalic.otf></usr/local/texlive/2026/texmf-dist/fonts/o
pentype/public/lm/lmroman12-regular.otf></usr/local/texlive/2026/texmf-dist/fon
ts/opentype/public/lm/lmroman17-regular.otf></usr/local/texlive/2026/texmf-dist
/fonts/opentype/public/lm/lmroman7-regular.otf></usr/local/texlive/2026/texmf-d
ist/fonts/type1/public/amsfonts/cm/cmex10.pfb></usr/local/texlive/2026/texmf-di
st/fonts/type1/public/amsfonts/cm/cmmi10.pfb></usr/local/texlive/2026/texmf-dis
t/fonts/type1/public/amsfonts/cm/cmmi6.pfb></usr/local/texlive/2026/texmf-dist/
fonts/type1/public/amsfonts/cm/cmmi7.pfb></usr/local/texlive/2026/texmf-dist/fo
nts/type1/public/amsfonts/cm/cmmi8.pfb></usr/local/texlive/2026/texmf-dist/font
s/type1/public/amsfonts/cm/cmmi9.pfb></usr/local/texlive/2026/texmf-dist/fonts/
type1/public/amsfonts/cm/cmr10.pfb></usr/local/texlive/2026/texmf-dist/fonts/ty
pe1/public/amsfonts/cm/cmr5.pfb></usr/local/texlive/2026/texmf-dist/fonts/type1
/public/amsfonts/cm/cmr6.pfb></usr/local/texlive/2026/texmf-dist/fonts/type1/pu
blic/amsfonts/cm/cmr7.pfb></usr/local/texlive/2026/texmf-dist/fonts/type1/publi
c/amsfonts/cm/cmr8.pfb></usr/local/texlive/2026/texmf-dist/fonts/type1/public/a
msfonts/cm/cmr9.pfb></usr/local/texlive/2026/texmf-dist/fonts/type1/public/amsf
onts/cm/cmsy10.pfb></usr/local/texlive/2026/texmf-dist/fonts/type1/public/amsfo
nts/cm/cmsy5.pfb></usr/local/texlive/2026/texmf-dist/fonts/type1/public/amsfont
s/cm/cmsy6.pfb></usr/local/texlive/2026/texmf-dist/fonts/type1/public/amsfonts/
cm/cmsy7.pfb></usr/local/texlive/2026/texmf-dist/fonts/type1/public/amsfonts/cm
/cmsy9.pfb>
Output written on main_vi.pdf (5 pages, 271865 bytes).
Transcript written on main_vi.log.
