This is LuaHBTeX, Version 1.24.0 (TeX Live 2026) 
 restricted system commands enabled.
(./main_en.tex
LaTeX2e <2025-11-01>
L3 programming layer <2026-04-28>
 (/usr/local/texlive/2026/texmf-dist/tex/latex/ieeetran/IEEEtran.cls
Document Class: IEEEtran 2015/08/26 V1.8b by Michael Shell
-- See the "IEEEtran_HOWTO" manual for usage information.
-- http://www.michaelshell.org/tex/ieeetran/

LaTeX Font Warning: Font shape `TU/ptm/m/n' undefined
(Font)              using `TU/lmr/m/n' instead on input line 503.


-- Using 8.5in x 11in (letter) paper.
-- Using DVI output.
-- This is a 10 point document.

LaTeX Font Warning: Font shape `TU/ptm/bx/n' undefined
(Font)              using `TU/ptm/m/n' instead on input line 1090.


LaTeX Font Warning: Font shape `TU/ptm/m/it' undefined
(Font)              using `TU/ptm/m/n' instead on input line 1090.


LaTeX Font Warning: Font shape `TU/ptm/bx/it' undefined
(Font)              using `TU/ptm/bx/n' instead on input line 1090.

) (/usr/local/texlive/2026/texmf-dist/tex/latex/fontspec/fontspec.sty
(/usr/local/texlive/2026/texmf-dist/tex/latex/l3packages/xparse/xparse.sty
(/usr/local/texlive/2026/texmf-dist/tex/latex/l3kernel/expl3.sty
(/usr/local/texlive/2026/texmf-dist/tex/latex/l3backend/l3backend-luatex.def)))
 (/usr/local/texlive/2026/texmf-dist/tex/latex/fontspec/fontspec-luatex.sty
(/usr/local/texlive/2026/texmf-dist/tex/latex/base/fontenc.sty)
(/usr/local/texlive/2026/texmf-dist/tex/latex/fontspec/fontspec.cfg)))
(/usr/local/texlive/2026/texmf-dist/tex/latex/amsmath/amsmath.sty
For additional information on amsmath, use the `?' option.
(/usr/local/texlive/2026/texmf-dist/tex/latex/amsmath/amstext.sty
(/usr/local/texlive/2026/texmf-dist/tex/latex/amsmath/amsgen.sty))
(/usr/local/texlive/2026/texmf-dist/tex/latex/amsmath/amsbsy.sty)
(/usr/local/texlive/2026/texmf-dist/tex/latex/amsmath/amsopn.sty))
(/usr/local/texlive/2026/texmf-dist/tex/latex/amsfonts/amssymb.sty
(/usr/local/texlive/2026/texmf-dist/tex/latex/amsfonts/amsfonts.sty))
(/usr/local/texlive/2026/texmf-dist/tex/latex/mathtools/mathtools.sty
(/usr/local/texlive/2026/texmf-dist/tex/latex/graphics/keyval.sty)
(/usr/local/texlive/2026/texmf-dist/tex/latex/tools/calc.sty)
(/usr/local/texlive/2026/texmf-dist/tex/latex/mathtools/mhsetup.sty))
(/usr/local/texlive/2026/texmf-dist/tex/latex/booktabs/booktabs.sty)
(/usr/local/texlive/2026/texmf-dist/tex/latex/multirow/multirow.sty)
(/usr/local/texlive/2026/texmf-dist/tex/latex/tools/array.sty)
(/usr/local/texlive/2026/texmf-dist/tex/latex/tools/tabularx.sty)
(/usr/local/texlive/2026/texmf-dist/tex/latex/placeins/placeins.sty)
(/usr/local/texlive/2026/texmf-dist/tex/latex/graphics/graphicx.sty
(/usr/local/texlive/2026/texmf-dist/tex/latex/graphics/graphics.sty
(/usr/local/texlive/2026/texmf-dist/tex/latex/graphics/trig.sty)
(/usr/local/texlive/2026/texmf-dist/tex/latex/graphics-cfg/graphics.cfg)
(/usr/local/texlive/2026/texmf-dist/tex/latex/graphics-def/luatex.def)))
(/usr/local/texlive/2026/texmf-dist/tex/latex/listings/listings.sty
(/usr/local/texlive/2026/texmf-dist/tex/latex/listings/lstpatch.sty)
(/usr/local/texlive/2026/texmf-dist/tex/latex/listings/lstmisc.sty)
(/usr/local/texlive/2026/texmf-dist/tex/latex/listings/listings.cfg))
==> First Aid for listings.sty no longer applied!
    Expected:
        2024/09/23 1.10c (Carsten Heinz)
    but found:
        2025/11/14 1.11b (Carsten Heinz)
    so I'm assuming it got fixed.
(/usr/local/texlive/2026/texmf-dist/tex/latex/xcolor/xcolor.sty
(/usr/local/texlive/2026/texmf-dist/tex/latex/graphics-cfg/color.cfg)
(/usr/local/texlive/2026/texmf-dist/tex/latex/graphics/mathcolor.ltx))
(/usr/local/texlive/2026/texmf-dist/tex/latex/url/url.sty)
(/usr/local/texlive/2026/texmf-dist/tex/latex/hyperref/hyperref.sty
(/usr/local/texlive/2026/texmf-dist/tex/generic/iftex/iftex.sty)
(/usr/local/texlive/2026/texmf-dist/tex/latex/kvsetkeys/kvsetkeys.sty)
(/usr/local/texlive/2026/texmf-dist/tex/generic/kvdefinekeys/kvdefinekeys.sty)
(/usr/local/texlive/2026/texmf-dist/tex/generic/pdfescape/pdfescape.sty
(/usr/local/texlive/2026/texmf-dist/tex/generic/ltxcmds/ltxcmds.sty)
(/usr/local/texlive/2026/texmf-dist/tex/generic/pdftexcmds/pdftexcmds.sty
(/usr/local/texlive/2026/texmf-dist/tex/generic/infwarerr/infwarerr.sty)))
(/usr/local/texlive/2026/texmf-dist/tex/latex/hycolor/hycolor.sty)
(/usr/local/texlive/2026/texmf-dist/tex/latex/hyperref/nameref.sty
(/usr/local/texlive/2026/texmf-dist/tex/latex/refcount/refcount.sty)
(/usr/local/texlive/2026/texmf-dist/tex/generic/gettitlestring/gettitlestring.s
ty (/usr/local/texlive/2026/texmf-dist/tex/latex/kvoptions/kvoptions.sty)))
(/usr/local/texlive/2026/texmf-dist/tex/latex/etoolbox/etoolbox.sty)
(/usr/local/texlive/2026/texmf-dist/tex/generic/stringenc/stringenc.sty)
(/usr/local/texlive/2026/texmf-dist/tex/latex/hyperref/pd1enc.def)
(/usr/local/texlive/2026/texmf-dist/tex/generic/intcalc/intcalc.sty)
(/usr/local/texlive/2026/texmf-dist/tex/latex/hyperref/puenc.def)
(/usr/local/texlive/2026/texmf-dist/tex/generic/bitset/bitset.sty
(/usr/local/texlive/2026/texmf-dist/tex/generic/bigintcalc/bigintcalc.sty)))
(/usr/local/texlive/2026/texmf-dist/tex/latex/hyperref/hluatex.def
(/usr/local/texlive/2026/texmf-dist/tex/latex/rerunfilecheck/rerunfilecheck.sty

(/usr/local/texlive/2026/texmf-dist/tex/generic/uniquecounter/uniquecounter.sty
))) (/usr/local/texlive/2026/texmf-dist/tex/latex/cite/cite.sty)
No file main_en.aux.
-- Lines per column: 58 (exact).
(/usr/local/texlive/2026/texmf-dist/tex/context/base/mkii/supp-pdf.mkii
[Loading MPS to PDF converter (version 2006.09.02).]
) (/usr/local/texlive/2026/texmf-dist/tex/latex/epstopdf-pkg/epstopdf-base.sty
(/usr/local/texlive/2026/texmf-dist/tex/latex/latexconfig/epstopdf-sys.cfg))
Underfull \hbox (badness 3219) in paragraph at lines 37--37
[][][]\TU/lmr/m/n/8 Re-pro-duc-tion of: S. Zehra et al., ``DeS-FAM: An Adap-tiv
e
(/usr/local/texlive/2026/texmf-dist/tex/latex/amsfonts/umsa.fd)
(/usr/local/texlive/2026/texmf-dist/tex/latex/amsfonts/umsb.fd)
Underfull \hbox (badness 2042) in paragraph at lines 38--61
[]\TU/lmr/bx/it/9 Ab-stract\TU/lmr/bx/n/9 ---We present an in-de-pen-dent re-pr
o-duc-
(./experience_en.tex

LaTeX Warning: Citation `desfam2025' on page 1 undefined on input line 6.


LaTeX Warning: Citation `tetragon' on page 1 undefined on input line 9.


LaTeX Warning: Citation `dongting' on page 1 undefined on input line 10.


LaTeX Warning: Citation `syzkaller' on page 1 undefined on input line 20.


LaTeX Warning: Reference `sec:reproduction' on page 1 undefined on input line 4
3.


LaTeX Warning: Reference `sec:deployment' on page 1 undefined on input line 45.



LaTeX Warning: Reference `sec:methodology' on page 1 undefined on input line 48
.


LaTeX Warning: Reference `sec:evaluation' on page 1 undefined on input line 50.



LaTeX Warning: Citation `forrest1996' on page 1 undefined on input line 57.


LaTeX Warning: Citation `ref38_nimos' on page 1 undefined on input line 60.


LaTeX Warning: Citation `ref27_optimus' on page 1 undefined on input line 60.


LaTeX Warning: Reference `sec:methodology' on page 1 undefined on input line 67
.

[1
Non-PDF special ignored!{/usr/local/texlive/2026/texmf-var/fonts/map/pdftex/upd
map/pdftex.map}]
Underfull \hbox (badness 10000) in paragraph at lines 75--81
[]\TU/ptm/bx/it/10 Tetragon at-taches eBPF kprobes to syscall

Underfull \hbox (badness 4291) in paragraph at lines 75--81
\TU/ptm/bx/it/10 en-try points and ex-poses a stream-ing gRPC API

Underfull \hbox (badness 2384) in paragraph at lines 75--81
\TU/ptm/bx/it/10 the pro-cess and pod iden-tity, the syscall iden-ti-fier,

LaTeX Warning: Reference `tab:v2_hyperparams' on page 2 undefined on input line
 110.


LaTeX Warning: Reference `subsec:features' on page 2 undefined on input line 11
8.


Underfull \hbox (badness 10000) in paragraph at lines 146--146
[]|\TU/lmr/m/n/7 Enc/Dec $\OT1/cmr/m/n/7 174[]128[]64[]24[]64[]128[]174$\TU/lmr
/m/n/7 , SELU,

Underfull \hbox (badness 2644) in paragraph at lines 146--146
[]|\TU/lmr/m/n/7 300 es-ti-ma-tors; \TU/lmtt/m/n/7 contamination='auto'\TU/lmr/
m/n/7 ; \TU/lmtt/m/n/7 random_state=42\TU/lmr/m/n/7 ;

LaTeX Warning: Citation `desfam2025' on page 2 undefined on input line 146.


Underfull \hbox (badness 10000) in paragraph at lines 146--146
[]|\TU/lmr/m/n/7 LSTM (DongT-ing+Con-

LaTeX Warning: Citation `dongting' on page 2 undefined on input line 161.


LaTeX Warning: Reference `sec:deployment' on page 2 undefined on input line 170
.


LaTeX Warning: Reference `tab:dataset_summary' on page 2 undefined on input lin
e 180.


Underfull \hbox (badness 1389) in paragraph at lines 168--181
\TU/ptm/bx/it/10 pkexec) ex-ploit, a $\OT1/cmr/m/n/10 60$\TU/ptm/bx/it/10 -iter
ation CVE-2022-0847 (Dirty

Underfull \hbox (badness 3000) in paragraph at lines 205--211
\TU/ptm/bx/it/10 CVE ex-ploits, ex-fil-tra-tion, re-verse shell) are scored
[2]

LaTeX Warning: Reference `tab:repro' on page 3 undefined on input line 246.


LaTeX Warning: Citation `desfam2025' on page 3 undefined on input line 267.


Overfull \hbox (63.27832pt too wide) in paragraph at lines 259--270
 [][] 

LaTeX Warning: Reference `eq:robust' on page 3 undefined on input line 274.


Underfull \hbox (badness 5231) in paragraph at lines 281--291
\TU/ptm/bx/it/10 events through Tetragon’s gRPC ser-vice in-cluster.

Underfull \hbox (badness 1708) in paragraph at lines 281--291
\TU/ptm/bx/it/10 For each event the names-pace fil-ter is ap-plied, the
[3]
Underfull \hbox (badness 10000) in paragraph at lines 308--313
[]\TU/ptm/bx/it/10 The Helm chart binds the gRPC server

Underfull \hbox (badness 10000) in paragraph at lines 308--313
\TU/ptm/bx/it/10 to a unix socket by de-fault. Set-ting

Underfull \hbox (badness 10000) in paragraph at lines 308--313
\TU/lmtt/m/n/10 tetragon.grpc.address=0.0.0.0:54321 \TU/ptm/bx/it/10 and

Underfull \hbox (badness 2875) in paragraph at lines 308--313
\TU/ptm/bx/it/10 ex-pos-ing a \TU/lmtt/m/n/10 ClusterIP \TU/ptm/bx/it/10 Ser-vi
ce on that port is

LaTeX Warning: Reference `tab:diversity' on page 4 undefined on input line 334.



LaTeX Warning: Reference `tab:diversity' on page 4 undefined on input line 356.



LaTeX Warning: Reference `tab:v2_models' on page 4 undefined on input line 369.



Overfull \hbox (66.86806pt too wide) in paragraph at lines 379--390
 [][] 

LaTeX Warning: Reference `subsec:models' on page 4 undefined on input line 397.



LaTeX Warning: Reference `tab:repro' on page 4 undefined on input line 401.


LaTeX Warning: Reference `tab:v2_models' on page 4 undefined on input line 402.



LaTeX Warning: Reference `tab:diversity' on page 4 undefined on input line 406.



LaTeX Warning: Reference `tab:cve_latency' on page 4 undefined on input line 41
2.


LaTeX Warning: Reference `subsec:datasets' on page 4 undefined on input line 41
4.


Overfull \hbox (84.43127pt too wide) in paragraph at lines 422--432
 [][] 

LaTeX Warning: Reference `subsec:diversity' on page 4 undefined on input line 4
36.

[4]

LaTeX Warning: Reference `tab:repro' on page 5 undefined on input line 499.


LaTeX Warning: Reference `tab:diversity' on page 5 undefined on input line 500.



LaTeX Warning: Reference `eq:robust' on page 5 undefined on input line 507.


LaTeX Warning: Reference `eq:robust' on page 5 undefined on input line 535.

) (./main_en.bbl
Underfull \hbox (badness 2285) in paragraph at lines 39--41
[]\TU/lmr/m/n/8 Google, ``syzkaller: An un-su-per-vised coverage-guided ker-nel


LaTeX Warning: Citation `desfam2025' on page 5 undefined on input line 51.

[5]

LaTeX Warning: Citation `desfam2025' on page 6 undefined on input line 58.

) [6] (./main_en.aux)

LaTeX Font Warning: Some font shapes were not available, defaults substituted.


LaTeX Warning: There were undefined references.


LaTeX Warning: Label(s) may have changed. Rerun to get cross-references right.


Package rerunfilecheck Warning: File `main_en.out' has changed.
(rerunfilecheck)                Rerun to get outlines right
(rerunfilecheck)                or use package `bookmark'.

)
(see the transcript file for additional information)
 542 words of node memory still in use:
   6 hlist, 2 vlist, 2 rule, 3 glue, 4 kern, 1 glyph, 10 attribute, 59 glue_spe
c, 10 attribute_list, 1 write nodes
   avail lists: 1:1,2:1098,3:380,4:57,5:895,6:89,7:16794,8:58,9:830,10:22,11:12
68
</usr/local/texlive/2026/texmf-dist/fonts/opentype/public/lm/lmroman5-regular.o
tf></usr/local/texlive/2026/texmf-dist/fonts/opentype/public/lm/lmmono8-regular
.otf></usr/local/texlive/2026/texmf-dist/fonts/opentype/public/lm/lmroman7-bold
.otf></usr/local/texlive/2026/texmf-dist/fonts/opentype/public/lm/lmroman8-bold
.otf></usr/local/texlive/2026/texmf-dist/fonts/opentype/public/lm/lmmono10-regu
lar.otf></usr/local/texlive/2026/texmf-dist/fonts/opentype/public/lm/lmroman8-i
talic.otf></usr/local/texlive/2026/texmf-dist/fonts/opentype/public/lm/lmroman8
-regular.otf></usr/local/texlive/2026/texmf-dist/fonts/opentype/public/lm/lmrom
an10-italic.otf></usr/local/texlive/2026/texmf-dist/fonts/opentype/public/lm/lm
roman10-bold.otf></usr/local/texlive/2026/texmf-dist/fonts/opentype/public/lm/l
mroman10-regular.otf></usr/local/texlive/2026/texmf-dist/fonts/opentype/public/
lm/lmromancaps10-regular.otf></usr/local/texlive/2026/texmf-dist/fonts/opentype
/public/lm/lmroman9-bold.otf></usr/local/texlive/2026/texmf-dist/fonts/opentype
/public/lm/lmroman10-bolditalic.otf></usr/local/texlive/2026/texmf-dist/fonts/o
pentype/public/lm/lmroman12-regular.otf></usr/local/texlive/2026/texmf-dist/fon
ts/opentype/public/lm/lmroman17-regular.otf></usr/local/texlive/2026/texmf-dist
/fonts/opentype/public/lm/lmroman7-regular.otf></usr/local/texlive/2026/texmf-d
ist/fonts/type1/public/amsfonts/cm/cmex10.pfb></usr/local/texlive/2026/texmf-di
st/fonts/type1/public/amsfonts/cm/cmmi10.pfb></usr/local/texlive/2026/texmf-dis
t/fonts/type1/public/amsfonts/cm/cmmi6.pfb></usr/local/texlive/2026/texmf-dist/
fonts/type1/public/amsfonts/cm/cmmi7.pfb></usr/local/texlive/2026/texmf-dist/fo
nts/type1/public/amsfonts/cm/cmmi8.pfb></usr/local/texlive/2026/texmf-dist/font
s/type1/public/amsfonts/cm/cmmi9.pfb></usr/local/texlive/2026/texmf-dist/fonts/
type1/public/amsfonts/cm/cmr10.pfb></usr/local/texlive/2026/texmf-dist/fonts/ty
pe1/public/amsfonts/cm/cmr5.pfb></usr/local/texlive/2026/texmf-dist/fonts/type1
/public/amsfonts/cm/cmr6.pfb></usr/local/texlive/2026/texmf-dist/fonts/type1/pu
blic/amsfonts/cm/cmr7.pfb></usr/local/texlive/2026/texmf-dist/fonts/type1/publi
c/amsfonts/cm/cmr8.pfb></usr/local/texlive/2026/texmf-dist/fonts/type1/public/a
msfonts/cm/cmr9.pfb></usr/local/texlive/2026/texmf-dist/fonts/type1/public/amsf
onts/cm/cmsy10.pfb></usr/local/texlive/2026/texmf-dist/fonts/type1/public/amsfo
nts/cm/cmsy5.pfb></usr/local/texlive/2026/texmf-dist/fonts/type1/public/amsfont
s/cm/cmsy6.pfb></usr/local/texlive/2026/texmf-dist/fonts/type1/public/amsfonts/
cm/cmsy7.pfb></usr/local/texlive/2026/texmf-dist/fonts/type1/public/amsfonts/cm
/cmsy9.pfb>
Output written on main_en.pdf (6 pages, 257081 bytes).
Transcript written on main_en.log.
This is BibTeX, Version 0.99e (TeX Live 2026)
The top-level auxiliary file: main_en.aux
The style file: IEEEtran.bst
Database file #1: references.bib
-- IEEEtran.bst version 1.14 (2015/08/26) by Michael Shell.
-- http://www.michaelshell.org/tex/ieeetran/bibtex/
-- See the "IEEEtran_bst_HOWTO.pdf" manual for usage information.

Done.
This is LuaHBTeX, Version 1.24.0 (TeX Live 2026) 
 restricted system commands enabled.
(./main_en.tex
LaTeX2e <2025-11-01>
L3 programming layer <2026-04-28>
 (/usr/local/texlive/2026/texmf-dist/tex/latex/ieeetran/IEEEtran.cls
Document Class: IEEEtran 2015/08/26 V1.8b by Michael Shell
-- See the "IEEEtran_HOWTO" manual for usage information.
-- http://www.michaelshell.org/tex/ieeetran/

LaTeX Font Warning: Font shape `TU/ptm/m/n' undefined
(Font)              using `TU/lmr/m/n' instead on input line 503.


-- Using 8.5in x 11in (letter) paper.
-- Using DVI output.
-- This is a 10 point document.

LaTeX Font Warning: Font shape `TU/ptm/bx/n' undefined
(Font)              using `TU/ptm/m/n' instead on input line 1090.


LaTeX Font Warning: Font shape `TU/ptm/m/it' undefined
(Font)              using `TU/ptm/m/n' instead on input line 1090.


LaTeX Font Warning: Font shape `TU/ptm/bx/it' undefined
(Font)              using `TU/ptm/bx/n' instead on input line 1090.

) (/usr/local/texlive/2026/texmf-dist/tex/latex/fontspec/fontspec.sty
(/usr/local/texlive/2026/texmf-dist/tex/latex/l3packages/xparse/xparse.sty
(/usr/local/texlive/2026/texmf-dist/tex/latex/l3kernel/expl3.sty
(/usr/local/texlive/2026/texmf-dist/tex/latex/l3backend/l3backend-luatex.def)))
 (/usr/local/texlive/2026/texmf-dist/tex/latex/fontspec/fontspec-luatex.sty
(/usr/local/texlive/2026/texmf-dist/tex/latex/base/fontenc.sty)
(/usr/local/texlive/2026/texmf-dist/tex/latex/fontspec/fontspec.cfg)))
(/usr/local/texlive/2026/texmf-dist/tex/latex/amsmath/amsmath.sty
For additional information on amsmath, use the `?' option.
(/usr/local/texlive/2026/texmf-dist/tex/latex/amsmath/amstext.sty
(/usr/local/texlive/2026/texmf-dist/tex/latex/amsmath/amsgen.sty))
(/usr/local/texlive/2026/texmf-dist/tex/latex/amsmath/amsbsy.sty)
(/usr/local/texlive/2026/texmf-dist/tex/latex/amsmath/amsopn.sty))
(/usr/local/texlive/2026/texmf-dist/tex/latex/amsfonts/amssymb.sty
(/usr/local/texlive/2026/texmf-dist/tex/latex/amsfonts/amsfonts.sty))
(/usr/local/texlive/2026/texmf-dist/tex/latex/mathtools/mathtools.sty
(/usr/local/texlive/2026/texmf-dist/tex/latex/graphics/keyval.sty)
(/usr/local/texlive/2026/texmf-dist/tex/latex/tools/calc.sty)
(/usr/local/texlive/2026/texmf-dist/tex/latex/mathtools/mhsetup.sty))
(/usr/local/texlive/2026/texmf-dist/tex/latex/booktabs/booktabs.sty)
(/usr/local/texlive/2026/texmf-dist/tex/latex/multirow/multirow.sty)
(/usr/local/texlive/2026/texmf-dist/tex/latex/tools/array.sty)
(/usr/local/texlive/2026/texmf-dist/tex/latex/tools/tabularx.sty)
(/usr/local/texlive/2026/texmf-dist/tex/latex/placeins/placeins.sty)
(/usr/local/texlive/2026/texmf-dist/tex/latex/graphics/graphicx.sty
(/usr/local/texlive/2026/texmf-dist/tex/latex/graphics/graphics.sty
(/usr/local/texlive/2026/texmf-dist/tex/latex/graphics/trig.sty)
(/usr/local/texlive/2026/texmf-dist/tex/latex/graphics-cfg/graphics.cfg)
(/usr/local/texlive/2026/texmf-dist/tex/latex/graphics-def/luatex.def)))
(/usr/local/texlive/2026/texmf-dist/tex/latex/listings/listings.sty
(/usr/local/texlive/2026/texmf-dist/tex/latex/listings/lstpatch.sty)
(/usr/local/texlive/2026/texmf-dist/tex/latex/listings/lstmisc.sty)
(/usr/local/texlive/2026/texmf-dist/tex/latex/listings/listings.cfg))
==> First Aid for listings.sty no longer applied!
    Expected:
        2024/09/23 1.10c (Carsten Heinz)
    but found:
        2025/11/14 1.11b (Carsten Heinz)
    so I'm assuming it got fixed.
(/usr/local/texlive/2026/texmf-dist/tex/latex/xcolor/xcolor.sty
(/usr/local/texlive/2026/texmf-dist/tex/latex/graphics-cfg/color.cfg)
(/usr/local/texlive/2026/texmf-dist/tex/latex/graphics/mathcolor.ltx))
(/usr/local/texlive/2026/texmf-dist/tex/latex/url/url.sty)
(/usr/local/texlive/2026/texmf-dist/tex/latex/hyperref/hyperref.sty
(/usr/local/texlive/2026/texmf-dist/tex/generic/iftex/iftex.sty)
(/usr/local/texlive/2026/texmf-dist/tex/latex/kvsetkeys/kvsetkeys.sty)
(/usr/local/texlive/2026/texmf-dist/tex/generic/kvdefinekeys/kvdefinekeys.sty)
(/usr/local/texlive/2026/texmf-dist/tex/generic/pdfescape/pdfescape.sty
(/usr/local/texlive/2026/texmf-dist/tex/generic/ltxcmds/ltxcmds.sty)
(/usr/local/texlive/2026/texmf-dist/tex/generic/pdftexcmds/pdftexcmds.sty
(/usr/local/texlive/2026/texmf-dist/tex/generic/infwarerr/infwarerr.sty)))
(/usr/local/texlive/2026/texmf-dist/tex/latex/hycolor/hycolor.sty)
(/usr/local/texlive/2026/texmf-dist/tex/latex/hyperref/nameref.sty
(/usr/local/texlive/2026/texmf-dist/tex/latex/refcount/refcount.sty)
(/usr/local/texlive/2026/texmf-dist/tex/generic/gettitlestring/gettitlestring.s
ty (/usr/local/texlive/2026/texmf-dist/tex/latex/kvoptions/kvoptions.sty)))
(/usr/local/texlive/2026/texmf-dist/tex/latex/etoolbox/etoolbox.sty)
(/usr/local/texlive/2026/texmf-dist/tex/generic/stringenc/stringenc.sty)
(/usr/local/texlive/2026/texmf-dist/tex/latex/hyperref/pd1enc.def)
(/usr/local/texlive/2026/texmf-dist/tex/generic/intcalc/intcalc.sty)
(/usr/local/texlive/2026/texmf-dist/tex/latex/hyperref/puenc.def)
(/usr/local/texlive/2026/texmf-dist/tex/generic/bitset/bitset.sty
(/usr/local/texlive/2026/texmf-dist/tex/generic/bigintcalc/bigintcalc.sty)))
(/usr/local/texlive/2026/texmf-dist/tex/latex/hyperref/hluatex.def
(/usr/local/texlive/2026/texmf-dist/tex/latex/rerunfilecheck/rerunfilecheck.sty

(/usr/local/texlive/2026/texmf-dist/tex/generic/uniquecounter/uniquecounter.sty
))) (/usr/local/texlive/2026/texmf-dist/tex/latex/cite/cite.sty) (./main_en.aux
)
-- Lines per column: 58 (exact).
(/usr/local/texlive/2026/texmf-dist/tex/context/base/mkii/supp-pdf.mkii
[Loading MPS to PDF converter (version 2006.09.02).]
) (/usr/local/texlive/2026/texmf-dist/tex/latex/epstopdf-pkg/epstopdf-base.sty
(/usr/local/texlive/2026/texmf-dist/tex/latex/latexconfig/epstopdf-sys.cfg))
(./main_en.out) (./main_en.out)
Underfull \hbox (badness 3219) in paragraph at lines 37--37
[][][]\TU/lmr/m/n/8 Re-pro-duc-tion of: S. Zehra et al., ``DeS-FAM: An Adap-tiv
e
(/usr/local/texlive/2026/texmf-dist/tex/latex/amsfonts/umsa.fd)
(/usr/local/texlive/2026/texmf-dist/tex/latex/amsfonts/umsb.fd)
Underfull \hbox (badness 2042) in paragraph at lines 38--61
[]\TU/lmr/bx/it/9 Ab-stract\TU/lmr/bx/n/9 ---We present an in-de-pen-dent re-pr
o-duc-
(./experience_en.tex [1
Non-PDF special ignored!{/usr/local/texlive/2026/texmf-var/fonts/map/pdftex/upd
map/pdftex.map}]
Underfull \hbox (badness 10000) in paragraph at lines 75--81
[]\TU/ptm/bx/it/10 Tetragon at-taches eBPF kprobes to syscall

Underfull \hbox (badness 4291) in paragraph at lines 75--81
\TU/ptm/bx/it/10 en-try points and ex-poses a stream-ing gRPC API

Underfull \hbox (badness 2384) in paragraph at lines 75--81
\TU/ptm/bx/it/10 the pro-cess and pod iden-tity, the syscall iden-ti-fier,

Underfull \hbox (badness 10000) in paragraph at lines 146--146
[]|\TU/lmr/m/n/7 Enc/Dec $\OT1/cmr/m/n/7 174[]128[]64[]24[]64[]128[]174$\TU/lmr
/m/n/7 , SELU,

Underfull \hbox (badness 2644) in paragraph at lines 146--146
[]|\TU/lmr/m/n/7 300 es-ti-ma-tors; \TU/lmtt/m/n/7 contamination='auto'\TU/lmr/
m/n/7 ; \TU/lmtt/m/n/7 random_state=42\TU/lmr/m/n/7 ;

Underfull \hbox (badness 10000) in paragraph at lines 146--146
[]|\TU/lmr/m/n/7 LSTM (DongT-ing+Con-

Underfull \hbox (badness 1389) in paragraph at lines 168--181
\TU/ptm/bx/it/10 pkexec) ex-ploit, a $\OT1/cmr/m/n/10 60$\TU/ptm/bx/it/10 -iter
ation CVE-2022-0847 (Dirty

Underfull \hbox (badness 3000) in paragraph at lines 205--211
\TU/ptm/bx/it/10 CVE ex-ploits, ex-fil-tra-tion, re-verse shell) are scored
[2]
Overfull \hbox (63.27832pt too wide) in paragraph at lines 259--270
 [][] 

Underfull \hbox (badness 5231) in paragraph at lines 281--291
\TU/ptm/bx/it/10 events through Tetragon’s gRPC ser-vice in-cluster.

Underfull \hbox (badness 1708) in paragraph at lines 281--291
\TU/ptm/bx/it/10 For each event the names-pace fil-ter is ap-plied, the
[3]
Underfull \hbox (badness 10000) in paragraph at lines 308--313
[]\TU/ptm/bx/it/10 The Helm chart binds the gRPC server

Underfull \hbox (badness 10000) in paragraph at lines 308--313
\TU/ptm/bx/it/10 to a unix socket by de-fault. Set-ting

Underfull \hbox (badness 10000) in paragraph at lines 308--313
\TU/lmtt/m/n/10 tetragon.grpc.address=0.0.0.0:54321 \TU/ptm/bx/it/10 and

Underfull \hbox (badness 2875) in paragraph at lines 308--313
\TU/ptm/bx/it/10 ex-pos-ing a \TU/lmtt/m/n/10 ClusterIP \TU/ptm/bx/it/10 Ser-vi
ce on that port is

Overfull \hbox (66.86806pt too wide) in paragraph at lines 379--390
 [][] 

Overfull \hbox (84.43127pt too wide) in paragraph at lines 422--432
 [][] 
[4]) (./main_en.bbl
Underfull \hbox (badness 2285) in paragraph at lines 39--41
[]\TU/lmr/m/n/8 Google, ``syzkaller: An un-su-per-vised coverage-guided ker-nel

[5]) [6] (./main_en.aux)

LaTeX Font Warning: Some font shapes were not available, defaults substituted.

)
(see the transcript file for additional information)
 542 words of node memory still in use:
   6 hlist, 2 vlist, 2 rule, 3 glue, 4 kern, 1 glyph, 10 attribute, 59 glue_spe
c, 10 attribute_list, 1 write nodes
   avail lists: 1:2,2:1096,3:418,4:57,5:910,6:94,7:16855,8:58,9:838,10:22,11:12
75
</usr/local/texlive/2026/texmf-dist/fonts/opentype/public/lm/lmroman8-bold.otf>
</usr/local/texlive/2026/texmf-dist/fonts/opentype/public/lm/lmroman5-regular.o
tf></usr/local/texlive/2026/texmf-dist/fonts/opentype/public/lm/lmmono8-regular
.otf></usr/local/texlive/2026/texmf-dist/fonts/opentype/public/lm/lmroman7-bold
.otf></usr/local/texlive/2026/texmf-dist/fonts/opentype/public/lm/lmmono10-regu
lar.otf></usr/local/texlive/2026/texmf-dist/fonts/opentype/public/lm/lmroman10-
bold.otf></usr/local/texlive/2026/texmf-dist/fonts/opentype/public/lm/lmroman8-
italic.otf></usr/local/texlive/2026/texmf-dist/fonts/opentype/public/lm/lmroman
8-regular.otf></usr/local/texlive/2026/texmf-dist/fonts/opentype/public/lm/lmro
man10-italic.otf></usr/local/texlive/2026/texmf-dist/fonts/opentype/public/lm/l
mroman10-regular.otf></usr/local/texlive/2026/texmf-dist/fonts/opentype/public/
lm/lmromancaps10-regular.otf></usr/local/texlive/2026/texmf-dist/fonts/opentype
/public/lm/lmroman9-bold.otf></usr/local/texlive/2026/texmf-dist/fonts/opentype
/public/lm/lmroman10-bolditalic.otf></usr/local/texlive/2026/texmf-dist/fonts/o
pentype/public/lm/lmroman12-regular.otf></usr/local/texlive/2026/texmf-dist/fon
ts/opentype/public/lm/lmroman17-regular.otf></usr/local/texlive/2026/texmf-dist
/fonts/opentype/public/lm/lmroman7-regular.otf></usr/local/texlive/2026/texmf-d
ist/fonts/type1/public/amsfonts/cm/cmex10.pfb></usr/local/texlive/2026/texmf-di
st/fonts/type1/public/amsfonts/cm/cmmi10.pfb></usr/local/texlive/2026/texmf-dis
t/fonts/type1/public/amsfonts/cm/cmmi6.pfb></usr/local/texlive/2026/texmf-dist/
fonts/type1/public/amsfonts/cm/cmmi7.pfb></usr/local/texlive/2026/texmf-dist/fo
nts/type1/public/amsfonts/cm/cmmi8.pfb></usr/local/texlive/2026/texmf-dist/font
s/type1/public/amsfonts/cm/cmmi9.pfb></usr/local/texlive/2026/texmf-dist/fonts/
type1/public/amsfonts/cm/cmr10.pfb></usr/local/texlive/2026/texmf-dist/fonts/ty
pe1/public/amsfonts/cm/cmr5.pfb></usr/local/texlive/2026/texmf-dist/fonts/type1
/public/amsfonts/cm/cmr6.pfb></usr/local/texlive/2026/texmf-dist/fonts/type1/pu
blic/amsfonts/cm/cmr7.pfb></usr/local/texlive/2026/texmf-dist/fonts/type1/publi
c/amsfonts/cm/cmr8.pfb></usr/local/texlive/2026/texmf-dist/fonts/type1/public/a
msfonts/cm/cmr9.pfb></usr/local/texlive/2026/texmf-dist/fonts/type1/public/amsf
onts/cm/cmsy10.pfb></usr/local/texlive/2026/texmf-dist/fonts/type1/public/amsfo
nts/cm/cmsy5.pfb></usr/local/texlive/2026/texmf-dist/fonts/type1/public/amsfont
s/cm/cmsy6.pfb></usr/local/texlive/2026/texmf-dist/fonts/type1/public/amsfonts/
cm/cmsy7.pfb></usr/local/texlive/2026/texmf-dist/fonts/type1/public/amsfonts/cm
/cmsy9.pfb>
Output written on main_en.pdf (6 pages, 260014 bytes).
Transcript written on main_en.log.
This is LuaHBTeX, Version 1.24.0 (TeX Live 2026) 
 restricted system commands enabled.
(./main_en.tex
LaTeX2e <2025-11-01>
L3 programming layer <2026-04-28>
 (/usr/local/texlive/2026/texmf-dist/tex/latex/ieeetran/IEEEtran.cls
Document Class: IEEEtran 2015/08/26 V1.8b by Michael Shell
-- See the "IEEEtran_HOWTO" manual for usage information.
-- http://www.michaelshell.org/tex/ieeetran/

LaTeX Font Warning: Font shape `TU/ptm/m/n' undefined
(Font)              using `TU/lmr/m/n' instead on input line 503.


-- Using 8.5in x 11in (letter) paper.
-- Using DVI output.
-- This is a 10 point document.

LaTeX Font Warning: Font shape `TU/ptm/bx/n' undefined
(Font)              using `TU/ptm/m/n' instead on input line 1090.


LaTeX Font Warning: Font shape `TU/ptm/m/it' undefined
(Font)              using `TU/ptm/m/n' instead on input line 1090.


LaTeX Font Warning: Font shape `TU/ptm/bx/it' undefined
(Font)              using `TU/ptm/bx/n' instead on input line 1090.

) (/usr/local/texlive/2026/texmf-dist/tex/latex/fontspec/fontspec.sty
(/usr/local/texlive/2026/texmf-dist/tex/latex/l3packages/xparse/xparse.sty
(/usr/local/texlive/2026/texmf-dist/tex/latex/l3kernel/expl3.sty
(/usr/local/texlive/2026/texmf-dist/tex/latex/l3backend/l3backend-luatex.def)))
 (/usr/local/texlive/2026/texmf-dist/tex/latex/fontspec/fontspec-luatex.sty
(/usr/local/texlive/2026/texmf-dist/tex/latex/base/fontenc.sty)
(/usr/local/texlive/2026/texmf-dist/tex/latex/fontspec/fontspec.cfg)))
(/usr/local/texlive/2026/texmf-dist/tex/latex/amsmath/amsmath.sty
For additional information on amsmath, use the `?' option.
(/usr/local/texlive/2026/texmf-dist/tex/latex/amsmath/amstext.sty
(/usr/local/texlive/2026/texmf-dist/tex/latex/amsmath/amsgen.sty))
(/usr/local/texlive/2026/texmf-dist/tex/latex/amsmath/amsbsy.sty)
(/usr/local/texlive/2026/texmf-dist/tex/latex/amsmath/amsopn.sty))
(/usr/local/texlive/2026/texmf-dist/tex/latex/amsfonts/amssymb.sty
(/usr/local/texlive/2026/texmf-dist/tex/latex/amsfonts/amsfonts.sty))
(/usr/local/texlive/2026/texmf-dist/tex/latex/mathtools/mathtools.sty
(/usr/local/texlive/2026/texmf-dist/tex/latex/graphics/keyval.sty)
(/usr/local/texlive/2026/texmf-dist/tex/latex/tools/calc.sty)
(/usr/local/texlive/2026/texmf-dist/tex/latex/mathtools/mhsetup.sty))
(/usr/local/texlive/2026/texmf-dist/tex/latex/booktabs/booktabs.sty)
(/usr/local/texlive/2026/texmf-dist/tex/latex/multirow/multirow.sty)
(/usr/local/texlive/2026/texmf-dist/tex/latex/tools/array.sty)
(/usr/local/texlive/2026/texmf-dist/tex/latex/tools/tabularx.sty)
(/usr/local/texlive/2026/texmf-dist/tex/latex/placeins/placeins.sty)
(/usr/local/texlive/2026/texmf-dist/tex/latex/graphics/graphicx.sty
(/usr/local/texlive/2026/texmf-dist/tex/latex/graphics/graphics.sty
(/usr/local/texlive/2026/texmf-dist/tex/latex/graphics/trig.sty)
(/usr/local/texlive/2026/texmf-dist/tex/latex/graphics-cfg/graphics.cfg)
(/usr/local/texlive/2026/texmf-dist/tex/latex/graphics-def/luatex.def)))
(/usr/local/texlive/2026/texmf-dist/tex/latex/listings/listings.sty
(/usr/local/texlive/2026/texmf-dist/tex/latex/listings/lstpatch.sty)
(/usr/local/texlive/2026/texmf-dist/tex/latex/listings/lstmisc.sty)
(/usr/local/texlive/2026/texmf-dist/tex/latex/listings/listings.cfg))
==> First Aid for listings.sty no longer applied!
    Expected:
        2024/09/23 1.10c (Carsten Heinz)
    but found:
        2025/11/14 1.11b (Carsten Heinz)
    so I'm assuming it got fixed.
(/usr/local/texlive/2026/texmf-dist/tex/latex/xcolor/xcolor.sty
(/usr/local/texlive/2026/texmf-dist/tex/latex/graphics-cfg/color.cfg)
(/usr/local/texlive/2026/texmf-dist/tex/latex/graphics/mathcolor.ltx))
(/usr/local/texlive/2026/texmf-dist/tex/latex/url/url.sty)
(/usr/local/texlive/2026/texmf-dist/tex/latex/hyperref/hyperref.sty
(/usr/local/texlive/2026/texmf-dist/tex/generic/iftex/iftex.sty)
(/usr/local/texlive/2026/texmf-dist/tex/latex/kvsetkeys/kvsetkeys.sty)
(/usr/local/texlive/2026/texmf-dist/tex/generic/kvdefinekeys/kvdefinekeys.sty)
(/usr/local/texlive/2026/texmf-dist/tex/generic/pdfescape/pdfescape.sty
(/usr/local/texlive/2026/texmf-dist/tex/generic/ltxcmds/ltxcmds.sty)
(/usr/local/texlive/2026/texmf-dist/tex/generic/pdftexcmds/pdftexcmds.sty
(/usr/local/texlive/2026/texmf-dist/tex/generic/infwarerr/infwarerr.sty)))
(/usr/local/texlive/2026/texmf-dist/tex/latex/hycolor/hycolor.sty)
(/usr/local/texlive/2026/texmf-dist/tex/latex/hyperref/nameref.sty
(/usr/local/texlive/2026/texmf-dist/tex/latex/refcount/refcount.sty)
(/usr/local/texlive/2026/texmf-dist/tex/generic/gettitlestring/gettitlestring.s
ty (/usr/local/texlive/2026/texmf-dist/tex/latex/kvoptions/kvoptions.sty)))
(/usr/local/texlive/2026/texmf-dist/tex/latex/etoolbox/etoolbox.sty)
(/usr/local/texlive/2026/texmf-dist/tex/generic/stringenc/stringenc.sty)
(/usr/local/texlive/2026/texmf-dist/tex/latex/hyperref/pd1enc.def)
(/usr/local/texlive/2026/texmf-dist/tex/generic/intcalc/intcalc.sty)
(/usr/local/texlive/2026/texmf-dist/tex/latex/hyperref/puenc.def)
(/usr/local/texlive/2026/texmf-dist/tex/generic/bitset/bitset.sty
(/usr/local/texlive/2026/texmf-dist/tex/generic/bigintcalc/bigintcalc.sty)))
(/usr/local/texlive/2026/texmf-dist/tex/latex/hyperref/hluatex.def
(/usr/local/texlive/2026/texmf-dist/tex/latex/rerunfilecheck/rerunfilecheck.sty

(/usr/local/texlive/2026/texmf-dist/tex/generic/uniquecounter/uniquecounter.sty
))) (/usr/local/texlive/2026/texmf-dist/tex/latex/cite/cite.sty) (./main_en.aux
)
-- Lines per column: 58 (exact).
(/usr/local/texlive/2026/texmf-dist/tex/context/base/mkii/supp-pdf.mkii
[Loading MPS to PDF converter (version 2006.09.02).]
) (/usr/local/texlive/2026/texmf-dist/tex/latex/epstopdf-pkg/epstopdf-base.sty
(/usr/local/texlive/2026/texmf-dist/tex/latex/latexconfig/epstopdf-sys.cfg))
(./main_en.out) (./main_en.out)
Underfull \hbox (badness 3219) in paragraph at lines 37--37
[][][]\TU/lmr/m/n/8 Re-pro-duc-tion of: S. Zehra et al., ``DeS-FAM: An Adap-tiv
e
(/usr/local/texlive/2026/texmf-dist/tex/latex/amsfonts/umsa.fd)
(/usr/local/texlive/2026/texmf-dist/tex/latex/amsfonts/umsb.fd)
Underfull \hbox (badness 2042) in paragraph at lines 38--61
[]\TU/lmr/bx/it/9 Ab-stract\TU/lmr/bx/n/9 ---We present an in-de-pen-dent re-pr
o-duc-
(./experience_en.tex [1
Non-PDF special ignored!{/usr/local/texlive/2026/texmf-var/fonts/map/pdftex/upd
map/pdftex.map}]
Underfull \hbox (badness 10000) in paragraph at lines 75--81
[]\TU/ptm/bx/it/10 Tetragon at-taches eBPF kprobes to syscall

Underfull \hbox (badness 4291) in paragraph at lines 75--81
\TU/ptm/bx/it/10 en-try points and ex-poses a stream-ing gRPC API

Underfull \hbox (badness 2384) in paragraph at lines 75--81
\TU/ptm/bx/it/10 the pro-cess and pod iden-tity, the syscall iden-ti-fier,

Underfull \hbox (badness 10000) in paragraph at lines 146--146
[]|\TU/lmr/m/n/7 Enc/Dec $\OT1/cmr/m/n/7 174[]128[]64[]24[]64[]128[]174$\TU/lmr
/m/n/7 , SELU,

Underfull \hbox (badness 2644) in paragraph at lines 146--146
[]|\TU/lmr/m/n/7 300 es-ti-ma-tors; \TU/lmtt/m/n/7 contamination='auto'\TU/lmr/
m/n/7 ; \TU/lmtt/m/n/7 random_state=42\TU/lmr/m/n/7 ;

Underfull \hbox (badness 10000) in paragraph at lines 146--146
[]|\TU/lmr/m/n/7 LSTM (DongT-ing+Con-

Underfull \hbox (badness 1389) in paragraph at lines 168--181
\TU/ptm/bx/it/10 pkexec) ex-ploit, a $\OT1/cmr/m/n/10 60$\TU/ptm/bx/it/10 -iter
ation CVE-2022-0847 (Dirty

Underfull \hbox (badness 3000) in paragraph at lines 205--211
\TU/ptm/bx/it/10 CVE ex-ploits, ex-fil-tra-tion, re-verse shell) are scored
[2]
Overfull \hbox (63.27832pt too wide) in paragraph at lines 259--270
 [][] 

Underfull \hbox (badness 5231) in paragraph at lines 281--291
\TU/ptm/bx/it/10 events through Tetragon’s gRPC ser-vice in-cluster.

Underfull \hbox (badness 1708) in paragraph at lines 281--291
\TU/ptm/bx/it/10 For each event the names-pace fil-ter is ap-plied, the
[3]
Underfull \hbox (badness 10000) in paragraph at lines 308--313
[]\TU/ptm/bx/it/10 The Helm chart binds the gRPC server

Underfull \hbox (badness 10000) in paragraph at lines 308--313
\TU/ptm/bx/it/10 to a unix socket by de-fault. Set-ting

Underfull \hbox (badness 10000) in paragraph at lines 308--313
\TU/lmtt/m/n/10 tetragon.grpc.address=0.0.0.0:54321 \TU/ptm/bx/it/10 and

Underfull \hbox (badness 2875) in paragraph at lines 308--313
\TU/ptm/bx/it/10 ex-pos-ing a \TU/lmtt/m/n/10 ClusterIP \TU/ptm/bx/it/10 Ser-vi
ce on that port is

Overfull \hbox (66.86806pt too wide) in paragraph at lines 379--390
 [][] 

Overfull \hbox (84.43127pt too wide) in paragraph at lines 422--432
 [][] 
[4]) (./main_en.bbl
Underfull \hbox (badness 2285) in paragraph at lines 39--41
[]\TU/lmr/m/n/8 Google, ``syzkaller: An un-su-per-vised coverage-guided ker-nel

[5]) [6] (./main_en.aux)

LaTeX Font Warning: Some font shapes were not available, defaults substituted.

)
(see the transcript file for additional information)
 542 words of node memory still in use:
   6 hlist, 2 vlist, 2 rule, 3 glue, 4 kern, 1 glyph, 10 attribute, 59 glue_spe
c, 10 attribute_list, 1 write nodes
   avail lists: 1:2,2:1096,3:418,4:57,5:910,6:94,7:16855,8:58,9:838,10:22,11:12
75
</usr/local/texlive/2026/texmf-dist/fonts/opentype/public/lm/lmroman8-bold.otf>
</usr/local/texlive/2026/texmf-dist/fonts/opentype/public/lm/lmroman5-regular.o
tf></usr/local/texlive/2026/texmf-dist/fonts/opentype/public/lm/lmmono8-regular
.otf></usr/local/texlive/2026/texmf-dist/fonts/opentype/public/lm/lmroman7-bold
.otf></usr/local/texlive/2026/texmf-dist/fonts/opentype/public/lm/lmmono10-regu
lar.otf></usr/local/texlive/2026/texmf-dist/fonts/opentype/public/lm/lmroman10-
bold.otf></usr/local/texlive/2026/texmf-dist/fonts/opentype/public/lm/lmroman8-
italic.otf></usr/local/texlive/2026/texmf-dist/fonts/opentype/public/lm/lmroman
8-regular.otf></usr/local/texlive/2026/texmf-dist/fonts/opentype/public/lm/lmro
man10-italic.otf></usr/local/texlive/2026/texmf-dist/fonts/opentype/public/lm/l
mroman10-regular.otf></usr/local/texlive/2026/texmf-dist/fonts/opentype/public/
lm/lmromancaps10-regular.otf></usr/local/texlive/2026/texmf-dist/fonts/opentype
/public/lm/lmroman9-bold.otf></usr/local/texlive/2026/texmf-dist/fonts/opentype
/public/lm/lmroman10-bolditalic.otf></usr/local/texlive/2026/texmf-dist/fonts/o
pentype/public/lm/lmroman12-regular.otf></usr/local/texlive/2026/texmf-dist/fon
ts/opentype/public/lm/lmroman17-regular.otf></usr/local/texlive/2026/texmf-dist
/fonts/opentype/public/lm/lmroman7-regular.otf></usr/local/texlive/2026/texmf-d
ist/fonts/type1/public/amsfonts/cm/cmex10.pfb></usr/local/texlive/2026/texmf-di
st/fonts/type1/public/amsfonts/cm/cmmi10.pfb></usr/local/texlive/2026/texmf-dis
t/fonts/type1/public/amsfonts/cm/cmmi6.pfb></usr/local/texlive/2026/texmf-dist/
fonts/type1/public/amsfonts/cm/cmmi7.pfb></usr/local/texlive/2026/texmf-dist/fo
nts/type1/public/amsfonts/cm/cmmi8.pfb></usr/local/texlive/2026/texmf-dist/font
s/type1/public/amsfonts/cm/cmmi9.pfb></usr/local/texlive/2026/texmf-dist/fonts/
type1/public/amsfonts/cm/cmr10.pfb></usr/local/texlive/2026/texmf-dist/fonts/ty
pe1/public/amsfonts/cm/cmr5.pfb></usr/local/texlive/2026/texmf-dist/fonts/type1
/public/amsfonts/cm/cmr6.pfb></usr/local/texlive/2026/texmf-dist/fonts/type1/pu
blic/amsfonts/cm/cmr7.pfb></usr/local/texlive/2026/texmf-dist/fonts/type1/publi
c/amsfonts/cm/cmr8.pfb></usr/local/texlive/2026/texmf-dist/fonts/type1/public/a
msfonts/cm/cmr9.pfb></usr/local/texlive/2026/texmf-dist/fonts/type1/public/amsf
onts/cm/cmsy10.pfb></usr/local/texlive/2026/texmf-dist/fonts/type1/public/amsfo
nts/cm/cmsy5.pfb></usr/local/texlive/2026/texmf-dist/fonts/type1/public/amsfont
s/cm/cmsy6.pfb></usr/local/texlive/2026/texmf-dist/fonts/type1/public/amsfonts/
cm/cmsy7.pfb></usr/local/texlive/2026/texmf-dist/fonts/type1/public/amsfonts/cm
/cmsy9.pfb>
Output written on main_en.pdf (6 pages, 260014 bytes).
Transcript written on main_en.log.
