\BOOKMARK [1][-]{section.1}{\376\377\000G\000i\036\333\000i\000\040\000t\000h\000i\036\307\000u}{}% 1
\BOOKMARK [1][-]{section.2}{\376\377\000K\000i\036\277\000n\000\040\000t\000h\036\351\000c\000\040\000n\036\301\000n\000\040\000t\036\243\000n\000g}{}% 2
\BOOKMARK [2][-]{subsection.2.1}{\376\377\000B\036\243\000o\000\040\000m\036\255\000t\000\040\000l\036\335\000i\000\040\000g\036\315\000i\000\040\000h\036\307\000\040\000t\000h\036\321\000n\000g\000\040\000t\000r\000o\000n\000g\000\040\000m\000\364\000i\000\040\000t\000r\001\260\036\335\000n\000g\000\040\000c\000h\000i\000a\000\040\000s\036\273\000\040\000n\000h\000\342\000n}{section.2}% 3
\BOOKMARK [2][-]{subsection.2.2}{\376\377\000C\000\341\000c\000\040\000l\000o\036\241\000i\000\040\000m\036\321\000i\000\040\001\021\000e\000\040\000d\036\315\000a\000\040\000d\036\361\000a\000\040\000t\000r\000\352\000n\000\040\000l\036\335\000i\000\040\000g\036\315\000i\000\040\000h\036\307\000\040\000t\000h\036\321\000n\000g}{section.2}% 4
\BOOKMARK [2][-]{subsection.2.3}{\376\377\000H\036\241\000n\000\040\000c\000h\036\277\000\040\000c\036\347\000a\000\040\000c\000\341\000c\000\040\000p\000h\001\260\001\241\000n\000g\000\040\000p\000h\000\341\000p\000\040\000g\000i\036\243\000m\000\040\000t\000h\000i\036\303\000u\000\040\000t\000r\000u\000y\036\301\000n\000\040\000t\000h\036\321\000n\000g}{section.2}% 5
\BOOKMARK [2][-]{subsection.2.4}{\376\377\000T\000i\036\301\000m\000\040\000n\001\003\000n\000g\000\040\000c\036\347\000a\000\040\000e\000B\000P\000F\000\040\000t\000r\000o\000n\000g\000\040\000g\000i\000\341\000m\000\040\000s\000\341\000t\000\040\000l\036\335\000i\000\040\000g\036\315\000i\000\040\000h\036\307\000\040\000t\000h\036\321\000n\000g}{section.2}% 6
\BOOKMARK [2][-]{subsection.2.5}{\376\377\000P\000h\000\341\000t\000\040\000h\000i\036\307\000n\000\040\000b\036\245\000t\000\040\000t\000h\001\260\036\335\000n\000g\000\040\000d\036\361\000a\000\040\000t\000r\000\352\000n\000\040\000c\000h\000u\036\327\000i\000\040\000l\036\335\000i\000\040\000g\036\315\000i\000\040\000h\036\307\000\040\000t\000h\036\321\000n\000g}{section.2}% 7
\BOOKMARK [2][-]{subsection.2.6}{\376\377\000H\001\260\036\333\000n\000g\000\040\000t\036\333\000i\000\040\000b\036\243\000o\000\040\000m\036\255\000t\000\040\000l\036\335\000i\000\040\000g\036\315\000i\000\040\000h\036\307\000\040\000t\000h\036\321\000n\000g\000\040\000t\000h\000\355\000c\000h\000\040\000n\000g\000h\000i\000\040\000v\000\340\000\040\000c\000\363\000\040\000t\000h\036\303\000\040\000m\036\337\000\040\000r\036\331\000n\000g}{section.2}% 8
\BOOKMARK [1][-]{section.3}{\376\377\000C\000\341\000c\000\040\000C\000\364\000n\000g\000\040\000T\000r\000\354\000n\000h\000\040\000L\000i\000\352\000n\000\040\000Q\000u\000a\000n}{}% 9
\BOOKMARK [2][-]{subsection.3.1}{\376\377\000C\000\341\000c\000\040\000P\000h\001\260\001\241\000n\000g\000\040\000P\000h\000\341\000p\000\040\000L\036\315\000c\000\040\000L\036\335\000i\000\040\000G\036\315\000i\000\040\000H\036\307\000\040\000T\000h\036\321\000n\000g}{section.3}% 10
\BOOKMARK [2][-]{subsection.3.2}{\376\377\000H\036\307\000\040\000T\000h\036\321\000n\000g\000\040\000P\000h\000\341\000t\000\040\000H\000i\036\307\000n\000\040\000X\000\342\000m\000\040\000N\000h\036\255\000p\000\040\000D\036\361\000a\000\040\000T\000r\000\352\000n\000\040\000B\036\245\000t\000\040\000T\000h\001\260\036\335\000n\000g}{section.3}% 11
\BOOKMARK [2][-]{subsection.3.3}{\376\377\000C\000\341\000c\000\040\000P\000h\001\260\001\241\000n\000g\000\040\000P\000h\000\341\000p\000\040\000P\000h\000\341\000t\000\040\000H\000i\036\307\000n\000\040\000D\036\361\000a\000\040\000T\000r\000\352\000n\000\040\000X\000u\036\245\000t\000\040\000X\036\351}{section.3}% 12
\BOOKMARK [2][-]{subsection.3.4}{\376\377\000C\000\341\000c\000\040\000C\036\243\000i\000\040\000T\000i\036\277\000n\000\040\000B\036\243\000o\000\040\000M\036\255\000t\000\040\000C\036\245\000p\000\040\000K\000e\000r\000n\000e\000l}{section.3}% 13
\BOOKMARK [2][-]{subsection.3.5}{\376\377\000C\000\341\000c\000\040\000H\036\241\000n\000\040\000C\000h\036\277\000\040\000C\000h\000u\000n\000g\000\040\000C\036\347\000a\000\040\000C\000\341\000c\000\040\000P\000h\001\260\001\241\000n\000g\000\040\000P\000h\000\341\000p\000\040\000H\000i\036\307\000n\000\040\000T\036\241\000i}{section.3}% 14
\BOOKMARK [2][-]{subsection.3.6}{\376\377\000D\000e\000S\000F\000A\000M\000:\000\040\000T\000h\000\372\000c\000\040\001\020\036\251\000y\000\040\000T\000r\000\354\000n\000h\000\040\001\020\036\331\000\040\000H\000i\036\307\000n\000\040\000T\036\241\000i}{section.3}% 15
\BOOKMARK [1][-]{section.4}{\376\377\000D\000e\000S\000F\000A\000M\000:\000\040\000L\036\315\000c\000\040\000S\000y\000s\000c\000a\000l\000l\000\040\001\020\036\331\000n\000g\000\040\000D\036\361\000a\000\040\000t\000r\000\352\000n\000\040\000e\000B\000P\000F\000\040\000v\000\340\000\040\000G\000i\036\243\000m\000\040\000T\000h\000i\036\303\000u\000\040\000B\036\245\000t\000\040\000T\000h\001\260\036\335\000n\000g}{}% 16
\BOOKMARK [2][-]{subsection.4.1}{\376\377\000T\036\325\000n\000g\000\040\000Q\000u\000a\000n}{section.4}% 17
\BOOKMARK [2][-]{subsection.4.2}{\376\377\000C\000\341\000c\000\040\000C\000\342\000n\000\040\000N\000h\036\257\000c\000\040\000T\000h\000i\036\277\000t\000\040\000K\036\277}{section.4}% 18
\BOOKMARK [2][-]{subsection.4.3}{\376\377\000G\000i\000a\000i\000\040\001\020\000o\036\241\000n\000\040\0001\000:\000\040\000L\036\255\000p\000\040\000D\000a\000n\000h\000\040\000S\000\341\000c\000h\000\040\000T\000r\000u\000y\000\040\000C\036\255\000p\000\040\000S\000y\000s\000c\000a\000l\000l\000\040\000K\036\277\000t\000\040\000H\036\343\000p\000\040\000v\000\340\000\040\000T\036\241\000o\000\040\000H\036\323\000\040\000S\001\241\000\040\000S\000e\000c\000c\000o\000m\000p}{section.4}% 19
\BOOKMARK [3][-]{subsubsection.4.3.1}{\376\377\000P\000h\000\342\000n\000\040\000T\000\355\000c\000h\000\040\000T\001\051\000n\000h}{subsection.4.3}% 20
\BOOKMARK [3][-]{subsubsection.4.3.2}{\376\377\000L\036\255\000p\000\040\000H\036\323\000\040\000S\001\241\000\040\001\020\036\331\000n\000g\000:\000\040\000N\036\257\000m\000\040\000B\036\257\000t\000\040\000H\000\340\000n\000h\000\040\000V\000i\000\040\000T\000h\036\335\000i\000\040\000G\000i\000a\000n\000\040\000T\000h\036\361\000c}{subsection.4.3}% 21
\BOOKMARK [3][-]{subsubsection.4.3.3}{\376\377\000T\000h\000\364\000n\000g\000\040\000T\000i\000n\000\040\000T\000\354\000n\000h\000\040\000B\000\341\000o\000\040\000M\036\321\000i\000\040\001\020\000e\000\040\000D\036\315\000a\000:\000\040\000L\036\315\000c\000\040\000S\000y\000s\000c\000a\000l\000l\000\040\000D\036\361\000a\000\040\000t\000r\000\352\000n\000\040\000C\000V\000E}{subsection.4.3}% 22
\BOOKMARK [3][-]{subsubsection.4.3.4}{\376\377\000T\036\325\000n\000g\000\040\000H\036\343\000p\000\040\000D\000a\000n\000h\000\040\000S\000\341\000c\000h\000\040\000T\000r\000u\000y\000\040\000C\036\255\000p\000\040\000C\000u\036\321\000i\000\040\000C\000\371\000n\000g\000\040\000v\000\340\000\040\000T\036\241\000o\000\040\000C\000h\000\355\000n\000h\000\040\000S\000\341\000c\000h}{subsection.4.3}% 23
\BOOKMARK [3][-]{subsubsection.4.3.5}{\376\377\000T\036\243\000i\000\040\000C\000h\000\355\000n\000h\000\040\000S\000\341\000c\000h\000\040\000D\000\340\000n\000h\000\040\000R\000i\000\352\000n\000g\000\040\000c\000h\000o\000\040\000C\000o\000n\000t\000a\000i\000n\000e\000r}{subsection.4.3}% 24
\BOOKMARK [2][-]{subsection.4.4}{\376\377\000G\000i\000a\000i\000\040\001\020\000o\036\241\000n\000\040\0002\000:\000\040\000G\000i\000\341\000m\000\040\000S\000\341\000t\000\040\000T\000h\036\335\000i\000\040\000G\000i\000a\000n\000\040\000T\000h\036\361\000c\000\040\000v\000\340\000\040\000P\000h\000\341\000t\000\040\000H\000i\036\307\000n\000\040\000B\036\245\000t\000\040\000T\000h\001\260\036\335\000n\000g\000\040\000S\000y\000s\000c\000a\000l\000l\000\040\000\050\000S\000y\000s\000c\000a\000l\000l\000A\000D\000\051}{section.4}% 25
\BOOKMARK [3][-]{subsubsection.4.4.1}{\376\377\000B\036\331\000\040\000D\036\357\000\040\000L\000i\036\307\000u\000\040\000D\000o\000n\000g\000T\000i\000n\000g\000:\000\040\001\020\001\260\036\335\000n\000g\000\040\000C\001\241\000\040\000S\036\337\000\040\000H\000\340\000n\000h\000\040\000V\000i\000\040\000c\000h\000o\000\040\000P\000h\000\341\000t\000\040\000H\000i\036\307\000n}{subsection.4.4}% 26
\BOOKMARK [3][-]{subsubsection.4.4.2}{\376\377\000K\000h\000a\000i\000\040\000T\000h\000\341\000c\000\040\000M\036\253\000u\000\040\000P\000r\000e\000f\000i\000x\000S\000p\000a\000n\000:\000\040\000T\000r\000\355\000c\000h\000\040\000X\000u\036\245\000t\000\040\000C\000\341\000c\000\040\000T\000e\000m\000p\000l\000a\000t\000e\000\040\000S\000y\000s\000c\000a\000l\000l\000\040\001\020\000\341\000n\000g\000\040\000T\000i\000n\000\040\000C\036\255\000y}{subsection.4.4}% 27
\BOOKMARK [3][-]{subsubsection.4.4.3}{\376\377\000K\036\371\000\040\000T\000h\000u\036\255\000t\000\040\001\020\036\267\000c\000\040\000T\000r\001\260\000n\000g\000:\000\040\000C\036\245\000u\000\040\000T\000r\000\372\000c\000\040\000H\000\363\000a\000\040\000C\000h\000u\036\327\000i\000\040\000S\000y\000s\000c\000a\000l\000l\000\040\000c\000h\000o\000\040\000P\000h\000\341\000t\000\040\000H\000i\036\307\000n}{subsection.4.4}% 28
\BOOKMARK [3][-]{subsubsection.4.4.4}{\376\377\000S\000y\000s\000c\000a\000l\000l\000A\000D\000:\000\040\000E\000n\000g\000i\000n\000e\000\040\000H\036\315\000c\000\040\000S\000\342\000u\000\040\000K\036\277\000t\000\040\000H\036\343\000p\000\040\000v\000\340\000\040\000P\000h\000\341\000t\000\040\000H\000i\036\307\000n\000\040\000B\036\245\000t\000\040\000T\000h\001\260\036\335\000n\000g}{subsection.4.4}% 29
\BOOKMARK [3][-]{subsubsection.4.4.5}{\376\377\000G\000i\000\341\000m\000\040\000S\000\341\000t\000\040\000T\000h\036\335\000i\000\040\000G\000i\000a\000n\000\040\000T\000h\036\361\000c\000\040\000v\036\333\000i\000\040\000e\000B\000P\000F\000:\000\040\000T\000h\000u\000\040\000T\000h\036\255\000p\000\040\000S\000y\000s\000c\000a\000l\000l\000\040\000N\000h\036\255\000n\000\040\000B\000i\036\277\000t\000\040\000C\000o\000n\000t\000a\000i\000n\000e\000r\000\040\000C\000h\000i\000\040\000P\000h\000\355\000\040\000T\000h\036\245\000p}{subsection.4.4}% 30
\BOOKMARK [3][-]{subsubsection.4.4.6}{\376\377\000T\000\355\000c\000h\000\040\000H\036\343\000p\000\040\000D\000e\000v\000O\000p\000s\000:\000\040\000T\000i\000n\000h\000\040\000C\000h\036\311\000n\000h\000\040\000M\000\364\000\040\000H\000\354\000n\000h\000\040\000L\000i\000\352\000n\000\040\000T\036\345\000c}{subsection.4.4}% 31
\BOOKMARK [2][-]{subsection.4.5}{\376\377\000G\000i\000a\000i\000\040\001\020\000o\036\241\000n\000\040\0003\000:\000\040\000T\000h\036\361\000c\000\040\000T\000h\000i\000\040\000S\000y\000s\000c\000a\000l\000l\000\040\000T\000h\000\355\000c\000h\000\040\036\350\000n\000g\000\040\000v\000\340\000\040\000Q\000u\036\243\000n\000\040\000L\000\375\000\040\000C\000h\000\355\000n\000h\000\040\000S\000\341\000c\000h}{section.4}% 32
\BOOKMARK [3][-]{subsubsection.4.5.1}{\376\377\000C\001\241\000\040\000C\000h\036\277\000\040\000C\000h\036\245\000m\000\040\001\020\000i\036\303\000m\000\040\000R\036\347\000i\000\040\000R\000o}{subsection.4.5}% 33
\BOOKMARK [3][-]{subsubsection.4.5.2}{\376\377\000T\000h\036\361\000c\000\040\000T\000h\000i\000\040\000D\036\361\000a\000\040\000t\000r\000\352\000n\000\040\000e\000B\000P\000F}{subsection.4.5}% 34
\BOOKMARK [3][-]{subsubsection.4.5.3}{\376\377\000T\000r\001\260\036\335\000n\000g\000\040\000H\036\343\000p\000\040\000S\036\355\000\040\000D\036\345\000n\000g\000:\000\040\000N\036\327\000\040\000L\036\361\000c\000\040\000L\000e\000o\000\040\000T\000h\000a\000n\000g\000\040\001\020\036\267\000c\000\040\000Q\000u\000y\036\301\000n\000\040\000v\000\340\000\040\000P\000h\000\362\000n\000g\000\040\000T\000h\036\347\000\040\000C\000V\000E\000\040\000T\000h\036\361\000c\000\040\000T\036\277}{subsection.4.5}% 35
\BOOKMARK [1][-]{section.5}{\376\377\001\020\000\341\000n\000h\000\040\000G\000i\000\341\000\040\000T\000h\036\361\000c\000\040\000N\000g\000h\000i\036\307\000m\000\040\000v\000\340\000\040\000K\036\277\000t\000\040\000Q\000u\036\243}{}% 36
\BOOKMARK [2][-]{subsection.5.1}{\376\377\000T\000h\000i\036\277\000t\000\040\000L\036\255\000p\000\040\000T\000h\036\361\000c\000\040\000N\000g\000h\000i\036\307\000m}{section.5}% 37
\BOOKMARK [3][-]{subsubsection.5.1.1}{\376\377\000H\036\241\000\040\000T\036\247\000n\000g}{subsection.5.1}% 38
\BOOKMARK [3][-]{subsubsection.5.1.2}{\376\377\000K\000h\036\321\000i\000\040\000L\001\260\036\343\000n\000g\000\040\000C\000\364\000n\000g\000\040\000V\000i\036\307\000c\000\040\000C\000o\000n\000t\000a\000i\000n\000e\000r}{subsection.5.1}% 39
\BOOKMARK [3][-]{subsubsection.5.1.3}{\376\377\000S\000i\000n\000h\000\040\000K\000h\036\321\000i\000\040\000L\001\260\036\343\000n\000g\000\040\000C\000\364\000n\000g\000\040\000V\000i\036\307\000c}{subsection.5.1}% 40
\BOOKMARK [3][-]{subsubsection.5.1.4}{\376\377\000M\000\364\000\040\000P\000h\036\317\000n\000g\000\040\000T\036\245\000n\000\040\000C\000\364\000n\000g}{subsection.5.1}% 41
\BOOKMARK [3][-]{subsubsection.5.1.5}{\376\377\000S\000o\000\040\000S\000\341\000n\000h\000\040\000V\036\333\000i\000\040\000C\000\341\000c\000\040\000H\036\307\000\040\000T\000h\036\321\000n\000g\000\040\000C\001\241\000\040\000S\036\337}{subsection.5.1}% 42
\BOOKMARK [2][-]{subsection.5.2}{\376\377\000C\000\341\000c\000\040\000C\000h\036\311\000\040\000S\036\321\000\040\001\020\000\341\000n\000h\000\040\000G\000i\000\341}{section.5}% 43
\BOOKMARK [3][-]{subsubsection.5.2.1}{\376\377\000T\036\367\000\040\000L\036\307\000\040\000G\000i\036\243\000m\000\040\000T\000h\000i\036\303\000u\000\040\000S\000y\000s\000c\000a\000l\000l\000\040\000\050\000S\000R\000R\000\051}{subsection.5.2}% 44
\BOOKMARK [3][-]{subsubsection.5.2.2}{\376\377\000H\000i\036\307\000u\000\040\000N\001\003\000n\000g\000\040\000P\000h\000\341\000t\000\040\000H\000i\036\307\000n\000\040\000B\036\245\000t\000\040\000T\000h\001\260\036\335\000n\000g}{subsection.5.2}% 45
\BOOKMARK [3][-]{subsubsection.5.2.3}{\376\377\001\020\036\331\000\040\000T\000r\036\305\000\040\000P\000h\000\341\000t\000\040\000H\000i\036\307\000n\000\040\000T\036\245\000n\000\040\000C\000\364\000n\000g}{subsection.5.2}% 46
\BOOKMARK [3][-]{subsubsection.5.2.4}{\376\377\000C\000h\000i\000\040\000P\000h\000\355\000\040\000T\000h\036\361\000c\000\040\000T\000h\000i}{subsection.5.2}% 47
\BOOKMARK [3][-]{subsubsection.5.2.5}{\376\377\000C\000\341\000c\000\040\000C\000h\036\311\000\040\000S\036\321\000\040\000K\000h\036\243\000\040\000N\001\003\000n\000g\000\040\000T\000h\000\355\000c\000h\000\040\036\350\000n\000g\000\040\000v\000\340\000\040\000S\000o\000\040\000S\000\341\000n\000h}{subsection.5.2}% 48
\BOOKMARK [2][-]{subsection.5.3}{\376\377\000K\036\277\000t\000\040\000Q\000u\036\243\000\040\000S\000o\000\040\000S\000\341\000n\000h}{section.5}% 49
\BOOKMARK [3][-]{subsubsection.5.3.1}{\376\377\000S\000o\000\040\000S\000\341\000n\000h\000\040\000T\036\367\000\040\000L\036\307\000\040\000G\000i\036\243\000m\000\040\000T\000h\000i\036\303\000u\000\040\000S\000y\000s\000c\000a\000l\000l\000\040\000\050\000S\000R\000R\000\051}{subsection.5.3}% 50
\BOOKMARK [3][-]{subsubsection.5.3.2}{\376\377\000T\000\355\000n\000h\000\040\036\324\000n\000\040\001\020\036\313\000n\000h\000\040\000C\000h\036\351\000c\000\040\000N\001\003\000n\000g}{subsection.5.3}% 51
\BOOKMARK [3][-]{subsubsection.5.3.3}{\376\377\000N\000g\001\003\000n\000\040\000C\000h\036\267\000n\000\040\000T\036\245\000n\000\040\000C\000\364\000n\000g}{subsection.5.3}% 52
\BOOKMARK [3][-]{table.caption.21}{\376\377\000C\000\341\000c\000\040\000C\000h\036\311\000\040\000S\036\321\000\040\000S\000o\000\040\000S\000\341\000n\000h\000\040\000H\036\307\000\040\000T\000h\036\321\000n\000g\000\040\000C\001\241\000\040\000S\036\337}{subsection.5.3}% 53
\BOOKMARK [2][-]{subsection.5.4}{\376\377\000H\000i\036\307\000u\000\040\000N\001\003\000n\000g\000\040\000T\000h\036\335\000i\000\040\000G\000i\000a\000n\000\040\000C\000h\036\241\000y}{section.5}% 54
\BOOKMARK [3][-]{subsubsection.5.4.1}{\376\377\000C\000h\000i\000\040\000P\000h\000\355\000\040\000C\000P\000U\000\040\000v\000\340\000\040\000B\036\331\000\040\000N\000h\036\333}{subsection.5.4}% 55
\BOOKMARK [3][-]{subsubsection.5.4.2}{\376\377\001\020\036\331\000\040\000T\000r\036\305\000\040\000C\036\255\000p\000\040\000N\000h\036\255\000t\000\040\000C\000h\000\355\000n\000h\000\040\000S\000\341\000c\000h}{subsection.5.4}% 56
\BOOKMARK [3][-]{subsubsection.5.4.3}{\376\377\000C\000h\000i\000\040\000P\000h\000\355\000\040\001\020\036\331\000\040\000T\000r\036\305\000\040\000S\000y\000s\000c\000a\000l\000l}{subsection.5.4}% 57
\BOOKMARK [3][-]{subsubsection.5.4.4}{\376\377\000H\000i\036\307\000u\000\040\000N\001\003\000n\000g\000\040\000P\000h\000\341\000t\000\040\000H\000i\036\307\000n\000\040\000B\036\245\000t\000\040\000T\000h\001\260\036\335\000n\000g}{subsection.5.4}% 58
\BOOKMARK [3][-]{subsubsection.5.4.5}{\376\377\000S\000o\000\040\000S\000\341\000n\000h\000\040\000T\000\355\000n\000h\000\040\000N\001\003\000n\000g\000\040\000v\036\333\000i\000\040\000C\000\341\000c\000\040\000P\000h\001\260\001\241\000n\000g\000\040\000P\000h\000\341\000p\000\040\000H\000i\036\307\000n\000\040\000C\000\363}{subsection.5.4}% 59
\BOOKMARK [2][-]{subsection.5.5}{\376\377\000N\000g\000h\000i\000\352\000n\000\040\000C\036\351\000u\000\040\000L\000o\036\241\000i\000\040\000B\036\317\000:\000\040\001\020\000\363\000n\000g\000\040\000G\000\363\000p\000\040\000T\000h\000e\000o\000\040\000T\036\353\000n\000g\000\040\000G\000i\000a\000i\000\040\001\020\000o\036\241\000n}{section.5}% 60
\BOOKMARK [1][-]{section.6}{\376\377\000T\000h\036\243\000o\000\040\000L\000u\036\255\000n}{}% 61
\BOOKMARK [2][-]{subsection.6.1}{\376\377\001\257\000u\000\040\001\020\000i\036\303\000m\000\040\000C\036\347\000a\000\040\000P\000h\000\342\000n\000\040\000T\000\355\000c\000h\000\040\000L\000a\000i}{section.6}% 62
\BOOKMARK [2][-]{subsection.6.2}{\376\377\000G\000i\036\243\000m\000\040\000T\000h\000i\036\303\000u\000\040\000V\001\260\036\343\000t\000\040\000T\000r\036\331\000i\000\040\000M\000\340\000\040\000K\000h\000\364\000n\000g\000\040\000M\036\245\000t\000\040\000C\000h\036\351\000c\000\040\000N\001\003\000n\000g}{section.6}% 63
\BOOKMARK [2][-]{subsection.6.3}{\376\377\000T\000h\036\361\000c\000\040\000T\000h\000i\000\040\000T\000h\036\335\000i\000\040\000G\000i\000a\000n\000\040\000T\000h\036\361\000c\000\040\000H\000i\036\307\000u\000\040\000N\001\003\000n\000g\000\040\000C\000a\000o}{section.6}% 64
\BOOKMARK [2][-]{subsection.6.4}{\376\377\000P\000h\036\243\000n\000\040\036\350\000n\000g\000\040\000T\000h\000\355\000c\000h\000\040\000N\000g\000h\000i\000\040\000V\036\333\000i\000\040\000C\000\341\000c\000\040\000M\036\321\000i\000\040\001\020\000e\000\040\000D\036\315\000a}{section.6}% 65
\BOOKMARK [2][-]{subsection.6.5}{\376\377\000H\036\241\000n\000\040\000C\000h\036\277\000\040\000V\000\340\000\040\000H\001\260\036\333\000n\000g\000\040\000N\000g\000h\000i\000\352\000n\000\040\000C\036\351\000u\000\040\000T\001\260\001\241\000n\000g\000\040\000L\000a\000i}{section.6}% 66
\BOOKMARK [1][-]{section.7}{\376\377\000K\036\277\000t\000\040\000l\000u\036\255\000n}{}% 67
\BOOKMARK [1][-]{section*.36}{\376\377\000P\000h\036\345\000\040\000l\036\345\000c\000\040\000A\000:\000\040\000B\036\331\000\040\000P\000h\000\342\000n\000\040\000T\000\355\000c\000h\000\040\000C\000V\000E\000\040\000D\036\361\000a\000\040\000T\000r\000\352\000n\000\040\000Q\000u\000y\000\040\000T\036\257\000c\000\040\001\021\036\303\000\040\000T\000r\000\355\000c\000h\000\040\000X\000u\036\245\000t\000\040\000S\000y\000s\000c\000a\000l\000l}{}% 68
\BOOKMARK [2][-]{subsection.Appendix.A.1}{\376\377\000P\000h\036\241\000m\000\040\000V\000i\000\040\000v\000\340\000\040\000N\000g\000u\000y\000\352\000n\000\040\000T\036\257\000c\000\040\000T\000h\000i\036\277\000t\000\040\000K\036\277}{section*.36}% 69
\BOOKMARK [2][-]{subsection.Appendix.A.2}{\376\377\000X\000\342\000y\000\040\000D\036\361\000n\000g\000\040\000T\036\353\000\040\001\020\000i\036\303\000n\000\040\000S\000y\000s\000c\000a\000l\000l}{section*.36}% 70
\BOOKMARK [2][-]{subsection.Appendix.A.3}{\376\377\000Q\000u\000y\000\040\000T\036\257\000c\000\040\000T\000r\000\355\000c\000h\000\040\000X\000u\036\245\000t\000\040\000v\000\340\000\040\000L\036\315\000c}{section*.36}% 71
\BOOKMARK [2][-]{subsection.Appendix.A.4}{\376\377\000M\000\343\000\040\000G\000i\036\243\000\040\000T\000h\000u\036\255\000t\000\040\000T\000o\000\341\000n}{section*.36}% 72
\BOOKMARK [2][-]{subsection.Appendix.A.5}{\376\377\000V\000\355\000\040\000D\036\345\000\040\000L\036\315\000c\000\040\000T\000h\036\361\000c\000\040\000T\036\277}{section*.36}% 73
\BOOKMARK [1][-]{section*.40}{\376\377\000T\000\340\000i\000\040\000l\000i\036\307\000u}{}% 74
