This is XeTeX, Version 3.141592653-2.6-0.999998 (TeX Live 2026) (preloaded format=xelatex 2026.5.17)  21 MAY 2026 18:59
entering extended mode
 restricted \write18 enabled.
 %&-line parsing enabled.
**main_en.tex
(./main_en.tex
LaTeX2e <2025-11-01>
L3 programming layer <2026-04-28>
(/usr/local/texlive/2026/texmf-dist/tex/latex/ieeetran/IEEEtran.cls
Document Class: IEEEtran 2015/08/26 V1.8b by Michael Shell
-- See the "IEEEtran_HOWTO" manual for usage information.
-- http://www.michaelshell.org/tex/ieeetran/
\@IEEEtrantmpdimenA=\dimen150
\@IEEEtrantmpdimenB=\dimen151
\@IEEEtrantmpdimenC=\dimen152
\@IEEEtrantmpcountA=\count272
\@IEEEtrantmpcountB=\count273
\@IEEEtrantmpcountC=\count274
\@IEEEtrantmptoksA=\toks17
LaTeX Font Info:    Trying to load font information for TU+ptm on input line 50
3.
LaTeX Font Info:    No file TUptm.fd. on input line 503.

LaTeX Font Warning: Font shape `TU/ptm/m/n' undefined
(Font)              using `TU/lmr/m/n' instead on input line 503.

-- Using 8.5in x 11in (letter) paper.
-- Using DVI output.
\@IEEEnormalsizeunitybaselineskip=\dimen153
-- This is a 10 point document.
LaTeX Encoding Info:    Redeclaring text command \textunderscore (encoding ?) o
n input line 937.
\CLASSINFOnormalsizebaselineskip=\dimen154
\CLASSINFOnormalsizeunitybaselineskip=\dimen155
\IEEEnormaljot=\dimen156

LaTeX Font Warning: Font shape `TU/ptm/bx/n' undefined
(Font)              using `TU/ptm/m/n' instead on input line 1090.


LaTeX Font Warning: Font shape `TU/ptm/m/it' undefined
(Font)              using `TU/ptm/m/n' instead on input line 1090.


LaTeX Font Warning: Font shape `TU/ptm/bx/it' undefined
(Font)              using `TU/ptm/bx/n' instead on input line 1090.

\IEEEquantizedlength=\dimen157
\IEEEquantizedlengthdiff=\dimen158
\IEEEquantizedtextheightdiff=\dimen159
\IEEEilabelindentA=\dimen160
\IEEEilabelindentB=\dimen161
\IEEEilabelindent=\dimen162
\IEEEelabelindent=\dimen163
\IEEEdlabelindent=\dimen164
\IEEElabelindent=\dimen165
\IEEEiednormlabelsep=\dimen166
\IEEEiedmathlabelsep=\dimen167
\IEEEiedtopsep=\skip49
\c@section=\count275
\c@subsection=\count276
\c@subsubsection=\count277
\c@paragraph=\count278
\c@IEEEsubequation=\count279
\abovecaptionskip=\skip50
\belowcaptionskip=\skip51
\c@figure=\count280
\c@table=\count281
\@IEEEeqnnumcols=\count282
\@IEEEeqncolcnt=\count283
\@IEEEsubeqnnumrollback=\count284
\@IEEEquantizeheightA=\dimen168
\@IEEEquantizeheightB=\dimen169
\@IEEEquantizeheightC=\dimen170
\@IEEEquantizeprevdepth=\dimen171
\@IEEEquantizemultiple=\count285
\@IEEEquantizeboxA=\box53
\@IEEEtmpitemindent=\dimen172
\IEEEPARstartletwidth=\dimen173
\c@IEEEbiography=\count286
\@IEEEtranrubishbin=\box54
) (/usr/local/texlive/2026/texmf-dist/tex/latex/fontspec/fontspec.sty
(/usr/local/texlive/2026/texmf-dist/tex/latex/l3packages/xparse/xparse.sty
(/usr/local/texlive/2026/texmf-dist/tex/latex/l3kernel/expl3.sty
Package: expl3 2026-04-28 L3 programming layer (loader) 

(/usr/local/texlive/2026/texmf-dist/tex/latex/l3backend/l3backend-xetex.def
File: l3backend-xetex.def 2026-02-18 L3 backend support: XeTeX
\g__graphics_track_int=\count287
\g__pdfannot_backend_int=\count288
\g__pdfannot_backend_link_int=\count289
))
Package: xparse 2025-10-09 L3 Experimental document command parser
)
Package: fontspec 2025/09/29 v2.9g Font selection for XeLaTeX and LuaLaTeX

(/usr/local/texlive/2026/texmf-dist/tex/latex/fontspec/fontspec-xetex.sty
Package: fontspec-xetex 2025/09/29 v2.9g Font selection for XeLaTeX and LuaLaTe
X
\l__fontspec_script_int=\count290
\l__fontspec_language_int=\count291
\l__fontspec_strnum_int=\count292
\l__fontspec_tmp_int=\count293
\l__fontspec_tmpa_int=\count294
\l__fontspec_tmpb_int=\count295
\l__fontspec_tmpc_int=\count296
\l__fontspec_em_int=\count297
\l__fontspec_emdef_int=\count298
\l__fontspec_strong_int=\count299
\l__fontspec_strongdef_int=\count300
\l__fontspec_tmpa_dim=\dimen174
\l__fontspec_tmpb_dim=\dimen175
\l__fontspec_tmpc_dim=\dimen176

(/usr/local/texlive/2026/texmf-dist/tex/latex/base/fontenc.sty
Package: fontenc 2025/07/18 v2.1d Standard LaTeX package
)
(/usr/local/texlive/2026/texmf-dist/tex/latex/fontspec/fontspec.cfg)))
(/usr/local/texlive/2026/texmf-dist/tex/latex/amsmath/amsmath.sty
Package: amsmath 2025/07/09 v2.17z AMS math features
\@mathmargin=\skip52

For additional information on amsmath, use the `?' option.
(/usr/local/texlive/2026/texmf-dist/tex/latex/amsmath/amstext.sty
Package: amstext 2024/11/17 v2.01 AMS text

(/usr/local/texlive/2026/texmf-dist/tex/latex/amsmath/amsgen.sty
File: amsgen.sty 1999/11/30 v2.0 generic functions
\@emptytoks=\toks18
\ex@=\dimen177
))
(/usr/local/texlive/2026/texmf-dist/tex/latex/amsmath/amsbsy.sty
Package: amsbsy 1999/11/29 v1.2d Bold Symbols
\pmbraise@=\dimen178
)
(/usr/local/texlive/2026/texmf-dist/tex/latex/amsmath/amsopn.sty
Package: amsopn 2022/04/08 v2.04 operator names
)
\inf@bad=\count301
LaTeX Info: Redefining \frac on input line 233.
\uproot@=\count302
\leftroot@=\count303
LaTeX Info: Redefining \overline on input line 398.
LaTeX Info: Redefining \colon on input line 409.
\classnum@=\count304
\DOTSCASE@=\count305
LaTeX Info: Redefining \ldots on input line 495.
LaTeX Info: Redefining \dots on input line 498.
LaTeX Info: Redefining \cdots on input line 619.
\Mathstrutbox@=\box55
\strutbox@=\box56
LaTeX Info: Redefining \big on input line 721.
LaTeX Info: Redefining \Big on input line 722.
LaTeX Info: Redefining \bigg on input line 723.
LaTeX Info: Redefining \Bigg on input line 724.
\big@size=\dimen179
LaTeX Font Info:    Redeclaring font encoding OML on input line 742.
LaTeX Font Info:    Redeclaring font encoding OMS on input line 743.
\macc@depth=\count306
LaTeX Info: Redefining \bmod on input line 904.
LaTeX Info: Redefining \pmod on input line 909.
LaTeX Info: Redefining \smash on input line 939.
LaTeX Info: Redefining \relbar on input line 969.
LaTeX Info: Redefining \Relbar on input line 970.
\c@MaxMatrixCols=\count307
\dotsspace@=\muskip17
\c@parentequation=\count308
\dspbrk@lvl=\count309
\tag@help=\toks19
\row@=\count310
\column@=\count311
\maxfields@=\count312
\andhelp@=\toks20
\eqnshift@=\dimen180
\alignsep@=\dimen181
\tagshift@=\dimen182
\tagwidth@=\dimen183
\totwidth@=\dimen184
\lineht@=\dimen185
\@envbody=\toks21
\multlinegap=\skip53
\multlinetaggap=\skip54
\mathdisplay@stack=\toks22
LaTeX Info: Redefining \[ on input line 2950.
LaTeX Info: Redefining \] on input line 2951.
)
(/usr/local/texlive/2026/texmf-dist/tex/latex/amsfonts/amssymb.sty
Package: amssymb 2013/01/14 v3.01 AMS font symbols

(/usr/local/texlive/2026/texmf-dist/tex/latex/amsfonts/amsfonts.sty
Package: amsfonts 2013/01/14 v3.01 Basic AMSFonts support
\symAMSa=\mathgroup4
\symAMSb=\mathgroup5
LaTeX Font Info:    Redeclaring math symbol \hbar on input line 98.
LaTeX Font Info:    Overwriting math alphabet `\mathfrak' in version `bold'
(Font)                  U/euf/m/n --> U/euf/b/n on input line 106.
))
(/usr/local/texlive/2026/texmf-dist/tex/latex/mathtools/mathtools.sty
Package: mathtools 2024/10/04 v1.31 mathematical typesetting tools

(/usr/local/texlive/2026/texmf-dist/tex/latex/graphics/keyval.sty
Package: keyval 2022/05/29 v1.15 key=value parser (DPC)
\KV@toks@=\toks23
)
(/usr/local/texlive/2026/texmf-dist/tex/latex/tools/calc.sty
Package: calc 2025/03/01 v4.3b Infix arithmetic (KKT,FJ)
\calc@Acount=\count313
\calc@Bcount=\count314
\calc@Adimen=\dimen186
\calc@Bdimen=\dimen187
\calc@Askip=\skip55
\calc@Bskip=\skip56
LaTeX Info: Redefining \setlength on input line 86.
LaTeX Info: Redefining \addtolength on input line 87.
\calc@Ccount=\count315
\calc@Cskip=\skip57
)
(/usr/local/texlive/2026/texmf-dist/tex/latex/mathtools/mhsetup.sty
Package: mhsetup 2021/03/18 v1.4 programming setup (MH)
)
\g_MT_multlinerow_int=\count316
\l_MT_multwidth_dim=\dimen188
\origjot=\skip58
\l_MT_shortvdotswithinadjustabove_dim=\dimen189
\l_MT_shortvdotswithinadjustbelow_dim=\dimen190
\l_MT_above_intertext_sep=\dimen191
\l_MT_below_intertext_sep=\dimen192
\l_MT_above_shortintertext_sep=\dimen193
\l_MT_below_shortintertext_sep=\dimen194
\xmathstrut@box=\box57
\xmathstrut@dim=\dimen195
)
(/usr/local/texlive/2026/texmf-dist/tex/latex/algorithms/algorithm.sty
Invalid UTF-8 byte or sequence at line 11 replaced by U+FFFD.
Package: algorithm 2009/08/24 v0.1 Document Style `algorithm' - floating enviro
nment

(/usr/local/texlive/2026/texmf-dist/tex/latex/float/float.sty
Package: float 2001/11/08 v1.3d Float enhancements (AL)
\c@float@type=\count317
\float@exts=\toks24
\float@box=\box58
\@float@everytoks=\toks25
\@floatcapt=\box59
)
(/usr/local/texlive/2026/texmf-dist/tex/latex/base/ifthen.sty
Package: ifthen 2024/03/16 v1.1e Standard LaTeX ifthen package (DPC)
)
\@float@every@algorithm=\toks26
\c@algorithm=\count318
)
(/usr/local/texlive/2026/texmf-dist/tex/latex/algorithmicx/algpseudocode.sty
Package: algpseudocode 

(/usr/local/texlive/2026/texmf-dist/tex/latex/algorithmicx/algorithmicx.sty
Package: algorithmicx 2005/04/27 v1.2 Algorithmicx

Document Style algorithmicx 1.2 - a greatly improved `algorithmic' style
\c@ALG@line=\count319
\c@ALG@rem=\count320
\c@ALG@nested=\count321
\ALG@tlm=\skip59
\ALG@thistlm=\skip60
\c@ALG@Lnr=\count322
\c@ALG@blocknr=\count323
\c@ALG@storecount=\count324
\c@ALG@tmpcounter=\count325
\ALG@tmplength=\skip61
)
Document Style - pseudocode environments for use with the `algorithmicx' style
) (/usr/local/texlive/2026/texmf-dist/tex/latex/listings/listings.sty
\lst@mode=\count326
\lst@gtempboxa=\box60
\lst@token=\toks27
\lst@length=\count327
\lst@currlwidth=\dimen196
\lst@column=\count328
\lst@pos=\count329
\lst@lostspace=\dimen197
\lst@width=\dimen198
\lst@newlines=\count330
\lst@lineno=\count331
\lst@maxwidth=\dimen199

(/usr/local/texlive/2026/texmf-dist/tex/latex/listings/lstpatch.sty
File: lstpatch.sty 2025/11/14 1.11b (Carsten Heinz)
)
(/usr/local/texlive/2026/texmf-dist/tex/latex/listings/lstmisc.sty
File: lstmisc.sty 2025/11/14 1.11b (Carsten Heinz)
\c@lstnumber=\count332
\lst@skipnumbers=\count333
\lst@framebox=\box61
)
(/usr/local/texlive/2026/texmf-dist/tex/latex/listings/listings.cfg
File: listings.cfg 2025/11/14 1.11b listings configuration
))
Package: listings 2025/11/14 1.11b (Carsten Heinz)

==> First Aid for listings.sty no longer applied!
    Expected:
        2024/09/23 1.10c (Carsten Heinz)
    but found:
        2025/11/14 1.11b (Carsten Heinz)
    so I'm assuming it got fixed.
(/usr/local/texlive/2026/texmf-dist/tex/latex/xcolor/xcolor.sty
Package: xcolor 2024/09/29 v3.02 LaTeX color extensions (UK)

(/usr/local/texlive/2026/texmf-dist/tex/latex/graphics-cfg/color.cfg
File: color.cfg 2016/01/02 v1.6 sample color configuration
)
Package xcolor Info: Driver file: xetex.def on input line 274.

(/usr/local/texlive/2026/texmf-dist/tex/latex/graphics-def/xetex.def
File: xetex.def 2025/11/01 v5.0p Graphics/color driver for xetex
)
(/usr/local/texlive/2026/texmf-dist/tex/latex/graphics/mathcolor.ltx)
Package xcolor Info: Model `cmy' substituted by `cmy0' on input line 1349.
Package xcolor Info: Model `RGB' extended on input line 1365.
Package xcolor Info: Model `HTML' substituted by `rgb' on input line 1367.
Package xcolor Info: Model `Hsb' substituted by `hsb' on input line 1368.
Package xcolor Info: Model `tHsb' substituted by `hsb' on input line 1369.
Package xcolor Info: Model `HSB' substituted by `hsb' on input line 1370.
Package xcolor Info: Model `Gray' substituted by `gray' on input line 1371.
Package xcolor Info: Model `wave' substituted by `hsb' on input line 1372.
)
(/usr/local/texlive/2026/texmf-dist/tex/latex/booktabs/booktabs.sty
Package: booktabs 2020/01/12 v1.61803398 Publication quality tables
\heavyrulewidth=\dimen256
\lightrulewidth=\dimen257
\cmidrulewidth=\dimen258
\belowrulesep=\dimen259
\belowbottomsep=\dimen260
\aboverulesep=\dimen261
\abovetopsep=\dimen262
\cmidrulesep=\dimen263
\cmidrulekern=\dimen264
\defaultaddspace=\dimen265
\@cmidla=\count334
\@cmidlb=\count335
\@aboverulesep=\dimen266
\@belowrulesep=\dimen267
\@thisruleclass=\count336
\@lastruleclass=\count337
\@thisrulewidth=\dimen268
)
(/usr/local/texlive/2026/texmf-dist/tex/latex/multirow/multirow.sty
Package: multirow 2024/11/12 v2.9 Span multiple rows of a table
\multirow@colwidth=\skip62
\multirow@cntb=\count338
\multirow@dima=\skip63
\bigstrutjot=\dimen269
)
(/usr/local/texlive/2026/texmf-dist/tex/latex/tools/array.sty
Package: array 2025/09/25 v2.6n Tabular extension package (FMi)
\col@sep=\dimen270
\ar@mcellbox=\box62
\extrarowheight=\dimen271
\NC@list=\toks28
\extratabsurround=\skip64
\backup@length=\skip65
\ar@cellbox=\box63
)
(/usr/local/texlive/2026/texmf-dist/tex/latex/tools/enumerate.sty
Package: enumerate 2023/07/04 v3.00 enumerate extensions (DPC)
\@enLab=\toks29
)
(/usr/local/texlive/2026/texmf-dist/tex/latex/graphics/graphicx.sty
Package: graphicx 2024/12/31 v1.2e Enhanced LaTeX Graphics (DPC,SPQR)

(/usr/local/texlive/2026/texmf-dist/tex/latex/graphics/graphics.sty
Package: graphics 2024/08/06 v1.4g Standard LaTeX Graphics (DPC,SPQR)

(/usr/local/texlive/2026/texmf-dist/tex/latex/graphics/trig.sty
Package: trig 2023/12/02 v1.11 sin cos tan (DPC)
)
(/usr/local/texlive/2026/texmf-dist/tex/latex/graphics-cfg/graphics.cfg
File: graphics.cfg 2016/06/04 v1.11 sample graphics configuration
)
Package graphics Info: Driver file: xetex.def on input line 106.
)
\Gin@req@height=\dimen272
\Gin@req@width=\dimen273
)
(/usr/local/texlive/2026/texmf-dist/tex/latex/url/url.sty
\Urlmuskip=\muskip18
Package: url 2013/09/16  ver 3.4  Verb mode for urls, etc.
)
(/usr/local/texlive/2026/texmf-dist/tex/latex/hyperref/hyperref.sty
Package: hyperref 2026-04-24 v7.01q Hypertext links for LaTeX

(/usr/local/texlive/2026/texmf-dist/tex/generic/iftex/iftex.sty
Package: iftex 2024/12/12 v1.0g TeX engine tests
)
(/usr/local/texlive/2026/texmf-dist/tex/latex/kvsetkeys/kvsetkeys.sty
Package: kvsetkeys 2022-10-05 v1.19 Key value parser (HO)
)
(/usr/local/texlive/2026/texmf-dist/tex/generic/kvdefinekeys/kvdefinekeys.sty
Package: kvdefinekeys 2019-12-19 v1.6 Define keys (HO)
)
(/usr/local/texlive/2026/texmf-dist/tex/generic/pdfescape/pdfescape.sty
Package: pdfescape 2019/12/09 v1.15 Implements pdfTeX's escape features (HO)

(/usr/local/texlive/2026/texmf-dist/tex/generic/ltxcmds/ltxcmds.sty
Package: ltxcmds 2023-12-04 v1.26 LaTeX kernel commands for general use (HO)
)
(/usr/local/texlive/2026/texmf-dist/tex/generic/pdftexcmds/pdftexcmds.sty
Package: pdftexcmds 2020-06-27 v0.33 Utility functions of pdfTeX for LuaTeX (HO
)

(/usr/local/texlive/2026/texmf-dist/tex/generic/infwarerr/infwarerr.sty
Package: infwarerr 2019/12/03 v1.5 Providing info/warning/error messages (HO)
)
Package pdftexcmds Info: \pdf@primitive is available.
Package pdftexcmds Info: \pdf@ifprimitive is available.
Package pdftexcmds Info: \pdfdraftmode not found.
))
(/usr/local/texlive/2026/texmf-dist/tex/latex/hycolor/hycolor.sty
Package: hycolor 2020-01-27 v1.10 Color options for hyperref/bookmark (HO)
)
(/usr/local/texlive/2026/texmf-dist/tex/latex/hyperref/nameref.sty
Package: nameref 2026-01-29 v2.58 Cross-referencing by name of section

(/usr/local/texlive/2026/texmf-dist/tex/latex/refcount/refcount.sty
Package: refcount 2019/12/15 v3.6 Data extraction from label references (HO)
)
(/usr/local/texlive/2026/texmf-dist/tex/generic/gettitlestring/gettitlestring.s
ty
Package: gettitlestring 2019/12/15 v1.6 Cleanup title references (HO)
 (/usr/local/texlive/2026/texmf-dist/tex/latex/kvoptions/kvoptions.sty
Package: kvoptions 2022-06-15 v3.15 Key value format for package options (HO)
))
\c@section@level=\count339
)
(/usr/local/texlive/2026/texmf-dist/tex/latex/etoolbox/etoolbox.sty
Package: etoolbox 2025/10/02 v2.5m e-TeX tools for LaTeX (JAW)
\etb@tempcnta=\count340
)
(/usr/local/texlive/2026/texmf-dist/tex/generic/stringenc/stringenc.sty
Package: stringenc 2019/11/29 v1.12 Convert strings between diff. encodings (HO
)
)
\@linkdim=\dimen274
\Hy@linkcounter=\count341
\Hy@pagecounter=\count342

(/usr/local/texlive/2026/texmf-dist/tex/latex/hyperref/pd1enc.def
File: pd1enc.def 2026-04-24 v7.01q Hyperref: PDFDocEncoding definition (HO)
)
(/usr/local/texlive/2026/texmf-dist/tex/generic/intcalc/intcalc.sty
Package: intcalc 2019/12/15 v1.3 Expandable calculations with integers (HO)
)
\Hy@SavedSpaceFactor=\count343

(/usr/local/texlive/2026/texmf-dist/tex/latex/hyperref/puenc.def
File: puenc.def 2026-04-24 v7.01q Hyperref: PDF Unicode definition (HO)
)
Package hyperref Info: Hyper figures OFF on input line 4199.
Package hyperref Info: Link nesting OFF on input line 4204.
Package hyperref Info: Hyper index ON on input line 4207.
Package hyperref Info: Plain pages OFF on input line 4214.
Package hyperref Info: Backreferencing OFF on input line 4219.
Package hyperref Info: Implicit mode ON; LaTeX internals redefined.
Package hyperref Info: Bookmarks ON on input line 4466.
\c@Hy@tempcnt=\count344
LaTeX Info: Redefining \url on input line 4805.
\XeTeXLinkMargin=\dimen275

(/usr/local/texlive/2026/texmf-dist/tex/generic/bitset/bitset.sty
Package: bitset 2019/12/09 v1.3 Handle bit-vector datatype (HO)

(/usr/local/texlive/2026/texmf-dist/tex/generic/bigintcalc/bigintcalc.sty
Package: bigintcalc 2019/12/15 v1.5 Expandable calculations on big integers (HO
)
))
\Fld@menulength=\count345
\Field@Width=\dimen276
\Fld@charsize=\dimen277
Package hyperref Info: Hyper figures OFF on input line 6091.
Package hyperref Info: Link nesting OFF on input line 6096.
Package hyperref Info: Hyper index ON on input line 6099.
Package hyperref Info: backreferencing OFF on input line 6106.
Package hyperref Info: Link coloring OFF on input line 6111.
Package hyperref Info: Link coloring with OCG OFF on input line 6116.
Package hyperref Info: PDF/A mode OFF on input line 6121.
\Hy@abspage=\count346
\c@Item=\count347
\c@Hfootnote=\count348
)
Package hyperref Info: Driver (autodetected): hxetex.

(/usr/local/texlive/2026/texmf-dist/tex/latex/hyperref/hxetex.def
File: hxetex.def 2026-04-24 v7.01q Hyperref driver for XeTeX
\pdfm@box=\box64
\c@Hy@AnnotLevel=\count349
\HyField@AnnotCount=\count350
\Fld@listcount=\count351
\c@bookmark@seq@number=\count352

(/usr/local/texlive/2026/texmf-dist/tex/latex/rerunfilecheck/rerunfilecheck.sty
Package: rerunfilecheck 2025-06-21 v1.11 Rerun checks for auxiliary files (HO)

(/usr/local/texlive/2026/texmf-dist/tex/generic/uniquecounter/uniquecounter.sty
Package: uniquecounter 2019/12/15 v1.4 Provide unlimited unique counter (HO)
)
Package uniquecounter Info: New unique counter `rerunfilecheck' on input line 2
84.
)
\Hy@SectionHShift=\skip66
) (/usr/local/texlive/2026/texmf-dist/tex/latex/cite/cite.sty
LaTeX Info: Redefining \cite on input line 302.
LaTeX Info: Redefining \nocite on input line 332.
Package: cite 2015/02/27  v 5.5
) (./main_en.aux)
\openout1 = `main_en.aux'.

LaTeX Font Info:    Checking defaults for OML/cmm/m/it on input line 33.
LaTeX Font Info:    ... okay on input line 33.
LaTeX Font Info:    Checking defaults for OMS/cmsy/m/n on input line 33.
LaTeX Font Info:    ... okay on input line 33.
LaTeX Font Info:    Checking defaults for OT1/cmr/m/n on input line 33.
LaTeX Font Info:    ... okay on input line 33.
LaTeX Font Info:    Checking defaults for T1/cmr/m/n on input line 33.
LaTeX Font Info:    ... okay on input line 33.
LaTeX Font Info:    Checking defaults for TS1/cmr/m/n on input line 33.
LaTeX Font Info:    ... okay on input line 33.
LaTeX Font Info:    Checking defaults for TU/lmr/m/n on input line 33.
LaTeX Font Info:    ... okay on input line 33.
LaTeX Font Info:    Checking defaults for OMX/cmex/m/n on input line 33.
LaTeX Font Info:    ... okay on input line 33.
LaTeX Font Info:    Checking defaults for U/cmr/m/n on input line 33.
LaTeX Font Info:    ... okay on input line 33.
LaTeX Font Info:    Checking defaults for PD1/pdf/m/n on input line 33.
LaTeX Font Info:    ... okay on input line 33.
LaTeX Font Info:    Checking defaults for PU/pdf/m/n on input line 33.
LaTeX Font Info:    ... okay on input line 33.

-- Lines per column: 58 (exact).

Package fontspec Info: 
(fontspec)             Adjusting the maths setup (use [no-math] to avoid
(fontspec)             this).

\symlegacymaths=\mathgroup6
LaTeX Font Info:    Overwriting symbol font `legacymaths' in version `bold'
(Font)                  OT1/cmr/m/n --> OT1/cmr/bx/n on input line 33.
LaTeX Font Info:    Redeclaring math accent \acute on input line 33.
LaTeX Font Info:    Redeclaring math accent \grave on input line 33.
LaTeX Font Info:    Redeclaring math accent \ddot on input line 33.
LaTeX Font Info:    Redeclaring math accent \tilde on input line 33.
LaTeX Font Info:    Redeclaring math accent \bar on input line 33.
LaTeX Font Info:    Redeclaring math accent \breve on input line 33.
LaTeX Font Info:    Redeclaring math accent \check on input line 33.
LaTeX Font Info:    Redeclaring math accent \hat on input line 33.
LaTeX Font Info:    Redeclaring math accent \dot on input line 33.
LaTeX Font Info:    Redeclaring math accent \mathring on input line 33.
LaTeX Font Info:    Redeclaring math symbol \Gamma on input line 33.
LaTeX Font Info:    Redeclaring math symbol \Delta on input line 33.
LaTeX Font Info:    Redeclaring math symbol \Theta on input line 33.
LaTeX Font Info:    Redeclaring math symbol \Lambda on input line 33.
LaTeX Font Info:    Redeclaring math symbol \Xi on input line 33.
LaTeX Font Info:    Redeclaring math symbol \Pi on input line 33.
LaTeX Font Info:    Redeclaring math symbol \Sigma on input line 33.
LaTeX Font Info:    Redeclaring math symbol \Upsilon on input line 33.
LaTeX Font Info:    Redeclaring math symbol \Phi on input line 33.
LaTeX Font Info:    Redeclaring math symbol \Psi on input line 33.
LaTeX Font Info:    Redeclaring math symbol \Omega on input line 33.
LaTeX Font Info:    Redeclaring math symbol \mathdollar on input line 33.
LaTeX Font Info:    Redeclaring symbol font `operators' on input line 33.
LaTeX Font Info:    Encoding `OT1' has changed to `TU' for symbol font
(Font)              `operators' in the math version `normal' on input line 33.
LaTeX Font Info:    Overwriting symbol font `operators' in version `normal'
(Font)                  OT1/cmr/m/n --> TU/lmr/m/n on input line 33.
LaTeX Font Info:    Encoding `OT1' has changed to `TU' for symbol font
(Font)              `operators' in the math version `bold' on input line 33.
LaTeX Font Info:    Overwriting symbol font `operators' in version `bold'
(Font)                  OT1/cmr/bx/n --> TU/lmr/m/n on input line 33.
LaTeX Font Info:    Overwriting symbol font `operators' in version `normal'
(Font)                  TU/lmr/m/n --> TU/lmr/m/n on input line 33.
LaTeX Font Info:    Overwriting math alphabet `\mathit' in version `normal'
(Font)                  OT1/cmr/m/it --> TU/lmr/m/it on input line 33.
LaTeX Font Info:    Overwriting math alphabet `\mathbf' in version `normal'
(Font)                  OT1/cmr/bx/n --> TU/lmr/b/n on input line 33.
LaTeX Font Info:    Overwriting math alphabet `\mathsf' in version `normal'
(Font)                  OT1/cmss/m/n --> TU/lmss/m/n on input line 33.
LaTeX Font Info:    Overwriting math alphabet `\mathtt' in version `normal'
(Font)                  OT1/cmtt/m/n --> TU/lmtt/m/n on input line 33.
LaTeX Font Info:    Overwriting symbol font `operators' in version `bold'
(Font)                  TU/lmr/m/n --> TU/lmr/b/n on input line 33.
LaTeX Font Info:    Overwriting math alphabet `\mathit' in version `bold'
(Font)                  OT1/cmr/bx/it --> TU/lmr/b/it on input line 33.
LaTeX Font Info:    Overwriting math alphabet `\mathsf' in version `bold'
(Font)                  OT1/cmss/bx/n --> TU/lmss/b/n on input line 33.
LaTeX Font Info:    Overwriting math alphabet `\mathtt' in version `bold'
(Font)                  OT1/cmtt/m/n --> TU/lmtt/b/n on input line 33.
\c@lstlisting=\count353
Package hyperref Info: Link coloring OFF on input line 33.
(./main_en.out) (./main_en.out)
\@outlinefile=\write3
\openout3 = `main_en.out'.

LaTeX Font Info:    Calculating math sizes for size <11> on input line 50.
LaTeX Font Info:    Trying to load font information for U+msa on input line 50.


(/usr/local/texlive/2026/texmf-dist/tex/latex/amsfonts/umsa.fd
File: umsa.fd 2013/01/14 v3.01 AMS symbols A
)
LaTeX Font Info:    Trying to load font information for U+msb on input line 50.


(/usr/local/texlive/2026/texmf-dist/tex/latex/amsfonts/umsb.fd
File: umsb.fd 2013/01/14 v3.01 AMS symbols B
)
Underfull \hbox (badness 10000) in paragraph at lines 50--50
[][][]\TU/lmr/m/n/8 Corresponding author: Hassan Jamil Syed (has-
 []


Underfull \hbox (badness 10000) in paragraph at lines 50--50
[][][]\TU/lmr/m/n/8 Original publication: \TU/lmr/m/it/8 IEEE Access\TU/lmr/m/n
/8 , vol. 13, 2025, DOI:
 []

(./sections_en/00_abstract.tex
Underfull \hbox (badness 10000) in paragraph at lines 1--13
[]\TU/lmr/bx/it/9 Abstract\TU/lmr/bx/n/9 —Containerized applications offer
 []


Underfull \hbox (badness 5008) in paragraph at lines 1--13
\TU/lmr/bx/n/9 lightweight and scalable deployment but remain
 []


Underfull \hbox (badness 7256) in paragraph at lines 1--13
\TU/lmr/bx/n/9 Filtering and Anomaly Mitigation), a real-time
 []


Underfull \hbox (badness 1715) in paragraph at lines 1--13
\TU/lmr/bx/n/9 usage and detects behavioral anomalies. DeSFAM
 []


Underfull \hbox (badness 5245) in paragraph at lines 1--13
\TU/lmr/bx/n/9 (System call Anomaly Detection), a low-latency
 []


Underfull \hbox (badness 1688) in paragraph at lines 1--13
\TU/lmr/bx/n/9 and syscall injection attacks in modern container
 []

) (./sections_en/01_introduction.tex) (./sections_en/02_background.tex [1


]
Underfull \hbox (badness 3219) in paragraph at lines 100--102
[]\TU/ptm/bx/it/10 Variational Autoencoders (VAE) [[]8[]] and Isolation
 []

[2]
Underfull \hbox (badness 1783) in paragraph at lines 127--128
[]\TU/ptm/bx/it/10 Risk-based policy enforcement using eBPF LSM
 []


Underfull \hbox (badness 1509) in paragraph at lines 128--129
[]\TU/ptm/bx/it/10 CVE-matching and MITRE ATT&CK-based risk
 []

) (./sections_en/03_related_work.tex
Underfull \hbox (badness 1902) in paragraph at lines 4--10
\TU/ptm/bx/it/10 tem calls spans three decades and can be grouped
 []


Underfull \hbox (badness 4726) in paragraph at lines 48--49
[]|\TU/lmr/m/n/8 Private dataset; per-container
 []


Underfull \hbox (badness 6978) in paragraph at lines 53--54
[]|\TU/lmr/m/n/8 Evaluated on single dataset;
 []


Underfull \hbox (badness 2626) in paragraph at lines 92--98
\TU/ptm/bx/it/10 sive deep-learning comparison on ADFA-LD, testing
 []

[3]) (./sections_en/04_desfam.tex
File: figure/figure1.png Graphic file (type bmp)
<figure/figure1.png>
 [4]
File: figure/figure2.png Graphic file (type bmp)
<figure/figure2.png>

Underfull \hbox (badness 5787) in paragraph at lines 115--117
[]\TU/lmr/bx/n/10 Web servers (Nginx): \TU/lmtt/m/n/10 wrk \TU/ptm/bx/it/10 wit
h 500–10,000
 []


Underfull \hbox (badness 5578) in paragraph at lines 115--117
\TU/ptm/bx/it/10 concurrent connections; ApacheBench simulating
 []


Underfull \hbox (badness 7308) in paragraph at lines 117--119
[]\TU/lmr/bx/n/10 Databases (MySQL/Redis/MongoDB): \TU/ptm/bx/it/10 Sys-
 []


Underfull \hbox (badness 2197) in paragraph at lines 117--119
\TU/ptm/bx/it/10 Bench OLTP workloads (100–500 threads, 1M+
 []

[5]
Package hyperref Info: bookmark level for unknown algorithm defaults to 0 on in
put line 195.

Underfull \hbox (badness 7203) in paragraph at lines 198--199
[]\TU/ptm/bx/it/10 Container image, running instance, CVE
 []


Underfull \hbox (badness 3000) in paragraph at lines 212--216
 \TU/lmr/m/it/10 5) Container-Specific Policy Upload: [][][] \TU/ptm/bx/it/10 D
eSFAM dy-
 []

File: figure/figure3.png Graphic file (type bmp)
<figure/figure3.png>
File: figure/figure4.png Graphic file (type bmp)
<figure/figure4.png>

Underfull \hbox (badness 5374) in paragraph at lines 256--259
\TU/lmr/m/it/10 Detection: [][][] \TU/ptm/bx/it/10 SyscallAD is trained on the 
DongTing
 []

[6]
Underfull \hbox (badness 5008) in paragraph at lines 264--267
\TU/ptm/bx/it/10 simulated attacks, including privilege escalation
 []


Underfull \hbox (badness 1715) in paragraph at lines 269--272
\TU/ptm/bx/it/10 contextual metadata (e.g., process IDs, namespaces).
 []


Underfull \hbox (badness 5726) in paragraph at lines 276--280
 \TU/lmr/m/it/10 2) PrefixSpan Pattern Mining: Extracting Trusted
 []


Underfull \hbox (badness 1442) in paragraph at lines 300--302
[]\TU/lmr/bx/n/10 Temporal Features: \TU/ptm/bx/it/10 Inter-syscall time interv
als
 []

File: figure/figure6.png Graphic file (type bmp)
<figure/figure6.png>
File: figure/figure5.png Graphic file (type bmp)
<figure/figure5.png>

Underfull \hbox (badness 2326) in paragraph at lines 390--394
\TU/ptm/bx/it/10 program hooks into \TU/lmtt/m/n/10 (raw_syscalls:sys_enter) \T
U/ptm/bx/it/10 and
 []

[7] [8]
File: figure/figure7.png Graphic file (type bmp)
<figure/figure7.png>

Underfull \hbox (badness 1655) in paragraph at lines 430--430
[]\TU/lmr/bx/n/10 Algorithm 2 \TU/ptm/bx/it/10 Real-Time Syscall Anomaly Detect
ion
 []

File: figure/table2.png Graphic file (type bmp)
<figure/table2.png>

Underfull \hbox (badness 2359) in paragraph at lines 486--488
 \TU/lmr/m/it/10 b) Cumulative Severity: [][] \TU/ptm/bx/it/10 The cumulative s
everity
 []

File: figure/table3.png Graphic file (type bmp)
<figure/table3.png>
(/usr/local/texlive/2026/texmf-dist/tex/latex/listings/lstlang1.sty
File: lstlang1.sty 2025/11/14 1.11b listings language file
)
(/usr/local/texlive/2026/texmf-dist/tex/latex/listings/lstmisc.sty
File: lstmisc.sty 2025/11/14 1.11b (Carsten Heinz)
)
Package hyperref Info: bookmark level for unknown lstlisting defaults to 0 on i
nput line 544.
LaTeX Font Info:    Font shape `TU/lmtt/bx/n' in size <8> not available
(Font)              Font shape `TU/lmtt/b/n' tried instead on input line 546.
 [9]
Underfull \hbox (badness 10000) in paragraph at lines 590--592
[]\TU/ptm/bx/it/10 Retrieve container context: \TU/lmtt/m/n/10 mntns
 []


Underfull \hbox (badness 10000) in paragraph at lines 590--592
\TU/lmtt/m/n/10 = bpf_get_ns_id(NS_MNT); pidns =
 []

[10]
Underfull \hbox (badness 10000) in paragraph at lines 592--593
[]\TU/ptm/bx/it/10 Query policy map: \TU/lmtt/m/n/10 u64 *action =
 []


Underfull \hbox (badness 10000) in paragraph at lines 593--597
[]\TU/ptm/bx/it/10 Enforce action: \TU/lmr/bx/n/10 BLOCK\TU/ptm/bx/it/10 : Deny
 via
 []


Underfull \hbox (badness 10000) in paragraph at lines 593--597
\TU/lmtt/m/n/10 bpf_override_return(regs, -EPERM)\TU/ptm/bx/it/10 ;
 []


Underfull \hbox (badness 10000) in paragraph at lines 593--597
\TU/lmr/bx/n/10 RATE_LIMIT\TU/ptm/bx/it/10 : Allow $\OML/cmm/m/it/10 N$ \TU/ptm
/bx/it/10 invocations/minute
 []


Underfull \hbox (badness 1515) in paragraph at lines 647--649
\TU/ptm/bx/it/10 through Algorithm []3[], and the complete enforcement
 []

File: figure/figure8.png Graphic file (type bmp)
<figure/figure8.png>

Underfull \hbox (badness 2894) in paragraph at lines 688--689
[] \TU/ptm/bx/it/10 Trigger seccomp access list update for
 []

) (./sections_en/05_evaluation.tex
Underfull \hbox (badness 1515) in paragraph at lines 703--1
[]\TU/ptm/bx/it/10 Assume the process operates in mount namespace
 []


Underfull \vbox (badness 10000) has occurred while \output is active []

 [11]
Underfull \hbox (badness 10000) in paragraph at lines 17--22
 \TU/lmr/m/it/10 1) Infrastructure: [][][] \TU/ptm/bx/it/10 Experiments were co
nducted
 []


Underfull \hbox (badness 10000) in paragraph at lines 17--22
\TU/ptm/bx/it/10 on a high-performance bare-metal server running
 []


Underfull \hbox (badness 1377) in paragraph at lines 17--22
\TU/ptm/bx/it/10 SSD. Docker 26.0 with containerd 1.7 was used for
 []


Underfull \hbox (badness 1377) in paragraph at lines 74--77
\TU/ptm/bx/it/10 brid profiling (static, dynamic, CVE-informed) yields
 []


Underfull \hbox (badness 10000) in paragraph at lines 79--81
 \TU/lmr/m/it/10 2) Anomaly Detection Performance: [][][] \TU/ptm/bx/it/10 We a
ssess
 []

[12]
Overfull \hbox (2.18797pt too wide) in paragraph at lines 109--118
 [][] 
 []


Underfull \hbox (badness 2119) in paragraph at lines 131--134
\TU/ptm/bx/it/10 eBPF-LSM hooks support inline blocking with sub-
 []


Underfull \hbox (badness 2556) in paragraph at lines 153--157
[]\TU/ptm/bx/it/10 We compare DeSFAM against five state-of-the-art
 []

File: figure/figure9.png Graphic file (type bmp)
<figure/figure9.png>
File: figure/figure10.png Graphic file (type bmp)
<figure/figure10.png>
File: figure/table4.png Graphic file (type bmp)
<figure/table4.png>
[13]
File: figure/table5.png Graphic file (type bmp)
<figure/table5.png>
File: figure/table6.png Graphic file (type bmp)
<figure/table6.png>
File: figure/figure11.png Graphic file (type bmp)
<figure/figure11.png>
File: figure/figure12.png Graphic file (type bmp)
<figure/figure12.png>
File: figure/table7.png Graphic file (type bmp)
<figure/table7.png>
File: figure/table8.png Graphic file (type bmp)
<figure/table8.png>
 [14] [15]
File: figure/figure13.png Graphic file (type bmp)
<figure/figure13.png>
File: figure/table9.png Graphic file (type bmp)
<figure/table9.png>

Overfull \hbox (5.61371pt too wide) in paragraph at lines 320--330
 [][] 
 []

File: figure/table10.png Graphic file (type bmp)
<figure/table10.png>
File: figure/figure14.png Graphic file (type bmp)
<figure/figure14.png>

Underfull \hbox (badness 10000) in paragraph at lines 359--362
 \TU/lmr/m/it/10 4) Anomaly Detection Performance: [][][] \TU/ptm/bx/it/10 DeSF
AM’s
 []

File: figure/figure15.png Graphic file (type bmp)
<figure/figure15.png>
File: figure/table11.png Graphic file (type bmp)
<figure/table11.png>
File: figure/table12.png Graphic file (type bmp)
<figure/table12.png>
[16]
File: figure/table13.png Graphic file (type bmp)
<figure/table13.png>
) (./sections_en/06_discussion.tex
Underfull \hbox (badness 1708) in paragraph at lines 411--1
[]\TU/ptm/bx/it/10 This study confirms that all phases are essential:
 []

[17] [18]
File: figure/table14.png Graphic file (type bmp)
<figure/table14.png>
) (./sections_en/07_conclusion.tex
Underfull \hbox (badness 1436) in paragraph at lines 15--19
\TU/ptm/bx/it/10 syscalls to MITRE ATT&CK techniques and known
 []

) [19] (./sections_en/appendix_a.tex
(/usr/local/texlive/2026/texmf-dist/tex/latex/listings/lstlang1.sty
File: lstlang1.sty 2025/11/14 1.11b listings language file
)
(/usr/local/texlive/2026/texmf-dist/tex/latex/listings/lstlang1.sty
File: lstlang1.sty 2025/11/14 1.11b listings language file
)
(/usr/local/texlive/2026/texmf-dist/tex/latex/listings/lstlang1.sty
File: lstlang1.sty 2025/11/14 1.11b listings language file
)
Underfull \hbox (badness 10000) in paragraph at lines 90--92
[]\TU/lmr/m/it/10 Capability requirements: \TU/ptm/bx/it/10 CVEs requiring
 []


Underfull \hbox (badness 10000) in paragraph at lines 90--92
\TU/lmtt/m/n/10 CAP_SYS_ADMIN \TU/ptm/bx/it/10 or other elevated capabilities
 []


Underfull \hbox (badness 5203) in paragraph at lines 152--155
\TU/ptm/bx/it/10 function in the Filesystem Context functional-
 []

[20

])
Underfull \vbox (badness 1314) has occurred while \output is active []


(./main_en.bbl [21]
Underfull \hbox (badness 10000) in paragraph at lines 185--187
[]\TU/lmr/m/n/8 ——, “CVE-2021-22555: Linux kernel netfilter heap
 []


Underfull \hbox (badness 10000) in paragraph at lines 185--187
\TU/lmr/m/n/8 out-of-bounds write,” []$[][][][][] [] [] [] [][][] [] [][][][] [
] [][][] [] [][][][] [] [][][][][][] []
 []

) [22

] (./main_en.aux)
 ***********
LaTeX2e <2025-11-01>
L3 programming layer <2026-04-28>
 ***********


LaTeX Font Warning: Some font shapes were not available, defaults substituted.

Package rerunfilecheck Info: File `main_en.out' has not changed.
(rerunfilecheck)             Checksum: C97EF2D2A8F3C2E501B2E82F2F62FBF6;17060.
 ) 
Here is how much of TeX's memory you used:
 17109 strings out of 467984
 322147 string characters out of 5429202
 1205028 words of memory out of 5000000
 45736 multiletter control sequences out of 15000+600000
 636131 words of font info for 125 fonts, out of 8000000 for 9000
 1348 hyphenation exceptions out of 8191
 73i,11n,79p,516b,1268s stack positions out of 10000i,1000n,20000p,200000b,200000s

Output written on main_en.pdf (22 pages).
