\BOOKMARK [1][-]{section.1}{\376\377\000I\000n\000t\000r\000o\000d\000u\000c\000t\000i\000o\000n}{}% 1
\BOOKMARK [1][-]{section.2}{\376\377\000B\000a\000c\000k\000g\000r\000o\000u\000n\000d}{}% 2
\BOOKMARK [2][-]{subsection.2.1}{\376\377\000S\000y\000s\000t\000e\000m\000\040\000C\000a\000l\000l\000\040\000S\000e\000c\000u\000r\000i\000t\000y\000\040\000i\000n\000\040\000S\000h\000a\000r\000e\000d\000-\000K\000e\000r\000n\000e\000l\000\040\000E\000n\000v\000i\000r\000o\000n\000m\000e\000n\000t\000s}{section.2}% 3
\BOOKMARK [2][-]{subsection.2.2}{\376\377\000T\000y\000p\000e\000s\000\040\000o\000f\000\040\000S\000y\000s\000c\000a\000l\000l\000-\000B\000a\000s\000e\000d\000\040\000T\000h\000r\000e\000a\000t\000s}{section.2}% 4
\BOOKMARK [2][-]{subsection.2.3}{\376\377\000L\000i\000m\000i\000t\000a\000t\000i\000o\000n\000s\000\040\000o\000f\000\040\000T\000r\000a\000d\000i\000t\000i\000o\000n\000a\000l\000\040\000M\000i\000t\000i\000g\000a\000t\000i\000o\000n\000\040\000A\000p\000p\000r\000o\000a\000c\000h\000e\000s}{section.2}% 5
\BOOKMARK [2][-]{subsection.2.4}{\376\377\000T\000h\000e\000\040\000P\000r\000o\000m\000i\000s\000e\000\040\000o\000f\000\040\000e\000B\000P\000F\000\040\000f\000o\000r\000\040\000S\000y\000s\000c\000a\000l\000l\000\040\000M\000o\000n\000i\000t\000o\000r\000i\000n\000g}{section.2}% 6
\BOOKMARK [2][-]{subsection.2.5}{\376\377\000S\000e\000q\000u\000e\000n\000c\000e\000-\000B\000a\000s\000e\000d\000\040\000A\000n\000o\000m\000a\000l\000y\000\040\000D\000e\000t\000e\000c\000t\000i\000o\000n\000\040\000f\000o\000r\000\040\000S\000y\000s\000c\000a\000l\000l\000s}{section.2}% 7
\BOOKMARK [2][-]{subsection.2.6}{\376\377\000T\000o\000w\000a\000r\000d\000\040\000A\000d\000a\000p\000t\000i\000v\000e\000,\000\040\000S\000c\000a\000l\000a\000b\000l\000e\000\040\000S\000y\000s\000c\000a\000l\000l\000\040\000S\000e\000c\000u\000r\000i\000t\000y}{section.2}% 8
\BOOKMARK [1][-]{section.3}{\376\377\000R\000e\000l\000a\000t\000e\000d\000\040\000W\000o\000r\000k}{}% 9
\BOOKMARK [2][-]{subsection.3.1}{\376\377\000C\000l\000a\000s\000s\000i\000c\000\040\000S\000e\000q\000u\000e\000n\000c\000e\000-\000B\000a\000s\000e\000d\000\040\000M\000e\000t\000h\000o\000d\000s}{section.3}% 10
\BOOKMARK [2][-]{subsection.3.2}{\376\377\000D\000e\000e\000p\000\040\000L\000e\000a\000r\000n\000i\000n\000g\000\040\000f\000o\000r\000\040\000S\000y\000s\000c\000a\000l\000l\000\040\000A\000n\000o\000m\000a\000l\000y\000\040\000D\000e\000t\000e\000c\000t\000i\000o\000n}{section.3}% 11
\BOOKMARK [2][-]{subsection.3.3}{\376\377\000C\000o\000n\000t\000a\000i\000n\000e\000r\000-\000O\000r\000i\000e\000n\000t\000e\000d\000\040\000a\000n\000d\000\040\000U\000n\000s\000u\000p\000e\000r\000v\000i\000s\000e\000d\000\040\000A\000p\000p\000r\000o\000a\000c\000h\000e\000s}{section.3}% 12
\BOOKMARK [2][-]{subsection.3.4}{\376\377\000D\000e\000S\000F\000A\000M\000\040\000a\000n\000d\000\040\000t\000h\000e\000\040\000G\000a\000p\000\040\000A\000d\000d\000r\000e\000s\000s\000e\000d\000\040\000b\000y\000\040\000T\000h\000i\000s\000\040\000W\000o\000r\000k}{section.3}% 13
\BOOKMARK [1][-]{section.4}{\376\377\000D\000e\000S\000F\000A\000M\000:\000\040\000D\000y\000n\000a\000m\000i\000c\000\040\000e\000B\000P\000F\000-\000D\000r\000i\000v\000e\000n\000\040\000S\000y\000s\000c\000a\000l\000l\000\040\000F\000i\000l\000t\000e\000r\000i\000n\000g\000\040\000a\000n\000d\000\040\000A\000n\000o\000m\000a\000l\000y\000\040\000M\000i\000t\000i\000g\000a\000t\000i\000o\000n}{}% 14
\BOOKMARK [2][-]{subsection.4.1}{\376\377\000O\000v\000e\000r\000v\000i\000e\000w}{section.4}% 15
\BOOKMARK [2][-]{subsection.4.2}{\376\377\000D\000e\000s\000i\000g\000n\000\040\000C\000o\000n\000s\000i\000d\000e\000r\000a\000t\000i\000o\000n\000s}{section.4}% 16
\BOOKMARK [2][-]{subsection.4.3}{\376\377\000P\000h\000a\000s\000e\000\040\0001\000:\000\040\000H\000y\000b\000r\000i\000d\000\040\000S\000y\000s\000c\000a\000l\000l\000\040\000A\000c\000c\000e\000s\000s\000\040\000L\000i\000s\000t\000i\000n\000g\000\040\000a\000n\000d\000\040\000S\000e\000c\000c\000o\000m\000p\000\040\000P\000r\000o\000f\000i\000l\000i\000n\000g}{section.4}% 17
\BOOKMARK [3][-]{subsubsection.4.3.1}{\376\377\000S\000t\000a\000t\000i\000c\000\040\000A\000n\000a\000l\000y\000s\000i\000s}{subsection.4.3}% 18
\BOOKMARK [3][-]{subsubsection.4.3.2}{\376\377\000D\000y\000n\000a\000m\000i\000c\000\040\000P\000r\000o\000f\000i\000l\000i\000n\000g\000:\000\040\000C\000a\000p\000t\000u\000r\000i\000n\000g\000\040\000R\000u\000n\000t\000i\000m\000e\000\040\000B\000e\000h\000a\000v\000i\000o\000r}{subsection.4.3}% 19
\BOOKMARK [3][-]{subsubsection.4.3.3}{\376\377\000T\000h\000r\000e\000a\000t\000\040\000I\000n\000t\000e\000l\000l\000i\000g\000e\000n\000c\000e\000:\000\040\000C\000V\000E\000-\000B\000a\000s\000e\000d\000\040\000S\000y\000s\000c\000a\000l\000l\000\040\000F\000i\000l\000t\000e\000r\000i\000n\000g}{subsection.4.3}% 20
\BOOKMARK [3][-]{subsubsection.4.3.4}{\376\377\000F\000i\000n\000a\000l\000\040\000A\000c\000c\000e\000s\000s\000\040\000L\000i\000s\000t\000\040\000S\000y\000n\000t\000h\000e\000s\000i\000s\000\040\000a\000n\000d\000\040\000P\000o\000l\000i\000c\000y\000\040\000G\000e\000n\000e\000r\000a\000t\000i\000o\000n}{subsection.4.3}% 21
\BOOKMARK [3][-]{subsubsection.4.3.5}{\376\377\000C\000o\000n\000t\000a\000i\000n\000e\000r\000-\000S\000p\000e\000c\000i\000f\000i\000c\000\040\000P\000o\000l\000i\000c\000y\000\040\000U\000p\000l\000o\000a\000d}{subsection.4.3}% 22
\BOOKMARK [2][-]{subsection.4.4}{\376\377\000P\000h\000a\000s\000e\000\040\0002\000:\000\040\000R\000e\000a\000l\000-\000T\000i\000m\000e\000\040\000M\000o\000n\000i\000t\000o\000r\000i\000n\000g\000\040\000a\000n\000d\000\040\000S\000y\000s\000c\000a\000l\000l\000\040\000A\000n\000o\000m\000a\000l\000y\000\040\000D\000e\000t\000e\000c\000t\000i\000o\000n\000\040\000\050\000S\000y\000s\000c\000a\000l\000l\000A\000D\000\051}{section.4}% 23
\BOOKMARK [3][-]{subsubsection.4.4.1}{\376\377\000T\000h\000e\000\040\000D\000o\000n\000g\000T\000i\000n\000g\000\040\000D\000a\000t\000a\000s\000e\000t\000:\000\040\000B\000e\000h\000a\000v\000i\000o\000r\000a\000l\000\040\000B\000a\000s\000e\000l\000i\000n\000e\000s\000\040\000f\000o\000r\000\040\000D\000e\000t\000e\000c\000t\000i\000o\000n}{subsection.4.4}% 24
\BOOKMARK [3][-]{subsubsection.4.4.2}{\376\377\000P\000r\000e\000f\000i\000x\000S\000p\000a\000n\000\040\000P\000a\000t\000t\000e\000r\000n\000\040\000M\000i\000n\000i\000n\000g\000:\000\040\000E\000x\000t\000r\000a\000c\000t\000i\000n\000g\000\040\000T\000r\000u\000s\000t\000e\000d\000\040\000S\000y\000s\000c\000a\000l\000l\000\040\000T\000e\000m\000p\000l\000a\000t\000e\000s}{subsection.4.4}% 25
\BOOKMARK [3][-]{subsubsection.4.4.3}{\376\377\000F\000e\000a\000t\000u\000r\000e\000\040\000E\000n\000g\000i\000n\000e\000e\000r\000i\000n\000g\000:\000\040\000S\000t\000r\000u\000c\000t\000u\000r\000i\000n\000g\000\040\000S\000y\000s\000c\000a\000l\000l\000\040\000S\000e\000q\000u\000e\000n\000c\000e\000s\000\040\000f\000o\000r\000\040\000D\000e\000t\000e\000c\000t\000i\000o\000n}{subsection.4.4}% 26
\BOOKMARK [3][-]{subsubsection.4.4.4}{\376\377\000S\000y\000s\000c\000a\000l\000l\000A\000D\000:\000\040\000H\000y\000b\000r\000i\000d\000\040\000D\000e\000e\000p\000\040\000L\000e\000a\000r\000n\000i\000n\000g\000\040\000a\000n\000d\000\040\000A\000n\000o\000m\000a\000l\000y\000\040\000D\000e\000t\000e\000c\000t\000i\000o\000n\000\040\000E\000n\000g\000i\000n\000e}{subsection.4.4}% 27
\BOOKMARK [3][-]{subsubsection.4.4.5}{\376\377\000R\000e\000a\000l\000-\000T\000i\000m\000e\000\040\000M\000o\000n\000i\000t\000o\000r\000i\000n\000g\000\040\000w\000i\000t\000h\000\040\000e\000B\000P\000F\000:\000\040\000L\000o\000w\000-\000O\000v\000e\000r\000h\000e\000a\000d\000\040\000C\000o\000n\000t\000a\000i\000n\000e\000r\000-\000A\000w\000a\000r\000e\000\040\000S\000y\000s\000c\000a\000l\000l\000\040\000C\000a\000p\000t\000u\000r\000e}{subsection.4.4}% 28
\BOOKMARK [3][-]{subsubsection.4.4.6}{\376\377\000D\000e\000v\000O\000p\000s\000\040\000I\000n\000t\000e\000g\000r\000a\000t\000i\000o\000n\000:\000\040\000C\000o\000n\000t\000i\000n\000u\000o\000u\000s\000\040\000M\000o\000d\000e\000l\000\040\000R\000e\000f\000i\000n\000e\000m\000e\000n\000t}{subsection.4.4}% 29
\BOOKMARK [2][-]{subsection.4.5}{\376\377\000P\000h\000a\000s\000e\000\040\0003\000:\000\040\000A\000d\000a\000p\000t\000i\000v\000e\000\040\000S\000y\000s\000c\000a\000l\000l\000\040\000E\000n\000f\000o\000r\000c\000e\000m\000e\000n\000t\000\040\000a\000n\000d\000\040\000P\000o\000l\000i\000c\000y\000\040\000M\000a\000n\000a\000g\000e\000m\000e\000n\000t}{section.4}% 30
\BOOKMARK [3][-]{subsubsection.4.5.1}{\376\377\000R\000i\000s\000k\000\040\000S\000c\000o\000r\000i\000n\000g\000\040\000M\000e\000c\000h\000a\000n\000i\000s\000m}{subsection.4.5}% 31
\BOOKMARK [3][-]{subsubsection.4.5.2}{\376\377\000e\000B\000P\000F\000-\000B\000a\000s\000e\000d\000\040\000E\000n\000f\000o\000r\000c\000e\000m\000e\000n\000t}{subsection.4.5}% 32
\BOOKMARK [3][-]{subsubsection.4.5.3}{\376\377\000U\000s\000e\000\040\000C\000a\000s\000e\000:\000\040\000P\000r\000i\000v\000i\000l\000e\000g\000e\000\040\000E\000s\000c\000a\000l\000a\000t\000i\000o\000n\000\040\000A\000t\000t\000e\000m\000p\000t\000\040\000a\000n\000d\000\040\000R\000e\000a\000l\000-\000W\000o\000r\000l\000d\000\040\000C\000V\000E\000\040\000D\000e\000f\000e\000n\000s\000e}{subsection.4.5}% 33
\BOOKMARK [1][-]{section.5}{\376\377\000E\000x\000p\000e\000r\000i\000m\000e\000n\000t\000\040\000E\000v\000a\000l\000u\000a\000t\000i\000o\000n\000\040\000a\000n\000d\000\040\000R\000e\000s\000u\000l\000t\000s}{}% 34
\BOOKMARK [2][-]{subsection.5.1}{\376\377\000E\000x\000p\000e\000r\000i\000m\000e\000n\000t\000a\000l\000\040\000S\000e\000t\000u\000p}{section.5}% 35
\BOOKMARK [3][-]{subsubsection.5.1.1}{\376\377\000I\000n\000f\000r\000a\000s\000t\000r\000u\000c\000t\000u\000r\000e}{subsection.5.1}% 36
\BOOKMARK [3][-]{subsubsection.5.1.2}{\376\377\000C\000o\000n\000t\000a\000i\000n\000e\000r\000\040\000W\000o\000r\000k\000l\000o\000a\000d\000s}{subsection.5.1}% 37
\BOOKMARK [3][-]{subsubsection.5.1.3}{\376\377\000W\000o\000r\000k\000l\000o\000a\000d\000\040\000G\000e\000n\000e\000r\000a\000t\000i\000o\000n}{subsection.5.1}% 38
\BOOKMARK [3][-]{subsubsection.5.1.4}{\376\377\000A\000t\000t\000a\000c\000k\000\040\000S\000i\000m\000u\000l\000a\000t\000i\000o\000n}{subsection.5.1}% 39
\BOOKMARK [3][-]{subsubsection.5.1.5}{\376\377\000B\000a\000s\000e\000l\000i\000n\000e\000\040\000C\000o\000m\000p\000a\000r\000i\000s\000o\000n\000s}{subsection.5.1}% 40
\BOOKMARK [2][-]{subsection.5.2}{\376\377\000E\000v\000a\000l\000u\000a\000t\000i\000o\000n\000\040\000M\000e\000t\000r\000i\000c\000s}{section.5}% 41
\BOOKMARK [3][-]{subsubsection.5.2.1}{\376\377\000S\000y\000s\000c\000a\000l\000l\000\040\000R\000e\000d\000u\000c\000t\000i\000o\000n\000\040\000R\000a\000t\000e\000\040\000\050\000S\000R\000R\000\051}{subsection.5.2}% 42
\BOOKMARK [3][-]{subsubsection.5.2.2}{\376\377\000A\000n\000o\000m\000a\000l\000y\000\040\000D\000e\000t\000e\000c\000t\000i\000o\000n\000\040\000P\000e\000r\000f\000o\000r\000m\000a\000n\000c\000e}{subsection.5.2}% 43
\BOOKMARK [3][-]{subsubsection.5.2.3}{\376\377\000A\000t\000t\000a\000c\000k\000\040\000D\000e\000t\000e\000c\000t\000i\000o\000n\000\040\000L\000a\000t\000e\000n\000c\000y}{subsection.5.2}% 44
\BOOKMARK [3][-]{subsubsection.5.2.4}{\376\377\000E\000n\000f\000o\000r\000c\000e\000m\000e\000n\000t\000\040\000O\000v\000e\000r\000h\000e\000a\000d}{subsection.5.2}% 45
\BOOKMARK [3][-]{subsubsection.5.2.5}{\376\377\000A\000d\000a\000p\000t\000a\000b\000i\000l\000i\000t\000y\000\040\000a\000n\000d\000\040\000C\000o\000m\000p\000a\000r\000i\000s\000o\000n\000\040\000M\000e\000t\000r\000i\000c\000s}{subsection.5.2}% 46
\BOOKMARK [2][-]{subsection.5.3}{\376\377\000C\000o\000m\000p\000a\000r\000a\000t\000i\000v\000e\000\040\000R\000e\000s\000u\000l\000t\000s}{section.5}% 47
\BOOKMARK [3][-]{subsubsection.5.3.1}{\376\377\000S\000y\000s\000c\000a\000l\000l\000\040\000R\000e\000d\000u\000c\000t\000i\000o\000n\000\040\000R\000a\000t\000e\000\040\000\050\000S\000R\000R\000\051\000\040\000C\000o\000m\000p\000a\000r\000i\000s\000o\000n}{subsection.5.3}% 48
\BOOKMARK [3][-]{subsubsection.5.3.2}{\376\377\000F\000u\000n\000c\000t\000i\000o\000n\000a\000l\000\040\000S\000t\000a\000b\000i\000l\000i\000t\000y}{subsection.5.3}% 49
\BOOKMARK [3][-]{subsubsection.5.3.3}{\376\377\000A\000t\000t\000a\000c\000k\000\040\000P\000r\000e\000v\000e\000n\000t\000i\000o\000n}{subsection.5.3}% 50
\BOOKMARK [3][-]{table.7}{\376\377\000B\000a\000s\000e\000l\000i\000n\000e\000\040\000C\000o\000m\000p\000a\000r\000i\000s\000o\000n\000\040\000M\000e\000t\000r\000i\000c\000s}{subsection.5.3}% 51
\BOOKMARK [2][-]{subsection.5.4}{\376\377\000R\000u\000n\000t\000i\000m\000e\000\040\000P\000e\000r\000f\000o\000r\000m\000a\000n\000c\000e}{section.5}% 52
\BOOKMARK [3][-]{subsubsection.5.4.1}{\376\377\000C\000P\000U\000\040\000a\000n\000d\000\040\000M\000e\000m\000o\000r\000y\000\040\000O\000v\000e\000r\000h\000e\000a\000d}{subsection.5.4}% 53
\BOOKMARK [3][-]{subsubsection.5.4.2}{\376\377\000P\000o\000l\000i\000c\000y\000\040\000U\000p\000d\000a\000t\000e\000\040\000L\000a\000t\000e\000n\000c\000y}{subsection.5.4}% 54
\BOOKMARK [3][-]{subsubsection.5.4.3}{\376\377\000S\000y\000s\000c\000a\000l\000l\000\040\000L\000a\000t\000e\000n\000c\000y\000\040\000O\000v\000e\000r\000h\000e\000a\000d}{subsection.5.4}% 55
\BOOKMARK [3][-]{subsubsection.5.4.4}{\376\377\000A\000n\000o\000m\000a\000l\000y\000\040\000D\000e\000t\000e\000c\000t\000i\000o\000n\000\040\000P\000e\000r\000f\000o\000r\000m\000a\000n\000c\000e}{subsection.5.4}% 56
\BOOKMARK [3][-]{subsubsection.5.4.5}{\376\377\000F\000e\000a\000t\000u\000r\000e\000\040\000C\000o\000m\000p\000a\000r\000i\000s\000o\000n\000\040\000w\000i\000t\000h\000\040\000E\000x\000i\000s\000t\000i\000n\000g\000\040\000M\000e\000t\000h\000o\000d\000s}{subsection.5.4}% 57
\BOOKMARK [2][-]{subsection.5.5}{\376\377\000A\000b\000l\000a\000t\000i\000o\000n\000\040\000S\000t\000u\000d\000y\000:\000\040\000P\000h\000a\000s\000e\000-\000W\000i\000s\000e\000\040\000C\000o\000n\000t\000r\000i\000b\000u\000t\000i\000o\000n}{section.5}% 58
\BOOKMARK [1][-]{section.6}{\376\377\000D\000i\000s\000c\000u\000s\000s\000i\000o\000n}{}% 59
\BOOKMARK [2][-]{subsection.6.1}{\376\377\000H\000y\000b\000r\000i\000d\000\040\000A\000n\000a\000l\000y\000s\000i\000s\000\040\000A\000d\000v\000a\000n\000t\000a\000g\000e}{section.6}% 60
\BOOKMARK [2][-]{subsection.6.2}{\376\377\000S\000u\000p\000e\000r\000i\000o\000r\000\040\000R\000e\000d\000u\000c\000t\000i\000o\000n\000\040\000W\000i\000t\000h\000o\000u\000t\000\040\000F\000u\000n\000c\000t\000i\000o\000n\000a\000l\000\040\000L\000o\000s\000s}{section.6}% 61
\BOOKMARK [2][-]{subsection.6.3}{\376\377\000H\000i\000g\000h\000-\000P\000e\000r\000f\000o\000r\000m\000a\000n\000c\000e\000\040\000R\000e\000a\000l\000-\000T\000i\000m\000e\000\040\000E\000n\000f\000o\000r\000c\000e\000m\000e\000n\000t}{section.6}% 62
\BOOKMARK [2][-]{subsection.6.4}{\376\377\000A\000d\000a\000p\000t\000i\000v\000e\000\040\000R\000e\000s\000p\000o\000n\000s\000e\000\040\000t\000o\000\040\000T\000h\000r\000e\000a\000t\000s}{section.6}% 63
\BOOKMARK [2][-]{subsection.6.5}{\376\377\000L\000i\000m\000i\000t\000a\000t\000i\000o\000n\000s\000\040\000a\000n\000d\000\040\000F\000u\000t\000u\000r\000e\000\040\000W\000o\000r\000k}{section.6}% 64
\BOOKMARK [1][-]{section.7}{\376\377\000C\000o\000n\000c\000l\000u\000s\000i\000o\000n}{}% 65
\BOOKMARK [1][-]{section*.1}{\376\377\000A\000p\000p\000e\000n\000d\000i\000x\000\040\000A\000:\000\040\000R\000u\000l\000e\000-\000B\000a\000s\000e\000d\000\040\000C\000V\000E\000\040\000P\000a\000r\000s\000e\000r\000\040\000f\000o\000r\000\040\000S\000y\000s\000c\000a\000l\000l\000\040\000E\000x\000t\000r\000a\000c\000t\000i\000o\000n}{}% 66
\BOOKMARK [2][-]{subsection.Appendix.A.1}{\376\377\000S\000c\000o\000p\000e\000\040\000a\000n\000d\000\040\000D\000e\000s\000i\000g\000n\000\040\000P\000r\000i\000n\000c\000i\000p\000l\000e\000s}{section*.1}% 67
\BOOKMARK [2][-]{subsection.Appendix.A.2}{\376\377\000S\000y\000s\000c\000a\000l\000l\000\040\000D\000i\000c\000t\000i\000o\000n\000a\000r\000y\000\040\000C\000o\000n\000s\000t\000r\000u\000c\000t\000i\000o\000n}{section*.1}% 68
\BOOKMARK [2][-]{subsection.Appendix.A.3}{\376\377\000E\000x\000t\000r\000a\000c\000t\000i\000o\000n\000\040\000a\000n\000d\000\040\000F\000i\000l\000t\000e\000r\000i\000n\000g\000\040\000R\000u\000l\000e\000s}{section*.1}% 69
\BOOKMARK [2][-]{subsection.Appendix.A.4}{\376\377\000A\000l\000g\000o\000r\000i\000t\000h\000m\000\040\000P\000s\000e\000u\000d\000o\000c\000o\000d\000e}{section*.1}% 70
\BOOKMARK [2][-]{subsection.Appendix.A.5}{\376\377\000R\000e\000a\000l\000-\000W\000o\000r\000l\000d\000\040\000F\000i\000l\000t\000e\000r\000i\000n\000g\000\040\000E\000x\000a\000m\000p\000l\000e\000s}{section*.1}% 71
\BOOKMARK [1][-]{section*.4}{\376\377\000R\000e\000f\000e\000r\000e\000n\000c\000e\000s}{}% 72
