This is LuaHBTeX, Version 1.24.0 (TeX Live 2026)  (format=lualatex 2026.5.10)  14 MAY 2026 05:42
 restricted system commands enabled.
**main_en.tex
(./main_en.tex
LaTeX2e <2025-11-01>
L3 programming layer <2026-03-20>
Lua module: luaotfload 2024-12-03 v3.29 Lua based OpenType font support
Lua module: lualibs 2023-07-13 v2.76 ConTeXt Lua standard libraries.
Lua module: lualibs-extended 2023-07-13 v2.76 ConTeXt Lua libraries -- extended 
collection.
luaotfload | conf : Root cache directory is "/usr/local/texlive/2026/texmf-var/l
uatex-cache/generic/names".
luaotfload | init : Loading fontloader "fontloader-2023-12-28.lua" from kpse-res
olved path "/usr/local/texlive/2026/texmf-dist/tex/luatex/luaotfload/fontloader-
2023-12-28.lua".
Lua-only attribute luaotfload@noligature = 1
luaotfload | init : Context OpenType loader version 3.134
Inserting `luaotfload.node_processor' in `pre_linebreak_filter'.
Inserting `luaotfload.node_processor' in `hpack_filter'.
Inserting `luaotfload.glyph_stream' in `glyph_stream_provider'.
Inserting `luaotfload.define_font' in `define_font'.
Lua-only attribute luaotfload_color_attribute = 2
luaotfload | conf : Root cache directory is "/usr/local/texlive/2026/texmf-var/l
uatex-cache/generic/names".
Inserting `luaotfload.harf.strip_prefix' in `find_opentype_file'.
Inserting `luaotfload.harf.strip_prefix' in `find_truetype_file'.
Removing  `luaotfload.glyph_stream' from `glyph_stream_provider'.
Inserting `luaotfload.harf.glyphstream' in `glyph_stream_provider'.
Inserting `luaotfload.harf.finalize_vlist' in `post_linebreak_filter'.
Inserting `luaotfload.harf.finalize_hlist' in `hpack_filter'.
Inserting `luaotfload.cleanup_files' in `wrapup_run'.
Inserting `luaotfload.harf.finalize_unicode' in `finish_pdffile'.
Inserting `luaotfload.glyphinfo' in `glyph_info'.
Lua-only attribute luaotfload.letterspace_done = 3
Inserting `luaotfload.aux.set_sscale_dimens' in `luaotfload.patch_font'.
Inserting `luaotfload.aux.set_font_index' in `luaotfload.patch_font'.
Inserting `luaotfload.aux.patch_cambria_domh' in `luaotfload.patch_font'.
Inserting `luaotfload.aux.fixup_fontdata' in `luaotfload.patch_font_unsafe'.
Inserting `luaotfload.aux.set_capheight' in `luaotfload.patch_font'.
Inserting `luaotfload.aux.set_xheight' in `luaotfload.patch_font'.
Inserting `luaotfload.rewrite_fontname' in `luaotfload.patch_font'.
Inserting `tracingstacklevels' in `input_level_string'. (/usr/local/texlive/202
6/texmf-dist/tex/latex/ieeetran/IEEEtran.cls
Document Class: IEEEtran 2015/08/26 V1.8b by Michael Shell
-- See the "IEEEtran_HOWTO" manual for usage information.
-- http://www.michaelshell.org/tex/ieeetran/
\@IEEEtrantmpdimenA=\dimen149
\@IEEEtrantmpdimenB=\dimen150
\@IEEEtrantmpdimenC=\dimen151
\@IEEEtrantmpcountA=\count273
\@IEEEtrantmpcountB=\count274
\@IEEEtrantmpcountC=\count275
\@IEEEtrantmptoksA=\toks17
LaTeX Font Info:    Trying to load font information for TU+ptm on input line 50
3.
LaTeX Font Info:    No file TUptm.fd. on input line 503.

LaTeX Font Warning: Font shape `TU/ptm/m/n' undefined
(Font)              using `TU/lmr/m/n' instead on input line 503.

luaotfload | db : Font names database loaded from /usr/local/texlive/2026/texmf-
var/luatex-cache/generic/names/luaotfload-names.luc.gz
-- Using 8.5in x 11in (letter) paper.
-- Using DVI output.
\@IEEEnormalsizeunitybaselineskip=\dimen152
-- This is a 10 point document.
LaTeX Encoding Info:    Redeclaring text command \textunderscore (encoding ?) o
n input line 937.
\CLASSINFOnormalsizebaselineskip=\dimen153
\CLASSINFOnormalsizeunitybaselineskip=\dimen154
\IEEEnormaljot=\dimen155

LaTeX Font Warning: Font shape `TU/ptm/bx/n' undefined
(Font)              using `TU/ptm/m/n' instead on input line 1090.


LaTeX Font Warning: Font shape `TU/ptm/m/it' undefined
(Font)              using `TU/ptm/m/n' instead on input line 1090.


LaTeX Font Warning: Font shape `TU/ptm/bx/it' undefined
(Font)              using `TU/ptm/bx/n' instead on input line 1090.

\IEEEquantizedlength=\dimen156
\IEEEquantizedlengthdiff=\dimen157
\IEEEquantizedtextheightdiff=\dimen158
\IEEEilabelindentA=\dimen159
\IEEEilabelindentB=\dimen160
\IEEEilabelindent=\dimen161
\IEEEelabelindent=\dimen162
\IEEEdlabelindent=\dimen163
\IEEElabelindent=\dimen164
\IEEEiednormlabelsep=\dimen165
\IEEEiedmathlabelsep=\dimen166
\IEEEiedtopsep=\skip49
\c@section=\count276
\c@subsection=\count277
\c@subsubsection=\count278
\c@paragraph=\count279
\c@IEEEsubequation=\count280
\abovecaptionskip=\skip50
\belowcaptionskip=\skip51
\c@figure=\count281
\c@table=\count282
\@IEEEeqnnumcols=\count283
\@IEEEeqncolcnt=\count284
\@IEEEsubeqnnumrollback=\count285
\@IEEEquantizeheightA=\dimen167
\@IEEEquantizeheightB=\dimen168
\@IEEEquantizeheightC=\dimen169
\@IEEEquantizeprevdepth=\dimen170
\@IEEEquantizemultiple=\count286
\@IEEEquantizeboxA=\box53
\@IEEEtmpitemindent=\dimen171
\IEEEPARstartletwidth=\dimen172
\c@IEEEbiography=\count287
\@IEEEtranrubishbin=\box54
) (/usr/local/texlive/2026/texmf-dist/tex/latex/fontspec/fontspec.sty
(/usr/local/texlive/2026/texmf-dist/tex/latex/l3packages/xparse/xparse.sty
(/usr/local/texlive/2026/texmf-dist/tex/latex/l3kernel/expl3.sty
Package: expl3 2026-03-20 L3 programming layer (loader) 

(/usr/local/texlive/2026/texmf-dist/tex/latex/l3backend/l3backend-luatex.def
File: l3backend-luatex.def 2026-02-18 L3 backend support: PDF output (LuaTeX)
\l__color_backend_stack_int=\count288
Inserting `l3color' in `luaotfload.parse_color'.))
Package: xparse 2025-10-09 L3 Experimental document command parser
)
Package: fontspec 2025/09/29 v2.9g Font selection for XeLaTeX and LuaLaTeX
Lua module: fontspec 2025/09/29 v2.9g Font selection for XeLaTeX and LuaLaTeX (/usr/local/texlive/2026/texmf-dist/tex/latex/fontspec/fontspec-luatex.sty
Package: fontspec-luatex 2025/09/29 v2.9g Font selection for XeLaTeX and LuaLaT
eX
\l__fontspec_script_int=\count289
\l__fontspec_language_int=\count290
\l__fontspec_strnum_int=\count291
\l__fontspec_tmp_int=\count292
\l__fontspec_tmpa_int=\count293
\l__fontspec_tmpb_int=\count294
\l__fontspec_tmpc_int=\count295
\l__fontspec_em_int=\count296
\l__fontspec_emdef_int=\count297
\l__fontspec_strong_int=\count298
\l__fontspec_strongdef_int=\count299
\l__fontspec_tmpa_dim=\dimen173
\l__fontspec_tmpb_dim=\dimen174
\l__fontspec_tmpc_dim=\dimen175

(/usr/local/texlive/2026/texmf-dist/tex/latex/base/fontenc.sty
Package: fontenc 2025/07/18 v2.1d Standard LaTeX package
)
(/usr/local/texlive/2026/texmf-dist/tex/latex/fontspec/fontspec.cfg)))
(/usr/local/texlive/2026/texmf-dist/tex/latex/amsmath/amsmath.sty
Package: amsmath 2025/07/09 v2.17z AMS math features
\@mathmargin=\skip52

For additional information on amsmath, use the `?' option.
(/usr/local/texlive/2026/texmf-dist/tex/latex/amsmath/amstext.sty
Package: amstext 2024/11/17 v2.01 AMS text

(/usr/local/texlive/2026/texmf-dist/tex/latex/amsmath/amsgen.sty
File: amsgen.sty 1999/11/30 v2.0 generic functions
\@emptytoks=\toks18
\ex@=\dimen176
))
(/usr/local/texlive/2026/texmf-dist/tex/latex/amsmath/amsbsy.sty
Package: amsbsy 1999/11/29 v1.2d Bold Symbols
\pmbraise@=\dimen177
)
(/usr/local/texlive/2026/texmf-dist/tex/latex/amsmath/amsopn.sty
Package: amsopn 2022/04/08 v2.04 operator names
)
\inf@bad=\count300
LaTeX Info: Redefining \frac on input line 235.
\uproot@=\count301
\leftroot@=\count302
LaTeX Info: Redefining \overline on input line 398.
LaTeX Info: Redefining \colon on input line 409.
\classnum@=\count303
\DOTSCASE@=\count304
LaTeX Info: Redefining \ldots on input line 495.
LaTeX Info: Redefining \dots on input line 498.
LaTeX Info: Redefining \cdots on input line 619.
\Mathstrutbox@=\box55
\strutbox@=\box56
LaTeX Info: Redefining \big on input line 721.
LaTeX Info: Redefining \Big on input line 722.
LaTeX Info: Redefining \bigg on input line 723.
LaTeX Info: Redefining \Bigg on input line 724.
\big@size=\dimen178
LaTeX Font Info:    Redeclaring font encoding OML on input line 742.
LaTeX Font Info:    Redeclaring font encoding OMS on input line 743.
\macc@depth=\count305
LaTeX Info: Redefining \bmod on input line 904.
LaTeX Info: Redefining \pmod on input line 909.
LaTeX Info: Redefining \smash on input line 939.
LaTeX Info: Redefining \relbar on input line 969.
LaTeX Info: Redefining \Relbar on input line 970.
\c@MaxMatrixCols=\count306
\dotsspace@=\muskip17
\c@parentequation=\count307
\dspbrk@lvl=\count308
\tag@help=\toks19
\row@=\count309
\column@=\count310
\maxfields@=\count311
\andhelp@=\toks20
\eqnshift@=\dimen179
\alignsep@=\dimen180
\tagshift@=\dimen181
\tagwidth@=\dimen182
\totwidth@=\dimen183
\lineht@=\dimen184
\@envbody=\toks21
\multlinegap=\skip53
\multlinetaggap=\skip54
\mathdisplay@stack=\toks22
LaTeX Info: Redefining \[ on input line 2950.
LaTeX Info: Redefining \] on input line 2951.
)
(/usr/local/texlive/2026/texmf-dist/tex/latex/amsfonts/amssymb.sty
Package: amssymb 2013/01/14 v3.01 AMS font symbols

(/usr/local/texlive/2026/texmf-dist/tex/latex/amsfonts/amsfonts.sty
Package: amsfonts 2013/01/14 v3.01 Basic AMSFonts support
\symAMSa=\mathgroup4
\symAMSb=\mathgroup5
LaTeX Font Info:    Redeclaring math symbol \hbar on input line 98.
LaTeX Font Info:    Overwriting math alphabet `\mathfrak' in version `bold'
(Font)                  U/euf/m/n --> U/euf/b/n on input line 106.
))
(/usr/local/texlive/2026/texmf-dist/tex/latex/mathtools/mathtools.sty
Package: mathtools 2024/10/04 v1.31 mathematical typesetting tools

(/usr/local/texlive/2026/texmf-dist/tex/latex/graphics/keyval.sty
Package: keyval 2022/05/29 v1.15 key=value parser (DPC)
\KV@toks@=\toks23
)
(/usr/local/texlive/2026/texmf-dist/tex/latex/tools/calc.sty
Package: calc 2025/03/01 v4.3b Infix arithmetic (KKT,FJ)
\calc@Acount=\count312
\calc@Bcount=\count313
\calc@Adimen=\dimen185
\calc@Bdimen=\dimen186
\calc@Askip=\skip55
\calc@Bskip=\skip56
LaTeX Info: Redefining \setlength on input line 86.
LaTeX Info: Redefining \addtolength on input line 87.
\calc@Ccount=\count314
\calc@Cskip=\skip57
)
(/usr/local/texlive/2026/texmf-dist/tex/latex/mathtools/mhsetup.sty
Package: mhsetup 2021/03/18 v1.4 programming setup (MH)
)
\g_MT_multlinerow_int=\count315
\l_MT_multwidth_dim=\dimen187
\origjot=\skip58
\l_MT_shortvdotswithinadjustabove_dim=\dimen188
\l_MT_shortvdotswithinadjustbelow_dim=\dimen189
\l_MT_above_intertext_sep=\dimen190
\l_MT_below_intertext_sep=\dimen191
\l_MT_above_shortintertext_sep=\dimen192
\l_MT_below_shortintertext_sep=\dimen193
\xmathstrut@box=\box57
\xmathstrut@dim=\dimen194
)
(/usr/local/texlive/2026/texmf-dist/tex/latex/algorithms/algorithm.sty
Package: algorithm 2009/08/24 v0.1 Document Style `algorithm' - floating enviro
nment

(/usr/local/texlive/2026/texmf-dist/tex/latex/float/float.sty
Package: float 2001/11/08 v1.3d Float enhancements (AL)
\c@float@type=\count316
\float@exts=\toks24
\float@box=\box58
\@float@everytoks=\toks25
\@floatcapt=\box59
)
(/usr/local/texlive/2026/texmf-dist/tex/latex/base/ifthen.sty
Package: ifthen 2024/03/16 v1.1e Standard LaTeX ifthen package (DPC)
)
\@float@every@algorithm=\toks26
\c@algorithm=\count317
)
(/usr/local/texlive/2026/texmf-dist/tex/latex/algorithmicx/algpseudocode.sty
Package: algpseudocode 

(/usr/local/texlive/2026/texmf-dist/tex/latex/algorithmicx/algorithmicx.sty
Package: algorithmicx 2005/04/27 v1.2 Algorithmicx

Document Style algorithmicx 1.2 - a greatly improved `algorithmic' style
\c@ALG@line=\count318
\c@ALG@rem=\count319
\c@ALG@nested=\count320
\ALG@tlm=\skip59
\ALG@thistlm=\skip60
\c@ALG@Lnr=\count321
\c@ALG@blocknr=\count322
\c@ALG@storecount=\count323
\c@ALG@tmpcounter=\count324
\ALG@tmplength=\skip61
)
Document Style - pseudocode environments for use with the `algorithmicx' style
) (/usr/local/texlive/2026/texmf-dist/tex/latex/listings/listings.sty
\lst@mode=\count325
\lst@gtempboxa=\box60
\lst@token=\toks27
\lst@length=\count326
\lst@currlwidth=\dimen195
\lst@column=\count327
\lst@pos=\count328
\lst@lostspace=\dimen196
\lst@width=\dimen197
\lst@newlines=\count329
\lst@lineno=\count330
\lst@maxwidth=\dimen198

(/usr/local/texlive/2026/texmf-dist/tex/latex/listings/lstpatch.sty
File: lstpatch.sty 2025/11/14 1.11b (Carsten Heinz)
)
(/usr/local/texlive/2026/texmf-dist/tex/latex/listings/lstmisc.sty
File: lstmisc.sty 2025/11/14 1.11b (Carsten Heinz)
\c@lstnumber=\count331
\lst@skipnumbers=\count332
\lst@framebox=\box61
)
(/usr/local/texlive/2026/texmf-dist/tex/latex/listings/listings.cfg
File: listings.cfg 2025/11/14 1.11b listings configuration
))
Package: listings 2025/11/14 1.11b (Carsten Heinz)

==> First Aid for listings.sty no longer applied!
    Expected:
        2024/09/23 1.10c (Carsten Heinz)
    but found:
        2025/11/14 1.11b (Carsten Heinz)
    so I'm assuming it got fixed.
(/usr/local/texlive/2026/texmf-dist/tex/latex/xcolor/xcolor.sty
Package: xcolor 2024/09/29 v3.02 LaTeX color extensions (UK)

(/usr/local/texlive/2026/texmf-dist/tex/latex/graphics-cfg/color.cfg
File: color.cfg 2016/01/02 v1.6 sample color configuration
)
Package xcolor Info: Driver file: luatex.def on input line 274.

(/usr/local/texlive/2026/texmf-dist/tex/latex/graphics-def/luatex.def
File: luatex.def 2025/09/29 v1.2f Graphics/color driver for luatex
)
(/usr/local/texlive/2026/texmf-dist/tex/latex/graphics/mathcolor.ltx)
Package xcolor Info: Model `cmy' substituted by `cmy0' on input line 1349.
Package xcolor Info: Model `hsb' substituted by `rgb' on input line 1353.
Package xcolor Info: Model `RGB' extended on input line 1365.
Package xcolor Info: Model `HTML' substituted by `rgb' on input line 1367.
Package xcolor Info: Model `Hsb' substituted by `hsb' on input line 1368.
Package xcolor Info: Model `tHsb' substituted by `hsb' on input line 1369.
Package xcolor Info: Model `HSB' substituted by `hsb' on input line 1370.
Package xcolor Info: Model `Gray' substituted by `gray' on input line 1371.
Package xcolor Info: Model `wave' substituted by `hsb' on input line 1372.
)
(/usr/local/texlive/2026/texmf-dist/tex/latex/booktabs/booktabs.sty
Package: booktabs 2020/01/12 v1.61803398 Publication quality tables
\heavyrulewidth=\dimen199
\lightrulewidth=\dimen256
\cmidrulewidth=\dimen257
\belowrulesep=\dimen258
\belowbottomsep=\dimen259
\aboverulesep=\dimen260
\abovetopsep=\dimen261
\cmidrulesep=\dimen262
\cmidrulekern=\dimen263
\defaultaddspace=\dimen264
\@cmidla=\count333
\@cmidlb=\count334
\@aboverulesep=\dimen265
\@belowrulesep=\dimen266
\@thisruleclass=\count335
\@lastruleclass=\count336
\@thisrulewidth=\dimen267
)
(/usr/local/texlive/2026/texmf-dist/tex/latex/multirow/multirow.sty
Package: multirow 2024/11/12 v2.9 Span multiple rows of a table
\multirow@colwidth=\skip62
\multirow@cntb=\count337
\multirow@dima=\skip63
\bigstrutjot=\dimen268
)
(/usr/local/texlive/2026/texmf-dist/tex/latex/tools/array.sty
Package: array 2025/09/25 v2.6n Tabular extension package (FMi)
\col@sep=\dimen269
\ar@mcellbox=\box62
\extrarowheight=\dimen270
\NC@list=\toks28
\extratabsurround=\skip64
\backup@length=\skip65
\ar@cellbox=\box63
)
(/usr/local/texlive/2026/texmf-dist/tex/latex/tools/enumerate.sty
Package: enumerate 2023/07/04 v3.00 enumerate extensions (DPC)
\@enLab=\toks29
)
(/usr/local/texlive/2026/texmf-dist/tex/latex/graphics/graphicx.sty
Package: graphicx 2024/12/31 v1.2e Enhanced LaTeX Graphics (DPC,SPQR)

(/usr/local/texlive/2026/texmf-dist/tex/latex/graphics/graphics.sty
Package: graphics 2024/08/06 v1.4g Standard LaTeX Graphics (DPC,SPQR)

(/usr/local/texlive/2026/texmf-dist/tex/latex/graphics/trig.sty
Package: trig 2023/12/02 v1.11 sin cos tan (DPC)
)
(/usr/local/texlive/2026/texmf-dist/tex/latex/graphics-cfg/graphics.cfg
File: graphics.cfg 2016/06/04 v1.11 sample graphics configuration
)
Package graphics Info: Driver file: luatex.def on input line 106.
)
\Gin@req@height=\dimen271
\Gin@req@width=\dimen272
)
(/usr/local/texlive/2026/texmf-dist/tex/latex/url/url.sty
\Urlmuskip=\muskip18
Package: url 2013/09/16  ver 3.4  Verb mode for urls, etc.
)
(/usr/local/texlive/2026/texmf-dist/tex/latex/hyperref/hyperref.sty
Package: hyperref 2026-04-24 v7.01q Hypertext links for LaTeX

(/usr/local/texlive/2026/texmf-dist/tex/generic/iftex/iftex.sty
Package: iftex 2024/12/12 v1.0g TeX engine tests
)
(/usr/local/texlive/2026/texmf-dist/tex/latex/kvsetkeys/kvsetkeys.sty
Package: kvsetkeys 2022-10-05 v1.19 Key value parser (HO)
)
(/usr/local/texlive/2026/texmf-dist/tex/generic/kvdefinekeys/kvdefinekeys.sty
Package: kvdefinekeys 2019-12-19 v1.6 Define keys (HO)
)
(/usr/local/texlive/2026/texmf-dist/tex/generic/pdfescape/pdfescape.sty
Package: pdfescape 2019/12/09 v1.15 Implements pdfTeX's escape features (HO)

(/usr/local/texlive/2026/texmf-dist/tex/generic/ltxcmds/ltxcmds.sty
Package: ltxcmds 2023-12-04 v1.26 LaTeX kernel commands for general use (HO)
)
(/usr/local/texlive/2026/texmf-dist/tex/generic/pdftexcmds/pdftexcmds.sty
Package: pdftexcmds 2020-06-27 v0.33 Utility functions of pdfTeX for LuaTeX (HO
)

(/usr/local/texlive/2026/texmf-dist/tex/generic/infwarerr/infwarerr.sty
Package: infwarerr 2019/12/03 v1.5 Providing info/warning/error messages (HO)
)
Package pdftexcmds Info: \pdf@primitive is available.
Package pdftexcmds Info: \pdf@ifprimitive is available.
Package pdftexcmds Info: \pdfdraftmode found.
\pdftexcmds@toks=\toks30
))
(/usr/local/texlive/2026/texmf-dist/tex/latex/hycolor/hycolor.sty
Package: hycolor 2020-01-27 v1.10 Color options for hyperref/bookmark (HO)
)
(/usr/local/texlive/2026/texmf-dist/tex/latex/hyperref/nameref.sty
Package: nameref 2026-01-29 v2.58 Cross-referencing by name of section

(/usr/local/texlive/2026/texmf-dist/tex/latex/refcount/refcount.sty
Package: refcount 2019/12/15 v3.6 Data extraction from label references (HO)
)
(/usr/local/texlive/2026/texmf-dist/tex/generic/gettitlestring/gettitlestring.s
ty
Package: gettitlestring 2019/12/15 v1.6 Cleanup title references (HO)
 (/usr/local/texlive/2026/texmf-dist/tex/latex/kvoptions/kvoptions.sty
Package: kvoptions 2022-06-15 v3.15 Key value format for package options (HO)
))
\c@section@level=\count338
)
(/usr/local/texlive/2026/texmf-dist/tex/latex/etoolbox/etoolbox.sty
Package: etoolbox 2025/10/02 v2.5m e-TeX tools for LaTeX (JAW)
\etb@tempcnta=\count339
)
(/usr/local/texlive/2026/texmf-dist/tex/generic/stringenc/stringenc.sty
Package: stringenc 2019/11/29 v1.12 Convert strings between diff. encodings (HO
)
)
\@linkdim=\dimen273
\Hy@linkcounter=\count340
\Hy@pagecounter=\count341

(/usr/local/texlive/2026/texmf-dist/tex/latex/hyperref/pd1enc.def
File: pd1enc.def 2026-04-24 v7.01q Hyperref: PDFDocEncoding definition (HO)
)
(/usr/local/texlive/2026/texmf-dist/tex/generic/intcalc/intcalc.sty
Package: intcalc 2019/12/15 v1.3 Expandable calculations with integers (HO)
)
\Hy@SavedSpaceFactor=\count342

(/usr/local/texlive/2026/texmf-dist/tex/latex/hyperref/puenc.def
File: puenc.def 2026-04-24 v7.01q Hyperref: PDF Unicode definition (HO)
)
Package hyperref Info: Hyper figures OFF on input line 4199.
Package hyperref Info: Link nesting OFF on input line 4204.
Package hyperref Info: Hyper index ON on input line 4207.
Package hyperref Info: Plain pages OFF on input line 4214.
Package hyperref Info: Backreferencing OFF on input line 4219.
Package hyperref Info: Implicit mode ON; LaTeX internals redefined.
Package hyperref Info: Bookmarks ON on input line 4466.
\c@Hy@tempcnt=\count343
LaTeX Info: Redefining \url on input line 4805.
\XeTeXLinkMargin=\dimen274

(/usr/local/texlive/2026/texmf-dist/tex/generic/bitset/bitset.sty
Package: bitset 2019/12/09 v1.3 Handle bit-vector datatype (HO)

(/usr/local/texlive/2026/texmf-dist/tex/generic/bigintcalc/bigintcalc.sty
Package: bigintcalc 2019/12/15 v1.5 Expandable calculations on big integers (HO
)
))
\Fld@menulength=\count344
\Field@Width=\dimen275
\Fld@charsize=\dimen276
Package hyperref Info: Hyper figures OFF on input line 6091.
Package hyperref Info: Link nesting OFF on input line 6096.
Package hyperref Info: Hyper index ON on input line 6099.
Package hyperref Info: backreferencing OFF on input line 6106.
Package hyperref Info: Link coloring OFF on input line 6111.
Package hyperref Info: Link coloring with OCG OFF on input line 6116.
Package hyperref Info: PDF/A mode OFF on input line 6121.
\Hy@abspage=\count345
\c@Item=\count346
\c@Hfootnote=\count347
)
Package hyperref Info: Driver (autodetected): hluatex.

(/usr/local/texlive/2026/texmf-dist/tex/latex/hyperref/hluatex.def
File: hluatex.def 2026-04-24 v7.01q Hyperref driver for luaTeX
\Fld@listcount=\count348
\c@bookmark@seq@number=\count349

(/usr/local/texlive/2026/texmf-dist/tex/latex/rerunfilecheck/rerunfilecheck.sty
Package: rerunfilecheck 2025-06-21 v1.11 Rerun checks for auxiliary files (HO)

(/usr/local/texlive/2026/texmf-dist/tex/generic/uniquecounter/uniquecounter.sty
Package: uniquecounter 2019/12/15 v1.4 Provide unlimited unique counter (HO)
)
Package uniquecounter Info: New unique counter `rerunfilecheck' on input line 2
84.
)
\Hy@SectionHShift=\skip66
) (/usr/local/texlive/2026/texmf-dist/tex/latex/cite/cite.sty
LaTeX Info: Redefining \cite on input line 302.
LaTeX Info: Redefining \nocite on input line 332.
Package: cite 2015/02/27  v 5.5
)
(/output/main_en.aux)
\openout1 = main_en.aux

LaTeX Font Info:    Checking defaults for OML/cmm/m/it on input line 33.
LaTeX Font Info:    ... okay on input line 33.
LaTeX Font Info:    Checking defaults for OMS/cmsy/m/n on input line 33.
LaTeX Font Info:    ... okay on input line 33.
LaTeX Font Info:    Checking defaults for OT1/cmr/m/n on input line 33.
LaTeX Font Info:    ... okay on input line 33.
LaTeX Font Info:    Checking defaults for T1/cmr/m/n on input line 33.
LaTeX Font Info:    ... okay on input line 33.
LaTeX Font Info:    Checking defaults for TS1/cmr/m/n on input line 33.
LaTeX Font Info:    ... okay on input line 33.
LaTeX Font Info:    Checking defaults for TU/lmr/m/n on input line 33.
LaTeX Font Info:    ... okay on input line 33.
LaTeX Font Info:    Checking defaults for OMX/cmex/m/n on input line 33.
LaTeX Font Info:    ... okay on input line 33.
LaTeX Font Info:    Checking defaults for U/cmr/m/n on input line 33.
LaTeX Font Info:    ... okay on input line 33.
LaTeX Font Info:    Checking defaults for PD1/pdf/m/n on input line 33.
LaTeX Font Info:    ... okay on input line 33.
LaTeX Font Info:    Checking defaults for PU/pdf/m/n on input line 33.
LaTeX Font Info:    ... okay on input line 33.

-- Lines per column: 58 (exact).

Package fontspec Info: 
(fontspec)             Adjusting the maths setup (use [no-math] to avoid
(fontspec)             this).

\symlegacymaths=\mathgroup6
LaTeX Font Info:    Overwriting symbol font `legacymaths' in version `bold'
(Font)                  OT1/cmr/m/n --> OT1/cmr/bx/n on input line 33.
LaTeX Font Info:    Redeclaring math accent \acute on input line 33.
LaTeX Font Info:    Redeclaring math accent \grave on input line 33.
LaTeX Font Info:    Redeclaring math accent \ddot on input line 33.
LaTeX Font Info:    Redeclaring math accent \tilde on input line 33.
LaTeX Font Info:    Redeclaring math accent \bar on input line 33.
LaTeX Font Info:    Redeclaring math accent \breve on input line 33.
LaTeX Font Info:    Redeclaring math accent \check on input line 33.
LaTeX Font Info:    Redeclaring math accent \hat on input line 33.
LaTeX Font Info:    Redeclaring math accent \dot on input line 33.
LaTeX Font Info:    Redeclaring math accent \mathring on input line 33.
LaTeX Font Info:    Redeclaring math symbol \Gamma on input line 33.
LaTeX Font Info:    Redeclaring math symbol \Delta on input line 33.
LaTeX Font Info:    Redeclaring math symbol \Theta on input line 33.
LaTeX Font Info:    Redeclaring math symbol \Lambda on input line 33.
LaTeX Font Info:    Redeclaring math symbol \Xi on input line 33.
LaTeX Font Info:    Redeclaring math symbol \Pi on input line 33.
LaTeX Font Info:    Redeclaring math symbol \Sigma on input line 33.
LaTeX Font Info:    Redeclaring math symbol \Upsilon on input line 33.
LaTeX Font Info:    Redeclaring math symbol \Phi on input line 33.
LaTeX Font Info:    Redeclaring math symbol \Psi on input line 33.
LaTeX Font Info:    Redeclaring math symbol \Omega on input line 33.
LaTeX Font Info:    Redeclaring math symbol \mathdollar on input line 33.
LaTeX Font Info:    Redeclaring symbol font `operators' on input line 33.
LaTeX Font Info:    Encoding `OT1' has changed to `TU' for symbol font
(Font)              `operators' in the math version `normal' on input line 33.
LaTeX Font Info:    Overwriting symbol font `operators' in version `normal'
(Font)                  OT1/cmr/m/n --> TU/lmr/m/n on input line 33.
LaTeX Font Info:    Encoding `OT1' has changed to `TU' for symbol font
(Font)              `operators' in the math version `bold' on input line 33.
LaTeX Font Info:    Overwriting symbol font `operators' in version `bold'
(Font)                  OT1/cmr/bx/n --> TU/lmr/m/n on input line 33.
LaTeX Font Info:    Overwriting symbol font `operators' in version `normal'
(Font)                  TU/lmr/m/n --> TU/lmr/m/n on input line 33.
LaTeX Font Info:    Overwriting math alphabet `\mathit' in version `normal'
(Font)                  OT1/cmr/m/it --> TU/lmr/m/it on input line 33.
LaTeX Font Info:    Overwriting math alphabet `\mathbf' in version `normal'
(Font)                  OT1/cmr/bx/n --> TU/lmr/b/n on input line 33.
LaTeX Font Info:    Overwriting math alphabet `\mathsf' in version `normal'
(Font)                  OT1/cmss/m/n --> TU/lmss/m/n on input line 33.
LaTeX Font Info:    Overwriting math alphabet `\mathtt' in version `normal'
(Font)                  OT1/cmtt/m/n --> TU/lmtt/m/n on input line 33.
LaTeX Font Info:    Overwriting symbol font `operators' in version `bold'
(Font)                  TU/lmr/m/n --> TU/lmr/b/n on input line 33.
LaTeX Font Info:    Overwriting math alphabet `\mathit' in version `bold'
(Font)                  OT1/cmr/bx/it --> TU/lmr/b/it on input line 33.
LaTeX Font Info:    Overwriting math alphabet `\mathsf' in version `bold'
(Font)                  OT1/cmss/bx/n --> TU/lmss/b/n on input line 33.
LaTeX Font Info:    Overwriting math alphabet `\mathtt' in version `bold'
(Font)                  OT1/cmtt/m/n --> TU/lmtt/b/n on input line 33.
\c@lstlisting=\count350
(/usr/local/texlive/2026/texmf-dist/tex/context/base/mkii/supp-pdf.mkii
[Loading MPS to PDF converter (version 2006.09.02).]
\scratchcounter=\count351
\scratchdimen=\dimen277
\scratchbox=\box64
\nofMPsegments=\count352
\nofMParguments=\count353
\everyMPshowfont=\toks31
\MPscratchCnt=\count354
\MPscratchDim=\dimen278
\MPnumerator=\count355
\makeMPintoPDFobject=\count356
\everyMPtoPDFconversion=\toks32
) (/usr/local/texlive/2026/texmf-dist/tex/latex/epstopdf-pkg/epstopdf-base.sty
Package: epstopdf-base 2020-01-24 v2.11 Base part for package epstopdf
Package epstopdf-base Info: Redefining graphics rule for `.eps' on input line 4
85.

(/usr/local/texlive/2026/texmf-dist/tex/latex/latexconfig/epstopdf-sys.cfg
File: epstopdf-sys.cfg 2010/07/13 v1.3 Configuration of (r)epstopdf for TeX Liv
e
))
Package hyperref Info: Link coloring OFF on input line 33.

(/output/main_en.out) (/output/main_en.out)
\@outlinefile=\write3

\openout3 = main_en.out
LaTeX Font Info:    Calculating math sizes for size <11> on input line 50.
LaTeX Font Info:    Trying to load font information for U+msa on input line 50.


(/usr/local/texlive/2026/texmf-dist/tex/latex/amsfonts/umsa.fd
File: umsa.fd 2013/01/14 v3.01 AMS symbols A
)
LaTeX Font Info:    Trying to load font information for U+msb on input line 50.


(/usr/local/texlive/2026/texmf-dist/tex/latex/amsfonts/umsb.fd
File: umsb.fd 2013/01/14 v3.01 AMS symbols B
)
Underfull \hbox (badness 10000) in paragraph at lines 50--50
[][][]\TU/lmr/m/n/8 Cor-re-spond-ing au-thor: Has-san Jamil Syed (has-
 []


Underfull \hbox (badness 10000) in paragraph at lines 50--50
[][][]\TU/lmr/m/n/8 Orig-i-nal pub-li-ca-tion: \TU/lmr/m/it/8 IEEE Ac-cess\TU/l
mr/m/n/8 , vol. 13, 2025, DOI:
 []

(./sections_en/00_abstract.tex
Underfull \hbox (badness 10000) in paragraph at lines 1--13
[]\TU/lmr/bx/it/9 Ab-stract\TU/lmr/bx/n/9 ---Containerized ap-pli-ca-tions of-fe
r
 []


Underfull \hbox (badness 5008) in paragraph at lines 1--13
\TU/lmr/bx/n/9 lightweight and scal-able de-ploy-ment but re-main
 []


Underfull \hbox (badness 7256) in paragraph at lines 1--13
\TU/lmr/bx/n/9 Fil-ter-ing and Anomaly Mit-i-ga-tion), a real-time
 []


Underfull \hbox (badness 1715) in paragraph at lines 1--13
\TU/lmr/bx/n/9 us-age and de-tects be-hav-ioral anoma-lies. DeS-FAM
 []


Underfull \hbox (badness 5245) in paragraph at lines 1--13
\TU/lmr/bx/n/9 (Sys-tem call Anomaly De-tec-tion), a low-latency
 []


Underfull \hbox (badness 1688) in paragraph at lines 1--13
\TU/lmr/bx/n/9 and syscall in-jec-tion at-tacks in mod-ern con-tainer
 []

) (./sections_en/01_introduction.tex) (./sections_en/02_background.tex [1
Non-PDF special ignored!{/usr/local/texlive/2026/texmf-var/fonts/map/pdftex/updm
ap/pdftex.map}


]
Underfull \hbox (badness 3219) in paragraph at lines 100--102
[]\TU/ptm/bx/it/10 Vari-a-tional Au-toen-coders (VAE) [[]8[]] and Iso-la-tion
 []

[2]
Underfull \hbox (badness 1783) in paragraph at lines 127--128
[]\TU/ptm/bx/it/10 Risk-based pol-icy en-force-ment us-ing eBPF LSM
 []


Underfull \hbox (badness 1509) in paragraph at lines 128--129
[]\TU/ptm/bx/it/10 CVE-matching and MITRE ATT&CK-based risk
 []

) (./sections_en/03_related_work.tex
<figure/table1.png, id=353, 951.555pt x 467.7475pt>
File: figure/table1.png Graphic file (type png)
<use figure/table1.png>
Package luatex.def Info: figure/table1.png  used on input line 13.
(luatex.def)             Requested size: 516.0pt x 253.6576pt.
 [3]) (./sections_en/04_desfam.tex [4<./figure/table1.png>]
<figure/figure1.png, id=381, 510.90875pt x 314.17375pt>
File: figure/figure1.png Graphic file (type png)
<use figure/figure1.png>
Package luatex.def Info: figure/figure1.png  used on input line 34.
(luatex.def)             Requested size: 252.0pt x 154.96278pt.
<figure/figure2.png, id=382, 518.93875pt x 314.17375pt>
File: figure/figure2.png Graphic file (type png)
<use figure/figure2.png>
Package luatex.def Info: figure/figure2.png  used on input line 72.
(luatex.def)             Requested size: 252.0pt x 152.56583pt.

Underfull \hbox (badness 5787) in paragraph at lines 115--117
[]\TU/lmr/bx/n/10 Web servers (Ng-inx): \TU/lmtt/m/n/10 wrk \TU/ptm/bx/it/10 wit
h 500--10,000
 []


Underfull \hbox (badness 5578) in paragraph at lines 115--117
\TU/ptm/bx/it/10 con-cur-rent con-nec-tions; ApacheBench sim-u-lat-ing
 []


Underfull \hbox (badness 7308) in paragraph at lines 117--119
[]\TU/lmr/bx/n/10 Databases (MySQL/Re-dis/Mon-goDB): \TU/ptm/bx/it/10 Sys-
 []


Underfull \hbox (badness 2197) in paragraph at lines 117--119
\TU/ptm/bx/it/10 Bench OLTP work-loads (100--500 threads, 1M+
 []

[5<./figure/figure1.png><./figure/figure2.png>]
Package hyperref Info: bookmark level for unknown algorithm defaults to 0 on in
put line 195.

Underfull \hbox (badness 7203) in paragraph at lines 198--199
[]\TU/ptm/bx/it/10 Con-tainer im-age, run-ning in-stance, CVE
 []


Underfull \hbox (badness 3000) in paragraph at lines 212--216
 \TU/lmr/m/it/10 5) Container-Specific Pol-icy Up-load: [][][]\TU/ptm/bx/it/10 
DeS-FAM dy-
 []

<figure/figure3.png, id=394, 829.0975pt x 172.645pt>
File: figure/figure3.png Graphic file (type png)
<use figure/figure3.png>
Package luatex.def Info: figure/figure3.png  used on input line 223.
(luatex.def)             Requested size: 252.0pt x 52.47356pt.
[6<./figure/figure3.png>]
<figure/figure4.png, id=408, 618.31pt x 317.185pt>
File: figure/figure4.png Graphic file (type png)
<use figure/figure4.png>
Package luatex.def Info: figure/figure4.png  used on input line 245.
(luatex.def)             Requested size: 252.0pt x 129.27231pt.

Underfull \hbox (badness 5374) in paragraph at lines 256--259
\TU/lmr/m/it/10 De-tec-tion: [][][]\TU/ptm/bx/it/10 SyscallAD is trained on the DongT-ing
 []


Underfull \hbox (badness 5008) in paragraph at lines 264--267
\TU/ptm/bx/it/10 sim-u-lated at-tacks, in-clud-ing priv-i-lege es-ca-la-tion
 []


Underfull \hbox (badness 1715) in paragraph at lines 269--272
\TU/ptm/bx/it/10 con-tex-tual meta-data (e.g., pro-cess IDs, names-paces).
 []


Underfull \hbox (badness 5726) in paragraph at lines 276--280
 \TU/lmr/m/it/10 2) Pre-fixS-pan Pat-tern Min-ing: Ex-tract-ing Trusted
 []


Underfull \hbox (badness 1442) in paragraph at lines 300--302
[]\TU/lmr/bx/n/10 Tem-po-ral Fea-tures: \TU/ptm/bx/it/10 Inter-syscall time in-t
er-vals
 []

<figure/figure6.png, id=412, 370.38374pt x 234.8775pt>
File: figure/figure6.png Graphic file (type png)
<use figure/figure6.png>
Package luatex.def Info: figure/figure6.png  used on input line 346.
(luatex.def)             Requested size: 516.0pt x 327.22423pt.
<figure/figure5.png, id=414, 402.50375pt x 173.64874pt>
File: figure/figure5.png Graphic file (type png)
<use figure/figure5.png>
Package luatex.def Info: figure/figure5.png  used on input line 359.
(luatex.def)             Requested size: 516.0pt x 222.61407pt.
[7<./figure/figure4.png>] [8<./figure/figure6.png><./figure/figure5.png>]
Underfull \hbox (badness 2326) in paragraph at lines 390--394
\TU/ptm/bx/it/10 pro-gram hooks into \TU/lmtt/m/n/10 (raw_syscalls:sys_enter) \
TU/ptm/bx/it/10 and
 []

<figure/figure7.png, id=441, 393.47pt x 180.675pt>
File: figure/figure7.png Graphic file (type png)
<use figure/figure7.png>
Package luatex.def Info: figure/figure7.png  used on input line 409.
(luatex.def)             Requested size: 516.0pt x 236.95613pt.

Underfull \hbox (badness 1655) in paragraph at lines 430--430
[]\TU/lmr/bx/n/10 Al-go-rithm 2 \TU/ptm/bx/it/10 Real-Time Syscall Anomaly De-te
c-tion
 []

<figure/table2.png, id=444, 856.19875pt x 253.94875pt>
File: figure/table2.png Graphic file (type png)
<use figure/table2.png>
Package luatex.def Info: figure/table2.png  used on input line 482.
(luatex.def)             Requested size: 516.0pt x 153.04465pt.

Underfull \hbox (badness 2359) in paragraph at lines 486--488
 \TU/lmr/m/it/10 b) Cu-mu-la-tive Sever-ity: [][]\TU/ptm/bx/it/10 The cu-mu-la-t
ive sever-ity
 []

[9]
<figure/table3.png, id=466, 455.7025pt x 148.555pt>
File: figure/table3.png Graphic file (type png)
<use figure/table3.png>
Package luatex.def Info: figure/table3.png  used on input line 531.
(luatex.def)             Requested size: 252.0pt x 82.15204pt.
 (/usr/local/texlive/2026/texmf-dist/tex/latex/listings/lstlang1.sty
File: lstlang1.sty 2025/11/14 1.11b listings language file
)
(/usr/local/texlive/2026/texmf-dist/tex/latex/listings/lstmisc.sty
File: lstmisc.sty 2025/11/14 1.11b (Carsten Heinz)
)
Package hyperref Info: bookmark level for unknown lstlisting defaults to 0 on i
nput line 544.
LaTeX Font Info:    Font shape `TU/lmtt/bx/n' in size <8> not available
(Font)              Font shape `TU/lmtt/b/n' tried instead on input line 546.
 [10<./figure/figure7.png><./figure/table2.png><./figure/table3.png>]
Underfull \hbox (badness 10000) in paragraph at lines 590--592
[]\TU/ptm/bx/it/10 Re-trieve con-tainer con-text: \TU/lmtt/m/n/10 mntns
 []


Underfull \hbox (badness 10000) in paragraph at lines 590--592
\TU/lmtt/m/n/10 = bpf_get_ns_id(NS_MNT); pidns =
 []


Underfull \hbox (badness 10000) in paragraph at lines 592--593
[]\TU/ptm/bx/it/10 Query pol-icy map: \TU/lmtt/m/n/10 u64 *action =
 []


Underfull \hbox (badness 10000) in paragraph at lines 593--597
[]\TU/ptm/bx/it/10 En-force ac-tion: \TU/lmr/bx/n/10 BLOCK\TU/ptm/bx/it/10 : Den
y via
 []


Underfull \hbox (badness 10000) in paragraph at lines 593--597
\TU/lmtt/m/n/10 bpf_override_return(regs, -EPERM)\TU/ptm/bx/it/10 ;
 []


Underfull \hbox (badness 10000) in paragraph at lines 593--597
\TU/lmr/bx/n/10 RATE_LIMIT\TU/ptm/bx/it/10 : Al-low $\OML/cmm/m/it/10 N$ \TU/pt
m/bx/it/10 in-vo-ca-tions/minute
 []


Underfull \hbox (badness 1515) in paragraph at lines 647--649
\TU/ptm/bx/it/10 through Al-go-rithm []3[], and the com-plete en-force-ment
 []

<figure/figure8.png, id=487, 393.47pt x 630.355pt>
File: figure/figure8.png Graphic file (type png)
<use figure/figure8.png>
Package luatex.def Info: figure/figure8.png  used on input line 652.
(luatex.def)             Requested size: 252.0pt x 403.71437pt.

Underfull \hbox (badness 2894) in paragraph at lines 688--689
[] \TU/ptm/bx/it/10 Trig-ger sec-comp ac-cess list up-date for
 []

) (./sections_en/05_evaluation.tex
Underfull \hbox (badness 1515) in paragraph at lines 703--1
[]\TU/ptm/bx/it/10 As-sume the pro-cess op-er-ates in mount names-pace
 []


Underfull \hbox (badness 10000) in paragraph at lines 17--22
 \TU/lmr/m/it/10 1) In-fras-truc-ture: [][][]\TU/ptm/bx/it/10 Ex-per-i-ments wer
e con-ducted
 []


Underfull \hbox (badness 10000) in paragraph at lines 17--22
\TU/ptm/bx/it/10 on a high-performance bare-metal server run-ning
 []


Underfull \hbox (badness 1377) in paragraph at lines 17--22
\TU/ptm/bx/it/10 SSD. Docker 26.0 with con-tain-erd 1.7 was used for
 []

[11]
Underfull \vbox (badness 1448) has occurred while \output is active []

 [12<./figure/figure8.png>]
Underfull \hbox (badness 1377) in paragraph at lines 74--77
\TU/ptm/bx/it/10 brid pro-fil-ing (static, dy-namic, CVE-informed) yields
 []


Underfull \hbox (badness 10000) in paragraph at lines 79--81
 \TU/lmr/m/it/10 2) Anomaly De-tec-tion Per-for-mance: [][][]\TU/ptm/bx/it/10 We
 as-sess
 []


Underfull \hbox (badness 2119) in paragraph at lines 89--92
\TU/ptm/bx/it/10 eBPF-LSM hooks sup-port in-line block-ing with sub-
 []


Underfull \hbox (badness 2556) in paragraph at lines 111--115
[]\TU/ptm/bx/it/10 We com-pare DeS-FAM against five state-of-the-art
 []

<figure/figure9.png, id=556, 393.47pt x 216.81pt>
File: figure/figure9.png Graphic file (type png)
<use figure/figure9.png>
Package luatex.def Info: figure/figure9.png  used on input line 133.
(luatex.def)             Requested size: 252.0pt x 138.85716pt.
<figure/figure10.png, id=557, 393.47pt x 200.75pt>
File: figure/figure10.png Graphic file (type png)
<use figure/figure10.png>
Package luatex.def Info: figure/figure10.png  used on input line 140.
(luatex.def)             Requested size: 252.0pt x 128.57144pt.
<figure/table4.png, id=558, 194.7275pt x 134.5025pt>
File: figure/table4.png Graphic file (type png)
<use figure/table4.png>
Package luatex.def Info: figure/table4.png  used on input line 149.
(luatex.def)             Requested size: 516.0pt x 356.48323pt.
[13<./figure/figure9.png><./figure/figure10.png>]
<figure/table5.png, id=572, 935.495pt x 316.18124pt>
File: figure/table5.png Graphic file (type png)
<use figure/table5.png>
Package luatex.def Info: figure/table5.png  used on input line 179.
(luatex.def)             Requested size: 516.0pt x 174.40678pt.
<figure/table6.png, id=573, 809.0225pt x 156.585pt>
File: figure/table6.png Graphic file (type png)
<use figure/table6.png>
Package luatex.def Info: figure/table6.png  used on input line 188.
(luatex.def)             Requested size: 516.0pt x 99.87238pt.
<figure/figure11.png, id=576, 393.47pt x 187.70125pt>
File: figure/figure11.png Graphic file (type png)
<use figure/figure11.png>
Package luatex.def Info: figure/figure11.png  used on input line 207.
(luatex.def)             Requested size: 252.0pt x 120.21431pt.
<figure/figure12.png, id=577, 393.47pt x 187.70125pt>
File: figure/figure12.png Graphic file (type png)
<use figure/figure12.png>
Package luatex.def Info: figure/figure12.png  used on input line 215.
(luatex.def)             Requested size: 252.0pt x 120.21431pt.
<figure/table7.png, id=578, 808.01875pt x 139.52126pt>
File: figure/table7.png Graphic file (type png)
<use figure/table7.png>
Package luatex.def Info: figure/table7.png  used on input line 225.
(luatex.def)             Requested size: 516.0pt x 89.09955pt.
<figure/table8.png, id=580, 453.695pt x 78.2925pt>
File: figure/table8.png Graphic file (type png)
<use figure/table8.png>
Package luatex.def Info: figure/table8.png  used on input line 235.
(luatex.def)             Requested size: 516.0pt x 89.04529pt.

Underfull \vbox (badness 4316) has occurred while \output is active []

 [14<./figure/table4.png><./figure/figure11.png>] [15<./figure/table5.png><./fig
ure/table6.png><./figure/table7.png><./figure/table8.png>]
<figure/figure13.png, id=607, 393.47pt x 195.73125pt>
File: figure/figure13.png Graphic file (type png)
<use figure/figure13.png>
Package luatex.def Info: figure/figure13.png  used on input line 254.
(luatex.def)             Requested size: 252.0pt x 125.35716pt.
<figure/table9.png, id=608, 453.695pt x 128.48pt>
File: figure/table9.png Graphic file (type png)
<use figure/table9.png>
Package luatex.def Info: figure/table9.png  used on input line 264.
(luatex.def)             Requested size: 516.0pt x 146.12563pt.

Overfull \hbox (5.61372pt too wide) in paragraph at lines 278--288
 [][] 
 []


Underfull \hbox (badness 10000) in paragraph at lines 290--296
\TU/ptm/bx/it/10 across each con-tainer that com-pleted within the
 []


Underfull \hbox (badness 1742) in paragraph at lines 290--296
\TU/ptm/bx/it/10 512--1000 $\OML/cmm/m/it/10 $\TU/ptm/bx/it/10 s range. Fig. [
]14[] vi-su-al-izes the ag-gre-gate
 []

<figure/table10.png, id=611, 436.63126pt x 134.5025pt>
File: figure/table10.png Graphic file (type png)
<use figure/table10.png>
Package luatex.def Info: figure/table10.png  used on input line 301.
(luatex.def)             Requested size: 516.0pt x 158.95168pt.
<figure/figure14.png, id=612, 400.49625pt x 193.72375pt>
File: figure/figure14.png Graphic file (type png)
<use figure/figure14.png>
Package luatex.def Info: figure/figure14.png  used on input line 306.
(luatex.def)             Requested size: 252.0pt x 121.89584pt.

Underfull \hbox (badness 10000) in paragraph at lines 317--320
 \TU/lmr/m/it/10 4) Anomaly De-tec-tion Per-for-mance: [][][]\TU/ptm/bx/it/10 De
S-FAM’s
 []

<figure/figure15.png, id=614, 649.42625pt x 335.2525pt>
File: figure/figure15.png Graphic file (type png)
<use figure/figure15.png>
Package luatex.def Info: figure/figure15.png  used on input line 323.
(luatex.def)             Requested size: 252.0pt x 130.08804pt.
<figure/table11.png, id=615, 346.29375pt x 113.42375pt>
File: figure/table11.png Graphic file (type png)
<use figure/table11.png>
Package luatex.def Info: figure/table11.png  used on input line 333.
(luatex.def)             Requested size: 516.0pt x 169.02927pt.
<figure/table12.png, id=617, 905.3825pt x 274.02374pt>
File: figure/table12.png Graphic file (type png)
<use figure/table12.png>
Package luatex.def Info: figure/table12.png  used on input line 349.
(luatex.def)             Requested size: 516.0pt x 156.17006pt.
<figure/table13.png, id=619, 455.7025pt x 108.405pt>
File: figure/table13.png Graphic file (type png)
<use figure/table13.png>
Package luatex.def Info: figure/table13.png  used on input line 366.
(luatex.def)             Requested size: 252.0pt x 59.94879pt.
) (./sections_en/06_discussion.tex [16<./figure/figure12.png><./figure/figure13.
png><./figure/figure14.png><./figure/figure15.png>]
<figure/table14.png, id=638, 455.7025pt x 131.49126pt>
File: figure/table14.png Graphic file (type png)
<use figure/table14.png>
Package luatex.def Info: figure/table14.png  used on input line 67.
(luatex.def)             Requested size: 252.0pt x 72.71565pt.
)
(./sections_en/07_conclusion.tex [17<./figure/table9.png>] [18<./figure/table10.
png><./figure/table11.png><./figure/table12.png>]
Underfull \hbox (badness 1436) in paragraph at lines 15--19
\TU/ptm/bx/it/10 syscalls to MITRE ATT&CK tech-niques and known
 []

) [19<./figure/table13.png><./figure/table14.png>]
(./sections_en/appendix_a.tex
(/usr/local/texlive/2026/texmf-dist/tex/latex/listings/lstlang1.sty
File: lstlang1.sty 2025/11/14 1.11b listings language file
)
(/usr/local/texlive/2026/texmf-dist/tex/latex/listings/lstlang1.sty
File: lstlang1.sty 2025/11/14 1.11b listings language file
)
(/usr/local/texlive/2026/texmf-dist/tex/latex/listings/lstlang1.sty
File: lstlang1.sty 2025/11/14 1.11b listings language file
)
Underfull \hbox (badness 10000) in paragraph at lines 90--92
[]\TU/lmr/m/it/10 Ca-pa-bil-ity re-quire-ments: \TU/ptm/bx/it/10 CVEs re-quir-in
g
 []


Underfull \hbox (badness 10000) in paragraph at lines 90--92
\TU/lmtt/m/n/10 CAP_SYS_ADMIN \TU/ptm/bx/it/10 or other el-e-vated ca-pa-bil-i-t
ies
 []

[20

])
Underfull \vbox (badness 1314) has occurred while \output is active []


(/output/main_en.bbl [21]
Underfull \hbox (badness 10000) in paragraph at lines 116--118
[]\TU/lmr/m/n/8 ------, ``CVE-2021-22555: Linux ker-nel net-fil-ter heap
 []


Underfull \hbox (badness 10000) in paragraph at lines 116--118
\TU/lmr/m/n/8 out-of-bounds write,'' []$https://nvd.nist.gov/vuln/detail/
 []

) [22

] (/output/main_en.aux)
 ***********
LaTeX2e <2025-11-01>
L3 programming layer <2026-03-20>
 ***********


LaTeX Font Warning: Some font shapes were not available, defaults substituted.

Package rerunfilecheck Info: File `main_en.out' has not changed.
(rerunfilecheck)             Checksum: C66FEAF26332F1F140D43E2009D996C2;17500.
)

Here is how much of LuaTeX's memory you used:
 17979 strings out of 475900
 477061,1144653 words of node,token memory allocated
 756 words of node memory still in use:
   6 hlist, 2 vlist, 2 rule, 8 glue, 4 kern, 1 glyph, 46 attribute, 60 glue_spec
, 46 attribute_list, 1 write, 5 pdf_action nodes
   avail lists: 1:1,2:7473,3:755,4:152,5:10911,6:175,7:21063,8:49,9:21384,10:24,
11:1687
 39860 multiletter control sequences out of 65536+600000
 114 fonts using 10395167 bytes
 73i,9n,75p,498b,827s stack positions out of 10000i,1000n,20000p,200000b,200000s
</usr/local/texlive/2026/texmf-dist/fonts/opentype/public/lm/lmroman8-bold.otf><
/usr/local/texlive/2026/texmf-dist/fonts/opentype/public/lm/lmmonolt10-bold.otf>
</usr/local/texlive/2026/texmf-dist/fonts/opentype/public/lm/lmmono10-italic.otf
></usr/local/texlive/2026/texmf-dist/fonts/opentype/public/lm/lmmono8-regular.ot
f></usr/local/texlive/2026/texmf-dist/fonts/opentype/public/lm/lmroman10-bold.ot
f></usr/local/texlive/2026/texmf-dist/fonts/opentype/public/lm/lmroman10-italic.
otf></usr/local/texlive/2026/texmf-dist/fonts/opentype/public/lm/lmmono10-regula
r.otf></usr/local/texlive/2026/texmf-dist/fonts/opentype/public/lm/lmroman8-ital
ic.otf></usr/local/texlive/2026/texmf-dist/fonts/opentype/public/lm/lmroman6-reg
ular.otf></usr/local/texlive/2026/texmf-dist/fonts/opentype/public/lm/lmroman10-
regular.otf></usr/local/texlive/2026/texmf-dist/fonts/opentype/public/lm/lmroman
caps10-regular.otf></usr/local/texlive/2026/texmf-dist/fonts/opentype/public/lm/
lmroman9-bold.otf></usr/local/texlive/2026/texmf-dist/fonts/opentype/public/lm/l
mroman10-bolditalic.otf></usr/local/texlive/2026/texmf-dist/fonts/opentype/publi
c/lm/lmroman8-regular.otf></usr/local/texlive/2026/texmf-dist/fonts/opentype/pub
lic/lm/lmroman12-regular.otf></usr/local/texlive/2026/texmf-dist/fonts/opentype/
public/lm/lmroman17-regular.otf></usr/local/texlive/2026/texmf-dist/fonts/openty
pe/public/lm/lmroman7-regular.otf></usr/local/texlive/2026/texmf-dist/fonts/type
1/public/amsfonts/cm/cmex10.pfb></usr/local/texlive/2026/texmf-dist/fonts/type1/
public/amsfonts/cm/cmmi10.pfb></usr/local/texlive/2026/texmf-dist/fonts/type1/pu
blic/amsfonts/cm/cmmi5.pfb></usr/local/texlive/2026/texmf-dist/fonts/type1/publi
c/amsfonts/cm/cmmi7.pfb></usr/local/texlive/2026/texmf-dist/fonts/type1/public/a
msfonts/cm/cmmi8.pfb></usr/local/texlive/2026/texmf-dist/fonts/type1/public/amsf
onts/cm/cmr10.pfb></usr/local/texlive/2026/texmf-dist/fonts/type1/public/amsfont
s/cm/cmr7.pfb></usr/local/texlive/2026/texmf-dist/fonts/type1/public/amsfonts/cm
/cmr8.pfb></usr/local/texlive/2026/texmf-dist/fonts/type1/public/amsfonts/cm/cms
y10.pfb></usr/local/texlive/2026/texmf-dist/fonts/type1/public/amsfonts/cm/cmsy7
.pfb></usr/local/texlive/2026/texmf-dist/fonts/type1/public/amsfonts/cm/cmsy8.pf
b>
Output written on main_en.pdf (22 pages, 3487745 bytes).

PDF statistics: 933 PDF objects out of 1000 (max. 8388607)
 781 compressed objects within 8 object streams
 304 named destinations out of 1000 (max. 1048576)
 593 words of extra memory for PDF output out of 10000 (max. 100000000)

