This is LuaHBTeX, Version 1.24.0 (TeX Live 2026)  (format=lualatex 2026.5.10)  14 MAY 2026 06:07
 restricted system commands enabled.
**main.tex
(./main.tex
LaTeX2e <2025-11-01>
L3 programming layer <2026-03-20>
Lua module: luaotfload 2024-12-03 v3.29 Lua based OpenType font support
Lua module: lualibs 2023-07-13 v2.76 ConTeXt Lua standard libraries.
Lua module: lualibs-extended 2023-07-13 v2.76 ConTeXt Lua libraries -- extended 
collection.
luaotfload | conf : Root cache directory is "/usr/local/texlive/2026/texmf-var/l
uatex-cache/generic/names".
luaotfload | init : Loading fontloader "fontloader-2023-12-28.lua" from kpse-res
olved path "/usr/local/texlive/2026/texmf-dist/tex/luatex/luaotfload/fontloader-
2023-12-28.lua".
Lua-only attribute luaotfload@noligature = 1
luaotfload | init : Context OpenType loader version 3.134
Inserting `luaotfload.node_processor' in `pre_linebreak_filter'.
Inserting `luaotfload.node_processor' in `hpack_filter'.
Inserting `luaotfload.glyph_stream' in `glyph_stream_provider'.
Inserting `luaotfload.define_font' in `define_font'.
Lua-only attribute luaotfload_color_attribute = 2
luaotfload | conf : Root cache directory is "/usr/local/texlive/2026/texmf-var/l
uatex-cache/generic/names".
Inserting `luaotfload.harf.strip_prefix' in `find_opentype_file'.
Inserting `luaotfload.harf.strip_prefix' in `find_truetype_file'.
Removing  `luaotfload.glyph_stream' from `glyph_stream_provider'.
Inserting `luaotfload.harf.glyphstream' in `glyph_stream_provider'.
Inserting `luaotfload.harf.finalize_vlist' in `post_linebreak_filter'.
Inserting `luaotfload.harf.finalize_hlist' in `hpack_filter'.
Inserting `luaotfload.cleanup_files' in `wrapup_run'.
Inserting `luaotfload.harf.finalize_unicode' in `finish_pdffile'.
Inserting `luaotfload.glyphinfo' in `glyph_info'.
Lua-only attribute luaotfload.letterspace_done = 3
Inserting `luaotfload.aux.set_sscale_dimens' in `luaotfload.patch_font'.
Inserting `luaotfload.aux.set_font_index' in `luaotfload.patch_font'.
Inserting `luaotfload.aux.patch_cambria_domh' in `luaotfload.patch_font'.
Inserting `luaotfload.aux.fixup_fontdata' in `luaotfload.patch_font_unsafe'.
Inserting `luaotfload.aux.set_capheight' in `luaotfload.patch_font'.
Inserting `luaotfload.aux.set_xheight' in `luaotfload.patch_font'.
Inserting `luaotfload.rewrite_fontname' in `luaotfload.patch_font'.
Inserting `tracingstacklevels' in `input_level_string'. (/usr/local/texlive/202
6/texmf-dist/tex/latex/ieeetran/IEEEtran.cls
Document Class: IEEEtran 2015/08/26 V1.8b by Michael Shell
-- See the "IEEEtran_HOWTO" manual for usage information.
-- http://www.michaelshell.org/tex/ieeetran/
\@IEEEtrantmpdimenA=\dimen149
\@IEEEtrantmpdimenB=\dimen150
\@IEEEtrantmpdimenC=\dimen151
\@IEEEtrantmpcountA=\count273
\@IEEEtrantmpcountB=\count274
\@IEEEtrantmpcountC=\count275
\@IEEEtrantmptoksA=\toks17
LaTeX Font Info:    Trying to load font information for TU+ptm on input line 50
3.
LaTeX Font Info:    No file TUptm.fd. on input line 503.

LaTeX Font Warning: Font shape `TU/ptm/m/n' undefined
(Font)              using `TU/lmr/m/n' instead on input line 503.

luaotfload | db : Font names database loaded from /usr/local/texlive/2026/texmf-
var/luatex-cache/generic/names/luaotfload-names.luc.gz
-- Using 8.5in x 11in (letter) paper.
-- Using DVI output.
\@IEEEnormalsizeunitybaselineskip=\dimen152
-- This is a 10 point document.
LaTeX Encoding Info:    Redeclaring text command \textunderscore (encoding ?) o
n input line 937.
\CLASSINFOnormalsizebaselineskip=\dimen153
\CLASSINFOnormalsizeunitybaselineskip=\dimen154
\IEEEnormaljot=\dimen155

LaTeX Font Warning: Font shape `TU/ptm/bx/n' undefined
(Font)              using `TU/ptm/m/n' instead on input line 1090.


LaTeX Font Warning: Font shape `TU/ptm/m/it' undefined
(Font)              using `TU/ptm/m/n' instead on input line 1090.


LaTeX Font Warning: Font shape `TU/ptm/bx/it' undefined
(Font)              using `TU/ptm/bx/n' instead on input line 1090.

\IEEEquantizedlength=\dimen156
\IEEEquantizedlengthdiff=\dimen157
\IEEEquantizedtextheightdiff=\dimen158
\IEEEilabelindentA=\dimen159
\IEEEilabelindentB=\dimen160
\IEEEilabelindent=\dimen161
\IEEEelabelindent=\dimen162
\IEEEdlabelindent=\dimen163
\IEEElabelindent=\dimen164
\IEEEiednormlabelsep=\dimen165
\IEEEiedmathlabelsep=\dimen166
\IEEEiedtopsep=\skip49
\c@section=\count276
\c@subsection=\count277
\c@subsubsection=\count278
\c@paragraph=\count279
\c@IEEEsubequation=\count280
\abovecaptionskip=\skip50
\belowcaptionskip=\skip51
\c@figure=\count281
\c@table=\count282
\@IEEEeqnnumcols=\count283
\@IEEEeqncolcnt=\count284
\@IEEEsubeqnnumrollback=\count285
\@IEEEquantizeheightA=\dimen167
\@IEEEquantizeheightB=\dimen168
\@IEEEquantizeheightC=\dimen169
\@IEEEquantizeprevdepth=\dimen170
\@IEEEquantizemultiple=\count286
\@IEEEquantizeboxA=\box53
\@IEEEtmpitemindent=\dimen171
\IEEEPARstartletwidth=\dimen172
\c@IEEEbiography=\count287
\@IEEEtranrubishbin=\box54
) (/usr/local/texlive/2026/texmf-dist/tex/latex/fontspec/fontspec.sty
(/usr/local/texlive/2026/texmf-dist/tex/latex/l3packages/xparse/xparse.sty
(/usr/local/texlive/2026/texmf-dist/tex/latex/l3kernel/expl3.sty
Package: expl3 2026-03-20 L3 programming layer (loader) 

(/usr/local/texlive/2026/texmf-dist/tex/latex/l3backend/l3backend-luatex.def
File: l3backend-luatex.def 2026-02-18 L3 backend support: PDF output (LuaTeX)
\l__color_backend_stack_int=\count288
Inserting `l3color' in `luaotfload.parse_color'.))
Package: xparse 2025-10-09 L3 Experimental document command parser
)
Package: fontspec 2025/09/29 v2.9g Font selection for XeLaTeX and LuaLaTeX
Lua module: fontspec 2025/09/29 v2.9g Font selection for XeLaTeX and LuaLaTeX (/usr/local/texlive/2026/texmf-dist/tex/latex/fontspec/fontspec-luatex.sty
Package: fontspec-luatex 2025/09/29 v2.9g Font selection for XeLaTeX and LuaLaT
eX
\l__fontspec_script_int=\count289
\l__fontspec_language_int=\count290
\l__fontspec_strnum_int=\count291
\l__fontspec_tmp_int=\count292
\l__fontspec_tmpa_int=\count293
\l__fontspec_tmpb_int=\count294
\l__fontspec_tmpc_int=\count295
\l__fontspec_em_int=\count296
\l__fontspec_emdef_int=\count297
\l__fontspec_strong_int=\count298
\l__fontspec_strongdef_int=\count299
\l__fontspec_tmpa_dim=\dimen173
\l__fontspec_tmpb_dim=\dimen174
\l__fontspec_tmpc_dim=\dimen175

(/usr/local/texlive/2026/texmf-dist/tex/latex/base/fontenc.sty
Package: fontenc 2025/07/18 v2.1d Standard LaTeX package
)
(/usr/local/texlive/2026/texmf-dist/tex/latex/fontspec/fontspec.cfg)))
(/usr/local/texlive/2026/texmf-dist/tex/generic/babel/babel.sty
Package: babel 2026/05/03 v26.7 The multilingual framework for LuaLaTeX, pdfLaT
eX and XeLaTeX

(/usr/local/texlive/2026/texmf-dist/tex/generic/babel/luababel.def
\bbl@readstream=\read2
\l@dumylang=\language2
Package babel Info: Non-standard hyphenation setup on input line 118.
\l@nohyphenation=\language3
\l@german-x-2024-02-28=\language4
\l@ngerman-x-2024-02-28=\language5
\l@afrikaans=\language6
\l@albanian=\language7
\l@ancientgreek=\language8
\l@ibycus=\language9
\l@arabic=\language10
\l@armenian=\language11
\l@basque=\language12
\l@belarusian=\language13
\l@bulgarian=\language14
\l@catalan=\language15
\l@pinyin=\language16
\l@churchslavonic=\language17
\l@coptic=\language18
\l@croatian=\language19
\l@czech=\language20
\l@danish=\language21
\l@dutch=\language22
\l@ukenglish=\language23
\l@usenglishmax=\language24
\l@esperanto=\language25
\l@estonian=\language26
\l@ethiopic=\language27
\l@farsi=\language28
\l@finnish=\language29
\l@schoolfinnish=\language30
\l@french=\language31
\l@friulan=\language32
\l@galician=\language33
\l@georgian=\language34
\l@german=\language35
\l@ngerman=\language36
\l@swissgerman=\language37
\l@greek=\language38
\l@monogreek=\language39
\l@hebrew=\language40
\l@hungarian=\language41
\l@icelandic=\language42
\l@assamese=\language43
\l@bengali=\language44
\l@gujarati=\language45
\l@hindi=\language46
\l@kannada=\language47
\l@malayalam=\language48
\l@marathi=\language49
\l@oriya=\language50
\l@pali=\language51
\l@panjabi=\language52
\l@tamil=\language53
\l@telugu=\language54
\l@indonesian=\language55
\l@interlingua=\language56
\l@irish=\language57
\l@italian=\language58
\l@kazakh=\language59
\l@kurmanji=\language60
\l@classiclatin=\language61
\l@latin=\language62
\l@liturgicallatin=\language63
\l@latvian=\language64
\l@lithuanian=\language65
\l@macedonian=\language66
\l@mongolian=\language67
\l@mongolianlmc=\language68
\l@bokmal=\language69
\l@nynorsk=\language70
\l@occitan=\language71
\l@piedmontese=\language72
\l@polish=\language73
\l@portuguese=\language74
\l@romanian=\language75
\l@romansh=\language76
\l@russian=\language77
\l@sanskrit=\language78
\l@serbian=\language79
\l@serbianc=\language80
\l@slovak=\language81
\l@slovenian=\language82
\l@spanish=\language83
\l@swedish=\language84
\l@thai=\language85
\l@turkish=\language86
\l@turkmen=\language87
\l@ukrainian=\language88
\l@uppersorbian=\language89
\l@vietnamese=\language90
\l@welsh=\language91
\babelcatcodetablenum=\catcodetable14
\bbl@pattcodes=\catcodetable15
)
\babel@savecnt=\count300
LaTeX Encoding Info:    Redeclaring text command \ij (encoding OT1) on input li
ne 2080.
LaTeX Encoding Info:    Redeclaring text command \IJ (encoding OT1) on input li
ne 2082.
LaTeX Encoding Info:    Redeclaring text command \ij (encoding T1) on input lin
e 2084.
LaTeX Encoding Info:    Redeclaring text command \IJ (encoding T1) on input lin
e 2085.
LaTeX Encoding Info:    Ignoring declaration for text command \ij (encoding ?) 
on input line 2086.
LaTeX Encoding Info:    Ignoring declaration for text command \IJ (encoding ?) 
on input line 2088.
LaTeX Encoding Info:    Ignoring declaration for text command \SS (encoding ?) 
on input line 2113.
\U@D=\dimen176
\l@unhyphenated=\language92

(/usr/local/texlive/2026/texmf-dist/tex/generic/babel/luababel.def
\bbl@attr@locale=\attribute4
)
(/usr/local/texlive/2026/texmf-dist/tex/generic/babel/locale/vi/babel-vietnames
e.tex)
Package babel Info: Importing font and identification data for vietnamese
(babel)             from babel-vi.ini. Reported on input line 4348.

(/usr/local/texlive/2026/texmf-dist/tex/generic/babel-vietnamese/vietnamese.ldf
Language: vietnamese 
Package babel Info: Making " an active character on input line 147.

(/usr/local/texlive/2026/texmf-dist/tex/generic/hyph-utf8/patterns/tex/hyph-vi.
tex))) (/usr/local/texlive/2026/texmf-dist/tex/latex/amsmath/amsmath.sty
Package: amsmath 2025/07/09 v2.17z AMS math features
\@mathmargin=\skip52

For additional information on amsmath, use the `?' option.
(/usr/local/texlive/2026/texmf-dist/tex/latex/amsmath/amstext.sty
Package: amstext 2024/11/17 v2.01 AMS text

(/usr/local/texlive/2026/texmf-dist/tex/latex/amsmath/amsgen.sty
File: amsgen.sty 1999/11/30 v2.0 generic functions
\@emptytoks=\toks18
\ex@=\dimen177
))
(/usr/local/texlive/2026/texmf-dist/tex/latex/amsmath/amsbsy.sty
Package: amsbsy 1999/11/29 v1.2d Bold Symbols
\pmbraise@=\dimen178
)
(/usr/local/texlive/2026/texmf-dist/tex/latex/amsmath/amsopn.sty
Package: amsopn 2022/04/08 v2.04 operator names
)
\inf@bad=\count301
LaTeX Info: Redefining \frac on input line 235.
\uproot@=\count302
\leftroot@=\count303
LaTeX Info: Redefining \overline on input line 398.
LaTeX Info: Redefining \colon on input line 409.
\classnum@=\count304
\DOTSCASE@=\count305
LaTeX Info: Redefining \ldots on input line 495.
LaTeX Info: Redefining \dots on input line 498.
LaTeX Info: Redefining \cdots on input line 619.
\Mathstrutbox@=\box55
\strutbox@=\box56
LaTeX Info: Redefining \big on input line 721.
LaTeX Info: Redefining \Big on input line 722.
LaTeX Info: Redefining \bigg on input line 723.
LaTeX Info: Redefining \Bigg on input line 724.
\big@size=\dimen179
LaTeX Font Info:    Redeclaring font encoding OML on input line 742.
LaTeX Font Info:    Redeclaring font encoding OMS on input line 743.
\macc@depth=\count306
LaTeX Info: Redefining \bmod on input line 904.
LaTeX Info: Redefining \pmod on input line 909.
LaTeX Info: Redefining \smash on input line 939.
LaTeX Info: Redefining \relbar on input line 969.
LaTeX Info: Redefining \Relbar on input line 970.
\c@MaxMatrixCols=\count307
\dotsspace@=\muskip17
\c@parentequation=\count308
\dspbrk@lvl=\count309
\tag@help=\toks19
\row@=\count310
\column@=\count311
\maxfields@=\count312
\andhelp@=\toks20
\eqnshift@=\dimen180
\alignsep@=\dimen181
\tagshift@=\dimen182
\tagwidth@=\dimen183
\totwidth@=\dimen184
\lineht@=\dimen185
\@envbody=\toks21
\multlinegap=\skip53
\multlinetaggap=\skip54
\mathdisplay@stack=\toks22
LaTeX Info: Redefining \[ on input line 2950.
LaTeX Info: Redefining \] on input line 2951.
)
(/usr/local/texlive/2026/texmf-dist/tex/latex/amsfonts/amssymb.sty
Package: amssymb 2013/01/14 v3.01 AMS font symbols

(/usr/local/texlive/2026/texmf-dist/tex/latex/amsfonts/amsfonts.sty
Package: amsfonts 2013/01/14 v3.01 Basic AMSFonts support
\symAMSa=\mathgroup4
\symAMSb=\mathgroup5
LaTeX Font Info:    Redeclaring math symbol \hbar on input line 98.
LaTeX Font Info:    Overwriting math alphabet `\mathfrak' in version `bold'
(Font)                  U/euf/m/n --> U/euf/b/n on input line 106.
))
(/usr/local/texlive/2026/texmf-dist/tex/latex/mathtools/mathtools.sty
Package: mathtools 2024/10/04 v1.31 mathematical typesetting tools

(/usr/local/texlive/2026/texmf-dist/tex/latex/graphics/keyval.sty
Package: keyval 2022/05/29 v1.15 key=value parser (DPC)
\KV@toks@=\toks23
)
(/usr/local/texlive/2026/texmf-dist/tex/latex/tools/calc.sty
Package: calc 2025/03/01 v4.3b Infix arithmetic (KKT,FJ)
\calc@Acount=\count313
\calc@Bcount=\count314
\calc@Adimen=\dimen186
\calc@Bdimen=\dimen187
\calc@Askip=\skip55
\calc@Bskip=\skip56
LaTeX Info: Redefining \setlength on input line 86.
LaTeX Info: Redefining \addtolength on input line 87.
\calc@Ccount=\count315
\calc@Cskip=\skip57
)
(/usr/local/texlive/2026/texmf-dist/tex/latex/mathtools/mhsetup.sty
Package: mhsetup 2021/03/18 v1.4 programming setup (MH)
)
\g_MT_multlinerow_int=\count316
\l_MT_multwidth_dim=\dimen188
\origjot=\skip58
\l_MT_shortvdotswithinadjustabove_dim=\dimen189
\l_MT_shortvdotswithinadjustbelow_dim=\dimen190
\l_MT_above_intertext_sep=\dimen191
\l_MT_below_intertext_sep=\dimen192
\l_MT_above_shortintertext_sep=\dimen193
\l_MT_below_shortintertext_sep=\dimen194
\xmathstrut@box=\box57
\xmathstrut@dim=\dimen195
)
(/usr/local/texlive/2026/texmf-dist/tex/latex/algorithms/algorithm.sty
Package: algorithm 2009/08/24 v0.1 Document Style `algorithm' - floating enviro
nment

(/usr/local/texlive/2026/texmf-dist/tex/latex/float/float.sty
Package: float 2001/11/08 v1.3d Float enhancements (AL)
\c@float@type=\count317
\float@exts=\toks24
\float@box=\box58
\@float@everytoks=\toks25
\@floatcapt=\box59
)
(/usr/local/texlive/2026/texmf-dist/tex/latex/base/ifthen.sty
Package: ifthen 2024/03/16 v1.1e Standard LaTeX ifthen package (DPC)
)
\@float@every@algorithm=\toks26
\c@algorithm=\count318
)
(/usr/local/texlive/2026/texmf-dist/tex/latex/algorithmicx/algpseudocode.sty
Package: algpseudocode 

(/usr/local/texlive/2026/texmf-dist/tex/latex/algorithmicx/algorithmicx.sty
Package: algorithmicx 2005/04/27 v1.2 Algorithmicx

Document Style algorithmicx 1.2 - a greatly improved `algorithmic' style
\c@ALG@line=\count319
\c@ALG@rem=\count320
\c@ALG@nested=\count321
\ALG@tlm=\skip59
\ALG@thistlm=\skip60
\c@ALG@Lnr=\count322
\c@ALG@blocknr=\count323
\c@ALG@storecount=\count324
\c@ALG@tmpcounter=\count325
\ALG@tmplength=\skip61
)
Document Style - pseudocode environments for use with the `algorithmicx' style
) (/usr/local/texlive/2026/texmf-dist/tex/latex/listings/listings.sty
\lst@mode=\count326
\lst@gtempboxa=\box60
\lst@token=\toks27
\lst@length=\count327
\lst@currlwidth=\dimen196
\lst@column=\count328
\lst@pos=\count329
\lst@lostspace=\dimen197
\lst@width=\dimen198
\lst@newlines=\count330
\lst@lineno=\count331
\lst@maxwidth=\dimen199

(/usr/local/texlive/2026/texmf-dist/tex/latex/listings/lstpatch.sty
File: lstpatch.sty 2025/11/14 1.11b (Carsten Heinz)
)
(/usr/local/texlive/2026/texmf-dist/tex/latex/listings/lstmisc.sty
File: lstmisc.sty 2025/11/14 1.11b (Carsten Heinz)
\c@lstnumber=\count332
\lst@skipnumbers=\count333
\lst@framebox=\box61
)
(/usr/local/texlive/2026/texmf-dist/tex/latex/listings/listings.cfg
File: listings.cfg 2025/11/14 1.11b listings configuration
))
Package: listings 2025/11/14 1.11b (Carsten Heinz)

==> First Aid for listings.sty no longer applied!
    Expected:
        2024/09/23 1.10c (Carsten Heinz)
    but found:
        2025/11/14 1.11b (Carsten Heinz)
    so I'm assuming it got fixed.
(/usr/local/texlive/2026/texmf-dist/tex/latex/xcolor/xcolor.sty
Package: xcolor 2024/09/29 v3.02 LaTeX color extensions (UK)

(/usr/local/texlive/2026/texmf-dist/tex/latex/graphics-cfg/color.cfg
File: color.cfg 2016/01/02 v1.6 sample color configuration
)
Package xcolor Info: Driver file: luatex.def on input line 274.

(/usr/local/texlive/2026/texmf-dist/tex/latex/graphics-def/luatex.def
File: luatex.def 2025/09/29 v1.2f Graphics/color driver for luatex
)
(/usr/local/texlive/2026/texmf-dist/tex/latex/graphics/mathcolor.ltx)
Package xcolor Info: Model `cmy' substituted by `cmy0' on input line 1349.
Package xcolor Info: Model `hsb' substituted by `rgb' on input line 1353.
Package xcolor Info: Model `RGB' extended on input line 1365.
Package xcolor Info: Model `HTML' substituted by `rgb' on input line 1367.
Package xcolor Info: Model `Hsb' substituted by `hsb' on input line 1368.
Package xcolor Info: Model `tHsb' substituted by `hsb' on input line 1369.
Package xcolor Info: Model `HSB' substituted by `hsb' on input line 1370.
Package xcolor Info: Model `Gray' substituted by `gray' on input line 1371.
Package xcolor Info: Model `wave' substituted by `hsb' on input line 1372.
)
(/usr/local/texlive/2026/texmf-dist/tex/latex/booktabs/booktabs.sty
Package: booktabs 2020/01/12 v1.61803398 Publication quality tables
\heavyrulewidth=\dimen256
\lightrulewidth=\dimen257
\cmidrulewidth=\dimen258
\belowrulesep=\dimen259
\belowbottomsep=\dimen260
\aboverulesep=\dimen261
\abovetopsep=\dimen262
\cmidrulesep=\dimen263
\cmidrulekern=\dimen264
\defaultaddspace=\dimen265
\@cmidla=\count334
\@cmidlb=\count335
\@aboverulesep=\dimen266
\@belowrulesep=\dimen267
\@thisruleclass=\count336
\@lastruleclass=\count337
\@thisrulewidth=\dimen268
)
(/usr/local/texlive/2026/texmf-dist/tex/latex/multirow/multirow.sty
Package: multirow 2024/11/12 v2.9 Span multiple rows of a table
\multirow@colwidth=\skip62
\multirow@cntb=\count338
\multirow@dima=\skip63
\bigstrutjot=\dimen269
)
(/usr/local/texlive/2026/texmf-dist/tex/latex/tools/array.sty
Package: array 2025/09/25 v2.6n Tabular extension package (FMi)
\col@sep=\dimen270
\ar@mcellbox=\box62
\extrarowheight=\dimen271
\NC@list=\toks28
\extratabsurround=\skip64
\backup@length=\skip65
\ar@cellbox=\box63
)
(/usr/local/texlive/2026/texmf-dist/tex/latex/graphics/graphicx.sty
Package: graphicx 2024/12/31 v1.2e Enhanced LaTeX Graphics (DPC,SPQR)

(/usr/local/texlive/2026/texmf-dist/tex/latex/graphics/graphics.sty
Package: graphics 2024/08/06 v1.4g Standard LaTeX Graphics (DPC,SPQR)

(/usr/local/texlive/2026/texmf-dist/tex/latex/graphics/trig.sty
Package: trig 2023/12/02 v1.11 sin cos tan (DPC)
)
(/usr/local/texlive/2026/texmf-dist/tex/latex/graphics-cfg/graphics.cfg
File: graphics.cfg 2016/06/04 v1.11 sample graphics configuration
)
Package graphics Info: Driver file: luatex.def on input line 106.
)
\Gin@req@height=\dimen272
\Gin@req@width=\dimen273
)
(/usr/local/texlive/2026/texmf-dist/tex/latex/subfig/subfig.sty
Package: subfig 2005/06/28 ver: 1.3 subfig package

(/usr/local/texlive/2026/texmf-dist/tex/latex/caption/caption.sty
Package: caption 2023/08/05 v3.6o Customizing captions (AR)

(/usr/local/texlive/2026/texmf-dist/tex/latex/caption/caption3.sty
Package: caption3 2023/07/31 v2.4d caption3 kernel (AR)
\caption@tempdima=\dimen274
\captionmargin=\dimen275
\caption@leftmargin=\dimen276
\caption@rightmargin=\dimen277
\caption@width=\dimen278
\caption@indent=\dimen279
\caption@parindent=\dimen280
\caption@hangindent=\dimen281
Package caption Info: Unknown document class (or package),
(caption)             standard defaults will be used.
Package caption Info: \@makecaption = \long macro:#1#2->\ifx \@captype \@IEEEta
blestring \footnotesize \bgroup \par \centering \@IEEEtabletopskipstrut {\norma
lfont \footnotesize #1}\\{\normalfont \footnotesize \scshape #2}\par \addvspace
 {0.5\baselineskip }\egroup \@IEEEtablecaptionsepspace \else \@IEEEfigurecaptio
nsepspace \setbox \@tempboxa \hbox {\normalfont \footnotesize {#1.}\nobreakspac
e \nobreakspace #2}\ifdim \wd \@tempboxa >\hsize \setbox \@tempboxa \hbox {\nor
malfont \footnotesize {#1.}\nobreakspace \nobreakspace }\parbox [t]{\hsize }{\n
ormalfont \footnotesize \noindent \unhbox \@tempboxa #2}\else \ifCLASSOPTIONcon
ference \hbox to\hsize {\normalfont \footnotesize \hfil \box \@tempboxa \hfil }
\else \hbox to\hsize {\normalfont \footnotesize \box \@tempboxa \hfil }\fi \fi 
\fi  on input line 1175.
)

Package caption Warning: Unknown document class (or package),
(caption)                standard defaults will be used.
See the caption package documentation for explanation.

\c@caption@flags=\count339
\c@continuedfloat=\count340
Package caption Info: float package is loaded.
Package caption Info: listings package is loaded.
)
\c@KVtest=\count341
\sf@farskip=\skip66
\sf@captopadj=\dimen282
\sf@capskip=\skip67
\sf@nearskip=\skip68
\c@subfigure=\count342
\c@subfigure@save=\count343
\c@lofdepth=\count344
\c@subtable=\count345
\c@subtable@save=\count346
\c@lotdepth=\count347
\sf@top=\skip69
\sf@bottom=\skip70
) (/usr/local/texlive/2026/texmf-dist/tex/latex/url/url.sty
\Urlmuskip=\muskip18
Package: url 2013/09/16  ver 3.4  Verb mode for urls, etc.
)
(/usr/local/texlive/2026/texmf-dist/tex/latex/hyperref/hyperref.sty
Package: hyperref 2026-04-24 v7.01q Hypertext links for LaTeX

(/usr/local/texlive/2026/texmf-dist/tex/generic/iftex/iftex.sty
Package: iftex 2024/12/12 v1.0g TeX engine tests
)
(/usr/local/texlive/2026/texmf-dist/tex/latex/kvsetkeys/kvsetkeys.sty
Package: kvsetkeys 2022-10-05 v1.19 Key value parser (HO)
)
(/usr/local/texlive/2026/texmf-dist/tex/generic/kvdefinekeys/kvdefinekeys.sty
Package: kvdefinekeys 2019-12-19 v1.6 Define keys (HO)
)
(/usr/local/texlive/2026/texmf-dist/tex/generic/pdfescape/pdfescape.sty
Package: pdfescape 2019/12/09 v1.15 Implements pdfTeX's escape features (HO)

(/usr/local/texlive/2026/texmf-dist/tex/generic/ltxcmds/ltxcmds.sty
Package: ltxcmds 2023-12-04 v1.26 LaTeX kernel commands for general use (HO)
)
(/usr/local/texlive/2026/texmf-dist/tex/generic/pdftexcmds/pdftexcmds.sty
Package: pdftexcmds 2020-06-27 v0.33 Utility functions of pdfTeX for LuaTeX (HO
)

(/usr/local/texlive/2026/texmf-dist/tex/generic/infwarerr/infwarerr.sty
Package: infwarerr 2019/12/03 v1.5 Providing info/warning/error messages (HO)
)
Package pdftexcmds Info: \pdf@primitive is available.
Package pdftexcmds Info: \pdf@ifprimitive is available.
Package pdftexcmds Info: \pdfdraftmode found.
\pdftexcmds@toks=\toks29
))
(/usr/local/texlive/2026/texmf-dist/tex/latex/hycolor/hycolor.sty
Package: hycolor 2020-01-27 v1.10 Color options for hyperref/bookmark (HO)
)
(/usr/local/texlive/2026/texmf-dist/tex/latex/hyperref/nameref.sty
Package: nameref 2026-01-29 v2.58 Cross-referencing by name of section

(/usr/local/texlive/2026/texmf-dist/tex/latex/refcount/refcount.sty
Package: refcount 2019/12/15 v3.6 Data extraction from label references (HO)
)
(/usr/local/texlive/2026/texmf-dist/tex/generic/gettitlestring/gettitlestring.s
ty
Package: gettitlestring 2019/12/15 v1.6 Cleanup title references (HO)
 (/usr/local/texlive/2026/texmf-dist/tex/latex/kvoptions/kvoptions.sty
Package: kvoptions 2022-06-15 v3.15 Key value format for package options (HO)
))
\c@section@level=\count348
)
(/usr/local/texlive/2026/texmf-dist/tex/latex/etoolbox/etoolbox.sty
Package: etoolbox 2025/10/02 v2.5m e-TeX tools for LaTeX (JAW)
\etb@tempcnta=\count349
)
(/usr/local/texlive/2026/texmf-dist/tex/generic/stringenc/stringenc.sty
Package: stringenc 2019/11/29 v1.12 Convert strings between diff. encodings (HO
)
)
\@linkdim=\dimen283
\Hy@linkcounter=\count350
\Hy@pagecounter=\count351

(/usr/local/texlive/2026/texmf-dist/tex/latex/hyperref/pd1enc.def
File: pd1enc.def 2026-04-24 v7.01q Hyperref: PDFDocEncoding definition (HO)
)
(/usr/local/texlive/2026/texmf-dist/tex/generic/intcalc/intcalc.sty
Package: intcalc 2019/12/15 v1.3 Expandable calculations with integers (HO)
)
\Hy@SavedSpaceFactor=\count352

(/usr/local/texlive/2026/texmf-dist/tex/latex/hyperref/puenc.def
File: puenc.def 2026-04-24 v7.01q Hyperref: PDF Unicode definition (HO)
)
Package hyperref Info: Hyper figures OFF on input line 4199.
Package hyperref Info: Link nesting OFF on input line 4204.
Package hyperref Info: Hyper index ON on input line 4207.
Package hyperref Info: Plain pages OFF on input line 4214.
Package hyperref Info: Backreferencing OFF on input line 4219.
Package hyperref Info: Implicit mode ON; LaTeX internals redefined.
Package hyperref Info: Bookmarks ON on input line 4466.
\c@Hy@tempcnt=\count353
LaTeX Info: Redefining \url on input line 4805.
\XeTeXLinkMargin=\dimen284

(/usr/local/texlive/2026/texmf-dist/tex/generic/bitset/bitset.sty
Package: bitset 2019/12/09 v1.3 Handle bit-vector datatype (HO)

(/usr/local/texlive/2026/texmf-dist/tex/generic/bigintcalc/bigintcalc.sty
Package: bigintcalc 2019/12/15 v1.5 Expandable calculations on big integers (HO
)
))
\Fld@menulength=\count354
\Field@Width=\dimen285
\Fld@charsize=\dimen286
Package hyperref Info: Hyper figures OFF on input line 6091.
Package hyperref Info: Link nesting OFF on input line 6096.
Package hyperref Info: Hyper index ON on input line 6099.
Package hyperref Info: backreferencing OFF on input line 6106.
Package hyperref Info: Link coloring OFF on input line 6111.
Package hyperref Info: Link coloring with OCG OFF on input line 6116.
Package hyperref Info: PDF/A mode OFF on input line 6121.
\Hy@abspage=\count355
\c@Item=\count356
\c@Hfootnote=\count357
)
Package hyperref Info: Driver (autodetected): hluatex.

(/usr/local/texlive/2026/texmf-dist/tex/latex/hyperref/hluatex.def
File: hluatex.def 2026-04-24 v7.01q Hyperref driver for luaTeX
\Fld@listcount=\count358
\c@bookmark@seq@number=\count359

(/usr/local/texlive/2026/texmf-dist/tex/latex/rerunfilecheck/rerunfilecheck.sty
Package: rerunfilecheck 2025-06-21 v1.11 Rerun checks for auxiliary files (HO)

(/usr/local/texlive/2026/texmf-dist/tex/generic/uniquecounter/uniquecounter.sty
Package: uniquecounter 2019/12/15 v1.4 Provide unlimited unique counter (HO)
)
Package uniquecounter Info: New unique counter `rerunfilecheck' on input line 2
84.
)
\Hy@SectionHShift=\skip71
) (/usr/local/texlive/2026/texmf-dist/tex/latex/cite/cite.sty
LaTeX Info: Redefining \cite on input line 302.
LaTeX Info: Redefining \nocite on input line 332.
Package: cite 2015/02/27  v 5.5
)
(/output/main.aux
Package babel Info: 'vietnamese' activates 'vietnamese' shorthands.
(babel)             Reported on input line 10.
)
\openout1 = main.aux

LaTeX Font Info:    Checking defaults for OML/cmm/m/it on input line 49.
LaTeX Font Info:    ... okay on input line 49.
LaTeX Font Info:    Checking defaults for OMS/cmsy/m/n on input line 49.
LaTeX Font Info:    ... okay on input line 49.
LaTeX Font Info:    Checking defaults for OT1/cmr/m/n on input line 49.
LaTeX Font Info:    ... okay on input line 49.
LaTeX Font Info:    Checking defaults for T1/cmr/m/n on input line 49.
LaTeX Font Info:    ... okay on input line 49.
LaTeX Font Info:    Checking defaults for TS1/cmr/m/n on input line 49.
LaTeX Font Info:    ... okay on input line 49.
LaTeX Font Info:    Checking defaults for TU/lmr/m/n on input line 49.
LaTeX Font Info:    ... okay on input line 49.
LaTeX Font Info:    Checking defaults for OMX/cmex/m/n on input line 49.
LaTeX Font Info:    ... okay on input line 49.
LaTeX Font Info:    Checking defaults for U/cmr/m/n on input line 49.
LaTeX Font Info:    ... okay on input line 49.
LaTeX Font Info:    Checking defaults for PD1/pdf/m/n on input line 49.
LaTeX Font Info:    ... okay on input line 49.
LaTeX Font Info:    Checking defaults for PU/pdf/m/n on input line 49.
LaTeX Font Info:    ... okay on input line 49.

-- Lines per column: 58 (exact).

Package fontspec Info: 
(fontspec)             Adjusting the maths setup (use [no-math] to avoid
(fontspec)             this).

\symlegacymaths=\mathgroup6
LaTeX Font Info:    Overwriting symbol font `legacymaths' in version `bold'
(Font)                  OT1/cmr/m/n --> OT1/cmr/bx/n on input line 49.
LaTeX Font Info:    Redeclaring math accent \acute on input line 49.
LaTeX Font Info:    Redeclaring math accent \grave on input line 49.
LaTeX Font Info:    Redeclaring math accent \ddot on input line 49.
LaTeX Font Info:    Redeclaring math accent \tilde on input line 49.
LaTeX Font Info:    Redeclaring math accent \bar on input line 49.
LaTeX Font Info:    Redeclaring math accent \breve on input line 49.
LaTeX Font Info:    Redeclaring math accent \check on input line 49.
LaTeX Font Info:    Redeclaring math accent \hat on input line 49.
LaTeX Font Info:    Redeclaring math accent \dot on input line 49.
LaTeX Font Info:    Redeclaring math accent \mathring on input line 49.
LaTeX Font Info:    Redeclaring math symbol \Gamma on input line 49.
LaTeX Font Info:    Redeclaring math symbol \Delta on input line 49.
LaTeX Font Info:    Redeclaring math symbol \Theta on input line 49.
LaTeX Font Info:    Redeclaring math symbol \Lambda on input line 49.
LaTeX Font Info:    Redeclaring math symbol \Xi on input line 49.
LaTeX Font Info:    Redeclaring math symbol \Pi on input line 49.
LaTeX Font Info:    Redeclaring math symbol \Sigma on input line 49.
LaTeX Font Info:    Redeclaring math symbol \Upsilon on input line 49.
LaTeX Font Info:    Redeclaring math symbol \Phi on input line 49.
LaTeX Font Info:    Redeclaring math symbol \Psi on input line 49.
LaTeX Font Info:    Redeclaring math symbol \Omega on input line 49.
LaTeX Font Info:    Redeclaring math symbol \mathdollar on input line 49.
LaTeX Font Info:    Redeclaring symbol font `operators' on input line 49.
LaTeX Font Info:    Encoding `OT1' has changed to `TU' for symbol font
(Font)              `operators' in the math version `normal' on input line 49.
LaTeX Font Info:    Overwriting symbol font `operators' in version `normal'
(Font)                  OT1/cmr/m/n --> TU/lmr/m/n on input line 49.
LaTeX Font Info:    Encoding `OT1' has changed to `TU' for symbol font
(Font)              `operators' in the math version `bold' on input line 49.
LaTeX Font Info:    Overwriting symbol font `operators' in version `bold'
(Font)                  OT1/cmr/bx/n --> TU/lmr/m/n on input line 49.
LaTeX Font Info:    Overwriting symbol font `operators' in version `normal'
(Font)                  TU/lmr/m/n --> TU/lmr/m/n on input line 49.
LaTeX Font Info:    Overwriting math alphabet `\mathit' in version `normal'
(Font)                  OT1/cmr/m/it --> TU/lmr/m/it on input line 49.
LaTeX Font Info:    Overwriting math alphabet `\mathbf' in version `normal'
(Font)                  OT1/cmr/bx/n --> TU/lmr/b/n on input line 49.
LaTeX Font Info:    Overwriting math alphabet `\mathsf' in version `normal'
(Font)                  OT1/cmss/m/n --> TU/lmss/m/n on input line 49.
LaTeX Font Info:    Overwriting math alphabet `\mathtt' in version `normal'
(Font)                  OT1/cmtt/m/n --> TU/lmtt/m/n on input line 49.
LaTeX Font Info:    Overwriting symbol font `operators' in version `bold'
(Font)                  TU/lmr/m/n --> TU/lmr/b/n on input line 49.
LaTeX Font Info:    Overwriting math alphabet `\mathit' in version `bold'
(Font)                  OT1/cmr/bx/it --> TU/lmr/b/it on input line 49.
LaTeX Font Info:    Overwriting math alphabet `\mathsf' in version `bold'
(Font)                  OT1/cmss/bx/n --> TU/lmss/b/n on input line 49.
LaTeX Font Info:    Overwriting math alphabet `\mathtt' in version `bold'
(Font)                  OT1/cmtt/m/n --> TU/lmtt/b/n on input line 49.
\c@lstlisting=\count360
(/usr/local/texlive/2026/texmf-dist/tex/context/base/mkii/supp-pdf.mkii
[Loading MPS to PDF converter (version 2006.09.02).]
\scratchcounter=\count361
\scratchdimen=\dimen287
\scratchbox=\box64
\nofMPsegments=\count362
\nofMParguments=\count363
\everyMPshowfont=\toks30
\MPscratchCnt=\count364
\MPscratchDim=\dimen288
\MPnumerator=\count365
\makeMPintoPDFobject=\count366
\everyMPtoPDFconversion=\toks31
) (/usr/local/texlive/2026/texmf-dist/tex/latex/epstopdf-pkg/epstopdf-base.sty
Package: epstopdf-base 2020-01-24 v2.11 Base part for package epstopdf
Package epstopdf-base Info: Redefining graphics rule for `.eps' on input line 4
85.

(/usr/local/texlive/2026/texmf-dist/tex/latex/latexconfig/epstopdf-sys.cfg
File: epstopdf-sys.cfg 2010/07/13 v1.3 Configuration of (r)epstopdf for TeX Liv
e
))
Package caption Info: Begin \AtBeginDocument code.
Package caption Info: subfig package v1.3 is loaded.
Package caption Info: hyperref package is loaded.
Package caption Info: End \AtBeginDocument code.
Package hyperref Info: Link coloring OFF on input line 49.

(/output/main.out) (/output/main.out)
\@outlinefile=\write3

\openout3 = main.out
LaTeX Font Info:    Calculating math sizes for size <11> on input line 66.
LaTeX Font Info:    Trying to load font information for U+msa on input line 66.


(/usr/local/texlive/2026/texmf-dist/tex/latex/amsfonts/umsa.fd
File: umsa.fd 2013/01/14 v3.01 AMS symbols A
)
LaTeX Font Info:    Trying to load font information for U+msb on input line 66.


(/usr/local/texlive/2026/texmf-dist/tex/latex/amsfonts/umsb.fd
File: umsb.fd 2013/01/14 v3.01 AMS symbols B
)
Underfull \hbox (badness 8056) in paragraph at lines 66--66
[][][]\TU/lmr/m/n/8 Bản gốc tiếng Anh: \TU/lmr/m/it/8 IEEE Access\TU/lmr/
m/n/8 , tập 13, 2025, DOI:
 []

(./sections/00_abstract.tex) (./sections/01_introduction.tex [1
Non-PDF special ignored!{/usr/local/texlive/2026/texmf-var/fonts/map/pdftex/updm
ap/pdftex.map}


]) (./sections/02_background.tex
Underfull \hbox (badness 10000) in paragraph at lines 20--21
[]\TU/lmr/bx/n/10 Thoát container: \TU/ptm/bx/it/10 Các khai thác như
 []

[2]) (./sections/03_related_work.tex
<figure/table1.png, id=353, 951.555pt x 467.7475pt>
File: figure/table1.png Graphic file (type png)
<use figure/table1.png>
Package luatex.def Info: figure/table1.png  used on input line 13.
(luatex.def)             Requested size: 516.0pt x 253.6576pt.
 [3]) (./sections/04_desfam.tex [4<./figure/table1.png>]
<figure/figure1.png, id=379, 510.90875pt x 314.17375pt>
File: figure/figure1.png Graphic file (type png)
<use figure/figure1.png>
Package luatex.def Info: figure/figure1.png  used on input line 37.
(luatex.def)             Requested size: 252.0pt x 154.96278pt.
<figure/figure2.png, id=380, 518.93875pt x 314.17375pt>
File: figure/figure2.png Graphic file (type png)
<use figure/figure2.png>
Package luatex.def Info: figure/figure2.png  used on input line 77.
(luatex.def)             Requested size: 252.0pt x 152.56583pt.
 [5<./figure/figure1.png><./figure/figure2.png>]
Package hyperref Info: bookmark level for unknown algorithm defaults to 0 on in
put line 204.

Underfull \hbox (badness 2452) in paragraph at lines 221--225
 \TU/lmr/m/it/10 5) Tải Chính Sách Dành Riêng cho Container: [][][]
 []


Underfull \hbox (badness 2035) in paragraph at lines 221--225
\TU/ptm/bx/it/10 cho container bằng \TU/lmtt/m/n/10 policy_loader\TU/ptm/bx/i
t/10 . Mỗi chính sách
 []

[6]
<figure/figure3.png, id=404, 829.0975pt x 172.645pt>
File: figure/figure3.png Graphic file (type png)
<use figure/figure3.png>
Package luatex.def Info: figure/figure3.png  used on input line 232.
(luatex.def)             Requested size: 252.0pt x 52.47356pt.
<figure/figure4.png, id=405, 618.31pt x 317.185pt>
File: figure/figure4.png Graphic file (type png)
<use figure/figure4.png>
Package luatex.def Info: figure/figure4.png  used on input line 254.
(luatex.def)             Requested size: 252.0pt x 129.27231pt.

Underfull \hbox (badness 5161) in paragraph at lines 285--289
 \TU/lmr/m/it/10 2) Khai Thác Mẫu PrefixSpan: Trích Xuất Các
 []

[7<./figure/figure3.png><./figure/figure4.png>]
<figure/figure6.png, id=419, 370.38374pt x 234.8775pt>
File: figure/figure6.png Graphic file (type png)
<use figure/figure6.png>
Package luatex.def Info: figure/figure6.png  used on input line 355.
(luatex.def)             Requested size: 516.0pt x 327.22423pt.
<figure/figure5.png, id=421, 402.50375pt x 173.64874pt>
File: figure/figure5.png Graphic file (type png)
<use figure/figure5.png>
Package luatex.def Info: figure/figure5.png  used on input line 368.
(luatex.def)             Requested size: 516.0pt x 222.61407pt.
<figure/figure7.png, id=423, 393.47pt x 180.675pt>
File: figure/figure7.png Graphic file (type png)
<use figure/figure7.png>
Package luatex.def Info: figure/figure7.png  used on input line 418.
(luatex.def)             Requested size: 516.0pt x 236.95613pt.
 [8] [9<./figure/figure6.png><./figure/figure5.png>]
<figure/table2.png, id=450, 856.19875pt x 253.94875pt>
File: figure/table2.png Graphic file (type png)
<use figure/table2.png>
Package luatex.def Info: figure/table2.png  used on input line 493.
(luatex.def)             Requested size: 516.0pt x 153.04465pt.
<figure/table3.png, id=452, 455.7025pt x 148.555pt>
File: figure/table3.png Graphic file (type png)
<use figure/table3.png>
Package luatex.def Info: figure/table3.png  used on input line 543.
(luatex.def)             Requested size: 252.0pt x 82.15204pt.
 [10<./figure/figure7.png>]
(/usr/local/texlive/2026/texmf-dist/tex/latex/listings/lstlang1.sty
File: lstlang1.sty 2025/11/14 1.11b listings language file
)
(/usr/local/texlive/2026/texmf-dist/tex/latex/listings/lstmisc.sty
File: lstmisc.sty 2025/11/14 1.11b (Carsten Heinz)
)
Package hyperref Info: bookmark level for unknown lstlisting defaults to 0 on i
nput line 556.
LaTeX Font Info:    Font shape `TU/lmtt/bx/n' in size <8> not available
(Font)              Font shape `TU/lmtt/b/n' tried instead on input line 558.

Underfull \hbox (badness 10000) in paragraph at lines 603--605
[]\TU/ptm/bx/it/10 Lấy ngữ cảnh container: \TU/lmtt/m/n/10 mntns =
 []


Underfull \hbox (badness 10000) in paragraph at lines 603--605
\TU/lmtt/m/n/10 bpf_get_ns_id(NS_MNT); pidns =
 []


Underfull \hbox (badness 10000) in paragraph at lines 605--606
[]\TU/ptm/bx/it/10 Truy vấn policy map: \TU/lmtt/m/n/10 u64 *action =
 []


Underfull \hbox (badness 10000) in paragraph at lines 606--610
[]\TU/ptm/bx/it/10 Thực thi hành động: \TU/lmr/bx/n/10 BLOCK\TU/ptm/bx/it
/10 : Từ chối
 []


Underfull \hbox (badness 10000) in paragraph at lines 606--610
\TU/ptm/bx/it/10 qua \TU/lmtt/m/n/10 bpf_override_return(regs, -EPERM)\TU/ptm/b
x/it/10 ;
 []


Underfull \hbox (badness 10000) in paragraph at lines 606--610
\TU/lmr/bx/n/10 RATE_LIMIT\TU/ptm/bx/it/10 : Cho phép $\OML/cmm/m/it/10 N$ \TU
/ptm/bx/it/10 lời gọi/phút
 []

[11<./figure/table2.png><./figure/table3.png>]
<figure/figure8.png, id=521, 393.47pt x 630.355pt>
File: figure/figure8.png Graphic file (type png)
<use figure/figure8.png>
Package luatex.def Info: figure/figure8.png  used on input line 665.
(luatex.def)             Requested size: 252.0pt x 403.71437pt.

Underfull \hbox (badness 10000) in paragraph at lines 693--694
[] \TU/ptm/bx/it/10 Cập nhật $[]\OT1/cmr/m/n/10 [(\OML/cmm/m/it/10 t; []; [
]\OT1/cmr/m/n/10 )] \OMS/cmsy/m/n/10  
 []

) (./sections/05_evaluation.tex
Underfull \hbox (badness 1365) in paragraph at lines 18--23
\TU/ptm/bx/it/10 A100 80 GB, và SSD NVMe 512 GB. Docker 26.0
 []

[12<./figure/figure8.png>]
Underfull \hbox (badness 1377) in paragraph at lines 60--65
 \TU/lmr/m/it/10 5) So Sánh Với Các Hệ Thống Cơ Sở: [][][]\TU/ptm/bx
/it/10 DeSFAM
 []


Underfull \hbox (badness 1803) in paragraph at lines 60--65
\TU/ptm/bx/it/10 được đánh giá chuẩn so với năm hệ thống cơ s
ở:
 []

[13]
Underfull \hbox (badness 2547) in paragraph at lines 115--119
[]\TU/ptm/bx/it/10 Chúng tôi so sánh DeSFAM với năm framework
 []

<figure/figure9.png, id=564, 393.47pt x 216.81pt>
File: figure/figure9.png Graphic file (type png)
<use figure/figure9.png>
Package luatex.def Info: figure/figure9.png  used on input line 137.
(luatex.def)             Requested size: 252.0pt x 138.85716pt.
<figure/figure10.png, id=565, 393.47pt x 200.75pt>
File: figure/figure10.png Graphic file (type png)
<use figure/figure10.png>
Package luatex.def Info: figure/figure10.png  used on input line 144.
(luatex.def)             Requested size: 252.0pt x 128.57144pt.
<figure/table4.png, id=566, 194.7275pt x 134.5025pt>
File: figure/table4.png Graphic file (type png)
<use figure/table4.png>
Package luatex.def Info: figure/table4.png  used on input line 153.
(luatex.def)             Requested size: 516.0pt x 356.48323pt.
<figure/table5.png, id=568, 935.495pt x 316.18124pt>
File: figure/table5.png Graphic file (type png)
<use figure/table5.png>
Package luatex.def Info: figure/table5.png  used on input line 184.
(luatex.def)             Requested size: 516.0pt x 174.40678pt.
<figure/table6.png, id=569, 809.0225pt x 156.585pt>
File: figure/table6.png Graphic file (type png)
<use figure/table6.png>
Package luatex.def Info: figure/table6.png  used on input line 193.
(luatex.def)             Requested size: 516.0pt x 99.87238pt.
<figure/figure11.png, id=572, 393.47pt x 187.70125pt>
File: figure/figure11.png Graphic file (type png)
<use figure/figure11.png>
Package luatex.def Info: figure/figure11.png  used on input line 212.
(luatex.def)             Requested size: 252.0pt x 120.21431pt.
<figure/figure12.png, id=573, 393.47pt x 187.70125pt>
File: figure/figure12.png Graphic file (type png)
<use figure/figure12.png>
Package luatex.def Info: figure/figure12.png  used on input line 220.
(luatex.def)             Requested size: 252.0pt x 120.21431pt.
<figure/table7.png, id=574, 808.01875pt x 139.52126pt>
File: figure/table7.png Graphic file (type png)
<use figure/table7.png>
Package luatex.def Info: figure/table7.png  used on input line 230.
(luatex.def)             Requested size: 516.0pt x 89.09955pt.
<figure/table8.png, id=576, 453.695pt x 78.2925pt>
File: figure/table8.png Graphic file (type png)
<use figure/table8.png>
Package luatex.def Info: figure/table8.png  used on input line 240.
(luatex.def)             Requested size: 516.0pt x 89.04529pt.
[14<./figure/figure9.png><./figure/figure10.png>] [15<./figure/table4.png><./fig
ure/table5.png>]
<figure/figure13.png, id=604, 393.47pt x 195.73125pt>
File: figure/figure13.png Graphic file (type png)
<use figure/figure13.png>
Package luatex.def Info: figure/figure13.png  used on input line 259.
(luatex.def)             Requested size: 252.0pt x 125.35716pt.
<figure/table9.png, id=605, 453.695pt x 128.48pt>
File: figure/table9.png Graphic file (type png)
<use figure/table9.png>
Package luatex.def Info: figure/table9.png  used on input line 269.
(luatex.def)             Requested size: 516.0pt x 146.12563pt.

Underfull \vbox (badness 1107) has occurred while \output is active []

<figure/table10.png, id=608, 436.63126pt x 134.5025pt>
File: figure/table10.png Graphic file (type png)
<use figure/table10.png>
Package luatex.def Info: figure/table10.png  used on input line 306.
(luatex.def)             Requested size: 516.0pt x 158.95168pt.

Underfull \vbox (badness 1609) has occurred while \output is active []

 [16<./figure/table6.png><./figure/table7.png><./figure/table8.png><./figure/fig
ure11.png><./figure/figure12.png>]
<figure/figure14.png, id=622, 400.49625pt x 193.72375pt>
File: figure/figure14.png Graphic file (type png)
<use figure/figure14.png>
Package luatex.def Info: figure/figure14.png  used on input line 311.
(luatex.def)             Requested size: 252.0pt x 121.89584pt.

Underfull \hbox (badness 2165) in paragraph at lines 313--313
[]\TU/ptm/bx/it/10 Hình 14: |Phân phối độ trễ syscall trong phạm vi
 []


Underfull \hbox (badness 2884) in paragraph at lines 323--326
 \TU/lmr/m/it/10 4) Hiệu Năng Phát Hiện Bất Thường: [][][]\TU/ptm/bx
/it/10 Mô hình
 []

<figure/figure15.png, id=624, 649.42625pt x 335.2525pt>
File: figure/figure15.png Graphic file (type png)
<use figure/figure15.png>
Package luatex.def Info: figure/figure15.png  used on input line 329.
(luatex.def)             Requested size: 252.0pt x 130.08804pt.
<figure/table11.png, id=625, 346.29375pt x 113.42375pt>
File: figure/table11.png Graphic file (type png)
<use figure/table11.png>
Package luatex.def Info: figure/table11.png  used on input line 339.
(luatex.def)             Requested size: 516.0pt x 169.02927pt.
<figure/table12.png, id=627, 905.3825pt x 274.02374pt>
File: figure/table12.png Graphic file (type png)
<use figure/table12.png>
Package luatex.def Info: figure/table12.png  used on input line 355.
(luatex.def)             Requested size: 516.0pt x 156.17006pt.
[17<./figure/table9.png><./figure/figure13.png><./figure/figure14.png><./figure/
figure15.png>]
<figure/table13.png, id=643, 455.7025pt x 108.405pt>
File: figure/table13.png Graphic file (type png)
<use figure/table13.png>
Package luatex.def Info: figure/table13.png  used on input line 373.
(luatex.def)             Requested size: 252.0pt x 59.94879pt.
) (./sections/06_discussion.tex [18<./figure/table10.png><./figure/table11.png>]
<figure/table14.png, id=655, 455.7025pt x 131.49126pt>
File: figure/table14.png Graphic file (type png)
<use figure/table14.png>
Package luatex.def Info: figure/table14.png  used on input line 68.
(luatex.def)             Requested size: 252.0pt x 72.71565pt.
) (./sections/07_conclusion.tex [19<./figure/table12.png><./figure/table13.png><
./figure/table14.png>]) (./sections/appendix_a.tex
(/usr/local/texlive/2026/texmf-dist/tex/latex/listings/lstlang1.sty
File: lstlang1.sty 2025/11/14 1.11b listings language file
)
(/usr/local/texlive/2026/texmf-dist/tex/latex/listings/lstlang1.sty
File: lstlang1.sty 2025/11/14 1.11b listings language file
)
(/usr/local/texlive/2026/texmf-dist/tex/latex/listings/lstlang1.sty
File: lstlang1.sty 2025/11/14 1.11b listings language file
)
Underfull \hbox (badness 10000) in paragraph at lines 90--92
[]\TU/lmr/m/it/10 Yêu cầu quyền hạn: \TU/ptm/bx/it/10 Các CVE yêu c
ầu
 []


Underfull \hbox (badness 2538) in paragraph at lines 90--92
\TU/lmtt/m/n/10 CAP_SYS_ADMIN \TU/ptm/bx/it/10 hoặc các quyền hạn nâng 
cao
 []

[20]
Underfull \hbox (badness 3039) in paragraph at lines 152--155
\TU/ptm/bx/it/10 local user with CAP_SYS_ADMIN to escalate
 []


Underfull \hbox (badness 2205) in paragraph at lines 158--160
[]\TU/lmr/m/it/10 Kết Quả: \TU/ptm/bx/it/10 Đối với các container kh
ông có đặc
 []


Underfull \hbox (badness 10000) in paragraph at lines 164--167
[]\TU/lmr/m/it/10 Mô tả CVE: \TU/ptm/bx/it/10 ``A heap out-of-bounds write
 []


Underfull \hbox (badness 2856) in paragraph at lines 164--167
\TU/ptm/bx/it/10 affecting Linux since v2.6.19-rc1 was discovered
 []


Underfull \hbox (badness 1383) in paragraph at lines 164--167
\TU/ptm/bx/it/10 in net/netfilter/x_tables.c…can be exploited with
 []

) (/output/main.bbl
Underfull \hbox (badness 7344) in paragraph at lines 25--28
\TU/lmr/m/n/8 security survey: Exploits, attacks, and defenses,'' \TU/lmr/m/it/
8 ACM
 []


Underfull \hbox (badness 6348) in paragraph at lines 53--56
[]\TU/lmr/m/n/8 B. Gregg, ``BPF performance tools: Linux system and
 []

[21]
Underfull \hbox (badness 5431) in paragraph at lines 73--76
[]\TU/lmr/m/n/8 M. Rostamipoor, S. Ghavamnia, and M. Polychronakis,
 []


Underfull \hbox (badness 10000) in paragraph at lines 116--118
[]\TU/lmr/m/n/8 ------, ``CVE-2021-22555: Linux kernel netfilter heap
 []


Underfull \hbox (badness 10000) in paragraph at lines 116--118
\TU/lmr/m/n/8 out-of-bounds write,'' []$https://nvd.nist.gov/vuln/detail/
 []

) [22

] (/output/main.aux)
 ***********
LaTeX2e <2025-11-01>
L3 programming layer <2026-03-20>
 ***********


LaTeX Font Warning: Some font shapes were not available, defaults substituted.

Package rerunfilecheck Info: File `main.out' has not changed.
(rerunfilecheck)             Checksum: 2FA8CE7B346B5D0D253BC8092854FED8;20887.
)

Here is how much of LuaTeX's memory you used:
 20757 strings out of 475900
 477075,1144653 words of node,token memory allocated
 131403 words of node memory still in use:
   5171 hlist, 6 vlist, 1956 rule, 345 disc, 47 local_par, 3757 glue, 3521 kern,
 165 penalty, 1028 glyph, 3559 attribute, 63 glue_spec, 1780 attribute_list, 2 w
rite, 47 pdf_dest, 5 pdf_action, 4 pdf_colorstack nodes
   avail lists: 1:1,2:5813,3:669,4:168,5:7528,6:138,7:16422,8:49,9:14657,10:24,1
1:730
 42588 multiletter control sequences out of 65536+600000
 113 fonts using 10264599 bytes
 73i,9n,76p,1348b,812s stack positions out of 10000i,1000n,20000p,200000b,200000s
</usr/local/texlive/2026/texmf-dist/fonts/opentype/public/lm/lmroman8-bold.otf><
/usr/local/texlive/2026/texmf-dist/fonts/opentype/public/lm/lmmono8-regular.otf>
</usr/local/texlive/2026/texmf-dist/fonts/opentype/public/lm/lmmonolt10-bold.otf
></usr/local/texlive/2026/texmf-dist/fonts/opentype/public/lm/lmmono10-italic.ot
f></usr/local/texlive/2026/texmf-dist/fonts/opentype/public/lm/lmroman10-bold.ot
f></usr/local/texlive/2026/texmf-dist/fonts/opentype/public/lm/lmroman10-italic.
otf></usr/local/texlive/2026/texmf-dist/fonts/opentype/public/lm/lmmono10-regula
r.otf></usr/local/texlive/2026/texmf-dist/fonts/opentype/public/lm/lmroman8-ital
ic.otf></usr/local/texlive/2026/texmf-dist/fonts/opentype/public/lm/lmroman6-reg
ular.otf></usr/local/texlive/2026/texmf-dist/fonts/opentype/public/lm/lmroman10-
regular.otf></usr/local/texlive/2026/texmf-dist/fonts/opentype/public/lm/lmroman
caps10-regular.otf></usr/local/texlive/2026/texmf-dist/fonts/opentype/public/lm/
lmroman9-bold.otf></usr/local/texlive/2026/texmf-dist/fonts/opentype/public/lm/l
mroman10-bolditalic.otf></usr/local/texlive/2026/texmf-dist/fonts/opentype/publi
c/lm/lmroman8-regular.otf></usr/local/texlive/2026/texmf-dist/fonts/opentype/pub
lic/lm/lmroman12-regular.otf></usr/local/texlive/2026/texmf-dist/fonts/opentype/
public/lm/lmroman17-regular.otf></usr/local/texlive/2026/texmf-dist/fonts/openty
pe/public/lm/lmroman7-regular.otf></usr/local/texlive/2026/texmf-dist/fonts/type
1/public/amsfonts/cm/cmex10.pfb></usr/local/texlive/2026/texmf-dist/fonts/type1/
public/amsfonts/cm/cmmi10.pfb></usr/local/texlive/2026/texmf-dist/fonts/type1/pu
blic/amsfonts/cm/cmmi5.pfb></usr/local/texlive/2026/texmf-dist/fonts/type1/publi
c/amsfonts/cm/cmmi7.pfb></usr/local/texlive/2026/texmf-dist/fonts/type1/public/a
msfonts/cm/cmr10.pfb></usr/local/texlive/2026/texmf-dist/fonts/type1/public/amsf
onts/cm/cmr7.pfb></usr/local/texlive/2026/texmf-dist/fonts/type1/public/amsfonts
/cm/cmsy10.pfb></usr/local/texlive/2026/texmf-dist/fonts/type1/public/amsfonts/c
m/cmsy7.pfb>
Output written on main.pdf (22 pages, 3489533 bytes).

PDF statistics: 927 PDF objects out of 1000 (max. 8388607)
 778 compressed objects within 8 object streams
 310 named destinations out of 1000 (max. 1048576)
 593 words of extra memory for PDF output out of 10000 (max. 100000000)

