\BOOKMARK [1][-]{section.1}{\376\377\000G\000i\036\333\000i\000\040\000t\000h\000i\036\307\000u}{}% 1
\BOOKMARK [2][-]{subsection.1.1}{\376\377\000B\036\321\000i\000\040\000c\036\243\000n\000h}{section.1}% 2
\BOOKMARK [2][-]{subsection.1.2}{\376\377\001\020\036\331\000n\000g\000\040\000l\036\361\000c\000\040\000n\000g\000h\000i\000\352\000n\000\040\000c\036\351\000u}{section.1}% 3
\BOOKMARK [2][-]{subsection.1.3}{\376\377\000C\000\342\000u\000\040\000h\036\317\000i\000\040\000n\000g\000h\000i\000\352\000n\000\040\000c\036\351\000u\000\040\000v\000\340\000\040\000n\036\331\000i\000\040\000d\000u\000n\000g}{section.1}% 4
\BOOKMARK [2][-]{subsection.1.4}{\376\377\000C\036\245\000u\000\040\000t\000r\000\372\000c\000\040\000b\000\341\000o\000\040\000c\000\341\000o}{section.1}% 5
\BOOKMARK [1][-]{section.2}{\376\377\000C\001\241\000\040\000s\036\337\000\040\000l\000\375\000\040\000t\000h\000u\000y\036\277\000t\000\040\000v\000\340\000\040\000C\000\364\000n\000g\000\040\000t\000r\000\354\000n\000h\000\040\000l\000i\000\352\000n\000\040\000q\000u\000a\000n}{}% 6
\BOOKMARK [2][-]{subsection.2.1}{\376\377\000P\000h\000\341\000t\000\040\000h\000i\036\307\000n\000\040\000x\000\342\000m\000\040\000n\000h\036\255\000p\000\040\000d\036\361\000a\000\040\000t\000r\000\352\000n\000\040\000l\036\335\000i\000\040\000g\036\315\000i\000\040\000h\036\307\000\040\000t\000h\036\321\000n\000g\000\040\000v\000\340\000\040\000e\000B\000P\000F}{section.2}% 7
\BOOKMARK [2][-]{subsection.2.2}{\376\377\000D\000e\000S\000F\000A\000M\000\040\000v\000\340\000\040\000c\001\241\000\040\000c\000h\036\277\000\040\000n\000g\001\260\036\341\000n\000g\000\040\001\021\036\331\000n\000g}{section.2}% 8
\BOOKMARK [3][-]{subsubsection.2.2.1}{\376\377\000V\000a\000i\000\040\000t\000r\000\362\000\040\000c\036\347\000a\000\040\000V\000A\000E\000\040\000v\000\340\000\040\000I\000s\000o\000l\000a\000t\000i\000o\000n\000\040\000F\000o\000r\000e\000s\000t}{subsection.2.2}% 9
\BOOKMARK [2][-]{subsection.2.3}{\376\377\000K\000h\000o\036\243\000n\000g\000\040\000t\000r\036\321\000n\000g\000\040\000n\000g\000h\000i\000\352\000n\000\040\000c\036\351\000u}{section.2}% 10
\BOOKMARK [1][-]{section.3}{\376\377\000P\000h\001\260\001\241\000n\000g\000\040\000p\000h\000\341\000p\000\040\000l\000u\036\255\000n}{}% 11
\BOOKMARK [2][-]{subsection.3.1}{\376\377\000L\000o\036\241\000i\000\040\000h\000\354\000n\000h\000\040\000v\000\340\000\040\000t\000h\000i\036\277\000t\000\040\000k\036\277\000\040\000n\000g\000h\000i\000\352\000n\000\040\000c\036\351\000u}{section.3}% 12
\BOOKMARK [2][-]{subsection.3.2}{\376\377\000G\000i\036\243\000\040\000t\000h\000u\000y\036\277\000t\000\040\000n\000g\000h\000i\000\352\000n\000\040\000c\036\351\000u}{section.3}% 13
\BOOKMARK [2][-]{subsection.3.3}{\376\377\000C\001\241\000\040\000c\000h\036\277\000\040\000n\000g\001\260\036\341\000n\000g\000\040\000E\000M\000A\000\040\000v\000\340\000\040\000c\000\341\000c\000h\000\040\000n\000g\001\260\036\341\000n\000g\000\040\000t\000h\000a\000y\000\040\001\021\036\325\000i\000\040\000t\000h\000e\000o\000\040\000t\000h\036\335\000i\000\040\000g\000i\000a\000n}{section.3}% 14
\BOOKMARK [2][-]{subsection.3.4}{\376\377\000B\000i\036\277\000n\000\040\000s\036\321\000,\000\040\000c\000h\036\311\000\040\000s\036\321\000\040\000v\000\340\000\040\000p\000h\001\260\001\241\000n\000g\000\040\000p\000h\000\341\000p\000\040\000t\000h\036\321\000n\000g\000\040\000k\000\352}{section.3}% 15
\BOOKMARK [1][-]{section.4}{\376\377\000T\000h\000i\036\277\000t\000\040\000l\036\255\000p\000\040\000t\000h\036\361\000c\000\040\000n\000g\000h\000i\036\307\000m}{}% 16
\BOOKMARK [2][-]{subsection.4.1}{\376\377\000D\036\357\000\040\000l\000i\036\307\000u}{section.4}% 17
\BOOKMARK [2][-]{subsection.4.2}{\376\377\000B\036\331\000\040\000p\000h\000\341\000t\000\040\000h\000i\036\307\000n\000\040\000v\000\340\000\040\000t\000r\000\355\000c\000h\000\040\000x\000u\036\245\000t\000\040\001\021\036\267\000c\000\040\000t\000r\001\260\000n\000g}{section.4}% 18
\BOOKMARK [3][-]{subsubsection.4.2.1}{\376\377\000B\036\331\000\040\000l\036\315\000c\000\040\000s\000e\000n\000s\000o\000r\000-\000a\000l\000p\000h\000a\000b\000e\000t\000:\000\040\000c\001\241\000\040\000c\000h\036\277\000,\000\040\000l\000\375\000\040\000d\000o\000\040\000v\000\340\000\040\001\021\036\331\000\040\000p\000h\036\347}{subsection.4.2}% 19
\BOOKMARK [3][-]{subsubsection.4.2.2}{\376\377\000T\000r\000\355\000c\000h\000\040\000x\000u\036\245\000t\000\040\001\021\036\267\000c\000\040\000t\000r\001\260\000n\000g}{subsection.4.2}% 20
\BOOKMARK [3][-]{subsubsection.4.2.3}{\376\377\000B\036\331\000\040\000p\000h\000\341\000t\000\040\000h\000i\036\307\000n\000\040\000\050\000V\000A\000E\000\040\000+\000\040\000I\000s\000o\000l\000a\000t\000i\000o\000n\000\040\000F\000o\000r\000e\000s\000t\000\051}{subsection.4.2}% 21
\BOOKMARK [2][-]{subsection.4.3}{\376\377\000M\000\364\000\040\000h\000\354\000n\000h\000\040\000m\036\321\000i\000\040\001\021\000e\000\040\000d\000o\036\241\000\040\000v\000\340\000\040\000h\000\340\000n\000g\000\040\000x\000\363\000m\000\040\000g\000\342\000y\000\040\000n\000h\000i\036\305\000u}{section.4}% 22
\BOOKMARK [2][-]{subsection.4.4}{\376\377\000Q\000u\000y\000\040\000t\000r\000\354\000n\000h\000\040\000b\000a\000\040\000p\000h\000a\000s\000e\000\040\000v\000\340\000\040\000g\000i\000a\000o\000\040\000t\000h\036\351\000c\000\040\000t\000h\000\355\000\040\000n\000g\000h\000i\036\307\000m}{section.4}% 23
\BOOKMARK [3][-]{subsubsection.4.4.1}{\376\377\000B\000a\000\040\000p\000h\000a\000s\000e\000\040\000t\000\341\000c\000h\000\040\000b\000i\036\307\000t\000\040\000\050\001\021\036\243\000m\000\040\000b\036\243\000o\000\040\001\021\036\331\000\040\000t\000i\000n\000\040\000c\036\255\000y\000\051}{subsection.4.4}% 24
\BOOKMARK [3][-]{subsubsection.4.4.2}{\376\377\000C\000\341\000c\000h\000\040\000t\000i\036\277\000n\000\040\000h\000\340\000n\000h\000\040\000m\036\327\000i\000\040\000l\001\260\036\343\000t\000\040\000t\000h\036\355\000\040\000\050\000t\000r\000i\000a\000l\000\051}{subsection.4.4}% 25
\BOOKMARK [1][-]{section.5}{\376\377\000K\036\277\000t\000\040\000q\000u\036\243}{}% 26
\BOOKMARK [2][-]{subsection.5.1}{\376\377\000R\000Q\0001\000\040\040\024\000\040\000N\001\003\000n\000g\000\040\000l\036\361\000c\000\040\000p\000h\000\341\000t\000\040\000h\000i\036\307\000n\000\040\000t\000r\000\352\000n\000\040\000D\000o\000n\000g\000T\000i\000n\000g}{section.5}% 27
\BOOKMARK [2][-]{subsection.5.2}{\376\377\000R\000Q\0002\000\040\040\024\000\040\000T\000h\000r\000e\000s\000h\000o\000l\000d\000-\000i\000n\000f\000l\000a\000t\000i\000o\000n\000\040\000e\000v\000a\000s\000i\000o\000n}{section.5}% 28
\BOOKMARK [2][-]{subsection.5.3}{\376\377\000R\000Q\0002\000\040\040\024\000\040\000E\000v\000a\000s\000i\000o\000n\000\040\000v\000\340\000\040\000v\000a\000i\000\040\000t\000r\000\362\000\040\000c\036\347\000a\000\040\000c\036\255\000p\000\040\000n\000h\036\255\000t\000\040\000c\000\363\000\040\001\021\000i\036\301\000u\000\040\000k\000i\036\307\000n}{section.5}% 29
\BOOKMARK [1][-]{section.6}{\376\377\000T\000h\036\243\000o\000\040\000l\000u\036\255\000n}{}% 30
\BOOKMARK [1][-]{section.7}{\376\377\000K\036\277\000t\000\040\000l\000u\036\255\000n\000\040\000v\000\340\000\040\000H\001\260\036\333\000n\000g\000\040\000p\000h\000\341\000t\000\040\000t\000r\000i\036\303\000n}{}% 31
\BOOKMARK [1][-]{section.A}{\376\377\000P\000h\036\345\000\040\000l\036\345\000c\000\040\040\024\000\040\000T\000\341\000i\000\040\000l\036\255\000p\000\040\000k\036\277\000t\000\040\000q\000u\036\243}{}% 32
