This is LuaHBTeX, Version 1.24.0 (TeX Live 2026)  (format=lualatex 2026.5.17)  18 MAY 2026 17:56
 restricted system commands enabled.
**main_eda.tex
(./main_eda.tex
LaTeX2e <2025-11-01>
L3 programming layer <2026-04-28>
Lua module: luaotfload 2024-12-03 v3.29 Lua based OpenType font support
Lua module: lualibs 2023-07-13 v2.76 ConTeXt Lua standard libraries.
Lua module: lualibs-extended 2023-07-13 v2.76 ConTeXt Lua libraries -- extended 
collection.
luaotfload | conf : Root cache directory is "/usr/local/texlive/2026/texmf-var/l
uatex-cache/generic/names".
luaotfload | init : Loading fontloader "fontloader-2023-12-28.lua" from kpse-res
olved path "/usr/local/texlive/2026/texmf-dist/tex/luatex/luaotfload/fontloader-
2023-12-28.lua".
Lua-only attribute luaotfload@noligature = 1
luaotfload | init : Context OpenType loader version 3.134
Inserting `luaotfload.node_processor' in `pre_linebreak_filter'.
Inserting `luaotfload.node_processor' in `hpack_filter'.
Inserting `luaotfload.glyph_stream' in `glyph_stream_provider'.
Inserting `luaotfload.define_font' in `define_font'.
Lua-only attribute luaotfload_color_attribute = 2
luaotfload | conf : Root cache directory is "/usr/local/texlive/2026/texmf-var/l
uatex-cache/generic/names".
Inserting `luaotfload.harf.strip_prefix' in `find_opentype_file'.
Inserting `luaotfload.harf.strip_prefix' in `find_truetype_file'.
Removing  `luaotfload.glyph_stream' from `glyph_stream_provider'.
Inserting `luaotfload.harf.glyphstream' in `glyph_stream_provider'.
Inserting `luaotfload.harf.finalize_vlist' in `post_linebreak_filter'.
Inserting `luaotfload.harf.finalize_hlist' in `hpack_filter'.
Inserting `luaotfload.cleanup_files' in `wrapup_run'.
Inserting `luaotfload.harf.finalize_unicode' in `finish_pdffile'.
Inserting `luaotfload.glyphinfo' in `glyph_info'.
Lua-only attribute luaotfload.letterspace_done = 3
Inserting `luaotfload.aux.set_sscale_dimens' in `luaotfload.patch_font'.
Inserting `luaotfload.aux.set_font_index' in `luaotfload.patch_font'.
Inserting `luaotfload.aux.patch_cambria_domh' in `luaotfload.patch_font'.
Inserting `luaotfload.aux.fixup_fontdata' in `luaotfload.patch_font_unsafe'.
Inserting `luaotfload.aux.set_capheight' in `luaotfload.patch_font'.
Inserting `luaotfload.aux.set_xheight' in `luaotfload.patch_font'.
Inserting `luaotfload.rewrite_fontname' in `luaotfload.patch_font'.
Inserting `tracingstacklevels' in `input_level_string'. (/usr/local/texlive/202
6/texmf-dist/tex/latex/ieeetran/IEEEtran.cls
Document Class: IEEEtran 2015/08/26 V1.8b by Michael Shell
-- See the "IEEEtran_HOWTO" manual for usage information.
-- http://www.michaelshell.org/tex/ieeetran/
\@IEEEtrantmpdimenA=\dimen149
\@IEEEtrantmpdimenB=\dimen150
\@IEEEtrantmpdimenC=\dimen151
\@IEEEtrantmpcountA=\count274
\@IEEEtrantmpcountB=\count275
\@IEEEtrantmpcountC=\count276
\@IEEEtrantmptoksA=\toks17
LaTeX Font Info:    Trying to load font information for TU+ptm on input line 50
3.
LaTeX Font Info:    No file TUptm.fd. on input line 503.

LaTeX Font Warning: Font shape `TU/ptm/m/n' undefined
(Font)              using `TU/lmr/m/n' instead on input line 503.

luaotfload | db : Font names database loaded from /usr/local/texlive/2026/texmf-
var/luatex-cache/generic/names/luaotfload-names.luc.gz
-- Using 8.5in x 11in (letter) paper.
-- Using DVI output.
\@IEEEnormalsizeunitybaselineskip=\dimen152
-- This is a 10 point document.
LaTeX Encoding Info:    Redeclaring text command \textunderscore (encoding ?) o
n input line 937.
\CLASSINFOnormalsizebaselineskip=\dimen153
\CLASSINFOnormalsizeunitybaselineskip=\dimen154
\IEEEnormaljot=\dimen155

LaTeX Font Warning: Font shape `TU/ptm/bx/n' undefined
(Font)              using `TU/ptm/m/n' instead on input line 1090.


LaTeX Font Warning: Font shape `TU/ptm/m/it' undefined
(Font)              using `TU/ptm/m/n' instead on input line 1090.


LaTeX Font Warning: Font shape `TU/ptm/bx/it' undefined
(Font)              using `TU/ptm/bx/n' instead on input line 1090.

\IEEEquantizedlength=\dimen156
\IEEEquantizedlengthdiff=\dimen157
\IEEEquantizedtextheightdiff=\dimen158
\IEEEilabelindentA=\dimen159
\IEEEilabelindentB=\dimen160
\IEEEilabelindent=\dimen161
\IEEEelabelindent=\dimen162
\IEEEdlabelindent=\dimen163
\IEEElabelindent=\dimen164
\IEEEiednormlabelsep=\dimen165
\IEEEiedmathlabelsep=\dimen166
\IEEEiedtopsep=\skip49
\c@section=\count277
\c@subsection=\count278
\c@subsubsection=\count279
\c@paragraph=\count280
\c@IEEEsubequation=\count281
\abovecaptionskip=\skip50
\belowcaptionskip=\skip51
\c@figure=\count282
\c@table=\count283
\@IEEEeqnnumcols=\count284
\@IEEEeqncolcnt=\count285
\@IEEEsubeqnnumrollback=\count286
\@IEEEquantizeheightA=\dimen167
\@IEEEquantizeheightB=\dimen168
\@IEEEquantizeheightC=\dimen169
\@IEEEquantizeprevdepth=\dimen170
\@IEEEquantizemultiple=\count287
\@IEEEquantizeboxA=\box53
\@IEEEtmpitemindent=\dimen171
\IEEEPARstartletwidth=\dimen172
\c@IEEEbiography=\count288
\@IEEEtranrubishbin=\box54
) (/usr/local/texlive/2026/texmf-dist/tex/latex/fontspec/fontspec.sty
(/usr/local/texlive/2026/texmf-dist/tex/latex/l3packages/xparse/xparse.sty
(/usr/local/texlive/2026/texmf-dist/tex/latex/l3kernel/expl3.sty
Package: expl3 2026-04-28 L3 programming layer (loader) 

(/usr/local/texlive/2026/texmf-dist/tex/latex/l3backend/l3backend-luatex.def
File: l3backend-luatex.def 2026-02-18 L3 backend support: PDF output (LuaTeX)
\l__color_backend_stack_int=\count289
Inserting `l3color' in `luaotfload.parse_color'.))
Package: xparse 2025-10-09 L3 Experimental document command parser
)
Package: fontspec 2025/09/29 v2.9g Font selection for XeLaTeX and LuaLaTeX
Lua module: fontspec 2025/09/29 v2.9g Font selection for XeLaTeX and LuaLaTeX (/usr/local/texlive/2026/texmf-dist/tex/latex/fontspec/fontspec-luatex.sty
Package: fontspec-luatex 2025/09/29 v2.9g Font selection for XeLaTeX and LuaLaT
eX
\l__fontspec_script_int=\count290
\l__fontspec_language_int=\count291
\l__fontspec_strnum_int=\count292
\l__fontspec_tmp_int=\count293
\l__fontspec_tmpa_int=\count294
\l__fontspec_tmpb_int=\count295
\l__fontspec_tmpc_int=\count296
\l__fontspec_em_int=\count297
\l__fontspec_emdef_int=\count298
\l__fontspec_strong_int=\count299
\l__fontspec_strongdef_int=\count300
\l__fontspec_tmpa_dim=\dimen173
\l__fontspec_tmpb_dim=\dimen174
\l__fontspec_tmpc_dim=\dimen175

(/usr/local/texlive/2026/texmf-dist/tex/latex/base/fontenc.sty
Package: fontenc 2025/07/18 v2.1d Standard LaTeX package
)
(/usr/local/texlive/2026/texmf-dist/tex/latex/fontspec/fontspec.cfg)))
(/usr/local/texlive/2026/texmf-dist/tex/latex/graphics/graphicx.sty
Package: graphicx 2024/12/31 v1.2e Enhanced LaTeX Graphics (DPC,SPQR)

(/usr/local/texlive/2026/texmf-dist/tex/latex/graphics/keyval.sty
Package: keyval 2022/05/29 v1.15 key=value parser (DPC)
\KV@toks@=\toks18
)
(/usr/local/texlive/2026/texmf-dist/tex/latex/graphics/graphics.sty
Package: graphics 2024/08/06 v1.4g Standard LaTeX Graphics (DPC,SPQR)

(/usr/local/texlive/2026/texmf-dist/tex/latex/graphics/trig.sty
Package: trig 2023/12/02 v1.11 sin cos tan (DPC)
)
(/usr/local/texlive/2026/texmf-dist/tex/latex/graphics-cfg/graphics.cfg
File: graphics.cfg 2016/06/04 v1.11 sample graphics configuration
)
Package graphics Info: Driver file: luatex.def on input line 106.

(/usr/local/texlive/2026/texmf-dist/tex/latex/graphics-def/luatex.def
File: luatex.def 2025/09/29 v1.2f Graphics/color driver for luatex
))
\Gin@req@height=\dimen176
\Gin@req@width=\dimen177
)
(/usr/local/texlive/2026/texmf-dist/tex/latex/booktabs/booktabs.sty
Package: booktabs 2020/01/12 v1.61803398 Publication quality tables
\heavyrulewidth=\dimen178
\lightrulewidth=\dimen179
\cmidrulewidth=\dimen180
\belowrulesep=\dimen181
\belowbottomsep=\dimen182
\aboverulesep=\dimen183
\abovetopsep=\dimen184
\cmidrulesep=\dimen185
\cmidrulekern=\dimen186
\defaultaddspace=\dimen187
\@cmidla=\count301
\@cmidlb=\count302
\@aboverulesep=\dimen188
\@belowrulesep=\dimen189
\@thisruleclass=\count303
\@lastruleclass=\count304
\@thisrulewidth=\dimen190
)
(/usr/local/texlive/2026/texmf-dist/tex/latex/amsmath/amsmath.sty
Package: amsmath 2025/07/09 v2.17z AMS math features
\@mathmargin=\skip52

For additional information on amsmath, use the `?' option.
(/usr/local/texlive/2026/texmf-dist/tex/latex/amsmath/amstext.sty
Package: amstext 2024/11/17 v2.01 AMS text

(/usr/local/texlive/2026/texmf-dist/tex/latex/amsmath/amsgen.sty
File: amsgen.sty 1999/11/30 v2.0 generic functions
\@emptytoks=\toks19
\ex@=\dimen191
))
(/usr/local/texlive/2026/texmf-dist/tex/latex/amsmath/amsbsy.sty
Package: amsbsy 1999/11/29 v1.2d Bold Symbols
\pmbraise@=\dimen192
)
(/usr/local/texlive/2026/texmf-dist/tex/latex/amsmath/amsopn.sty
Package: amsopn 2022/04/08 v2.04 operator names
)
\inf@bad=\count305
LaTeX Info: Redefining \frac on input line 235.
\uproot@=\count306
\leftroot@=\count307
LaTeX Info: Redefining \overline on input line 398.
LaTeX Info: Redefining \colon on input line 409.
\classnum@=\count308
\DOTSCASE@=\count309
LaTeX Info: Redefining \ldots on input line 495.
LaTeX Info: Redefining \dots on input line 498.
LaTeX Info: Redefining \cdots on input line 619.
\Mathstrutbox@=\box55
\strutbox@=\box56
LaTeX Info: Redefining \big on input line 721.
LaTeX Info: Redefining \Big on input line 722.
LaTeX Info: Redefining \bigg on input line 723.
LaTeX Info: Redefining \Bigg on input line 724.
\big@size=\dimen193
LaTeX Font Info:    Redeclaring font encoding OML on input line 742.
LaTeX Font Info:    Redeclaring font encoding OMS on input line 743.
\macc@depth=\count310
LaTeX Info: Redefining \bmod on input line 904.
LaTeX Info: Redefining \pmod on input line 909.
LaTeX Info: Redefining \smash on input line 939.
LaTeX Info: Redefining \relbar on input line 969.
LaTeX Info: Redefining \Relbar on input line 970.
\c@MaxMatrixCols=\count311
\dotsspace@=\muskip17
\c@parentequation=\count312
\dspbrk@lvl=\count313
\tag@help=\toks20
\row@=\count314
\column@=\count315
\maxfields@=\count316
\andhelp@=\toks21
\eqnshift@=\dimen194
\alignsep@=\dimen195
\tagshift@=\dimen196
\tagwidth@=\dimen197
\totwidth@=\dimen198
\lineht@=\dimen199
\@envbody=\toks22
\multlinegap=\skip53
\multlinetaggap=\skip54
\mathdisplay@stack=\toks23
LaTeX Info: Redefining \[ on input line 2950.
LaTeX Info: Redefining \] on input line 2951.
)
(/usr/local/texlive/2026/texmf-dist/tex/latex/amsfonts/amssymb.sty
Package: amssymb 2013/01/14 v3.01 AMS font symbols

(/usr/local/texlive/2026/texmf-dist/tex/latex/amsfonts/amsfonts.sty
Package: amsfonts 2013/01/14 v3.01 Basic AMSFonts support
\symAMSa=\mathgroup4
\symAMSb=\mathgroup5
LaTeX Font Info:    Redeclaring math symbol \hbar on input line 98.
LaTeX Font Info:    Overwriting math alphabet `\mathfrak' in version `bold'
(Font)                  U/euf/m/n --> U/euf/b/n on input line 106.
))
(/usr/local/texlive/2026/texmf-dist/tex/latex/url/url.sty
\Urlmuskip=\muskip18
Package: url 2013/09/16  ver 3.4  Verb mode for urls, etc.
)
(/usr/local/texlive/2026/texmf-dist/tex/latex/hyperref/hyperref.sty
Package: hyperref 2026-04-24 v7.01q Hypertext links for LaTeX

(/usr/local/texlive/2026/texmf-dist/tex/generic/iftex/iftex.sty
Package: iftex 2024/12/12 v1.0g TeX engine tests
)
(/usr/local/texlive/2026/texmf-dist/tex/latex/kvsetkeys/kvsetkeys.sty
Package: kvsetkeys 2022-10-05 v1.19 Key value parser (HO)
)
(/usr/local/texlive/2026/texmf-dist/tex/generic/kvdefinekeys/kvdefinekeys.sty
Package: kvdefinekeys 2019-12-19 v1.6 Define keys (HO)
)
(/usr/local/texlive/2026/texmf-dist/tex/generic/pdfescape/pdfescape.sty
Package: pdfescape 2019/12/09 v1.15 Implements pdfTeX's escape features (HO)

(/usr/local/texlive/2026/texmf-dist/tex/generic/ltxcmds/ltxcmds.sty
Package: ltxcmds 2023-12-04 v1.26 LaTeX kernel commands for general use (HO)
)
(/usr/local/texlive/2026/texmf-dist/tex/generic/pdftexcmds/pdftexcmds.sty
Package: pdftexcmds 2020-06-27 v0.33 Utility functions of pdfTeX for LuaTeX (HO
)

(/usr/local/texlive/2026/texmf-dist/tex/generic/infwarerr/infwarerr.sty
Package: infwarerr 2019/12/03 v1.5 Providing info/warning/error messages (HO)
)
Package pdftexcmds Info: \pdf@primitive is available.
Package pdftexcmds Info: \pdf@ifprimitive is available.
Package pdftexcmds Info: \pdfdraftmode found.
\pdftexcmds@toks=\toks24
))
(/usr/local/texlive/2026/texmf-dist/tex/latex/hycolor/hycolor.sty
Package: hycolor 2020-01-27 v1.10 Color options for hyperref/bookmark (HO)
)
(/usr/local/texlive/2026/texmf-dist/tex/latex/hyperref/nameref.sty
Package: nameref 2026-01-29 v2.58 Cross-referencing by name of section

(/usr/local/texlive/2026/texmf-dist/tex/latex/refcount/refcount.sty
Package: refcount 2019/12/15 v3.6 Data extraction from label references (HO)
)
(/usr/local/texlive/2026/texmf-dist/tex/generic/gettitlestring/gettitlestring.s
ty
Package: gettitlestring 2019/12/15 v1.6 Cleanup title references (HO)
 (/usr/local/texlive/2026/texmf-dist/tex/latex/kvoptions/kvoptions.sty
Package: kvoptions 2022-06-15 v3.15 Key value format for package options (HO)
))
\c@section@level=\count317
)
(/usr/local/texlive/2026/texmf-dist/tex/latex/etoolbox/etoolbox.sty
Package: etoolbox 2025/10/02 v2.5m e-TeX tools for LaTeX (JAW)
\etb@tempcnta=\count318
)
(/usr/local/texlive/2026/texmf-dist/tex/generic/stringenc/stringenc.sty
Package: stringenc 2019/11/29 v1.12 Convert strings between diff. encodings (HO
)
)
\@linkdim=\dimen256
\Hy@linkcounter=\count319
\Hy@pagecounter=\count320

(/usr/local/texlive/2026/texmf-dist/tex/latex/hyperref/pd1enc.def
File: pd1enc.def 2026-04-24 v7.01q Hyperref: PDFDocEncoding definition (HO)
)
(/usr/local/texlive/2026/texmf-dist/tex/generic/intcalc/intcalc.sty
Package: intcalc 2019/12/15 v1.3 Expandable calculations with integers (HO)
)
\Hy@SavedSpaceFactor=\count321

(/usr/local/texlive/2026/texmf-dist/tex/latex/hyperref/puenc.def
File: puenc.def 2026-04-24 v7.01q Hyperref: PDF Unicode definition (HO)
)
Package hyperref Info: Hyper figures OFF on input line 4199.
Package hyperref Info: Link nesting OFF on input line 4204.
Package hyperref Info: Hyper index ON on input line 4207.
Package hyperref Info: Plain pages OFF on input line 4214.
Package hyperref Info: Backreferencing OFF on input line 4219.
Package hyperref Info: Implicit mode ON; LaTeX internals redefined.
Package hyperref Info: Bookmarks ON on input line 4466.
\c@Hy@tempcnt=\count322
LaTeX Info: Redefining \url on input line 4805.
\XeTeXLinkMargin=\dimen257

(/usr/local/texlive/2026/texmf-dist/tex/generic/bitset/bitset.sty
Package: bitset 2019/12/09 v1.3 Handle bit-vector datatype (HO)

(/usr/local/texlive/2026/texmf-dist/tex/generic/bigintcalc/bigintcalc.sty
Package: bigintcalc 2019/12/15 v1.5 Expandable calculations on big integers (HO
)
))
\Fld@menulength=\count323
\Field@Width=\dimen258
\Fld@charsize=\dimen259
Package hyperref Info: Hyper figures OFF on input line 6091.
Package hyperref Info: Link nesting OFF on input line 6096.
Package hyperref Info: Hyper index ON on input line 6099.
Package hyperref Info: backreferencing OFF on input line 6106.
Package hyperref Info: Link coloring OFF on input line 6111.
Package hyperref Info: Link coloring with OCG OFF on input line 6116.
Package hyperref Info: PDF/A mode OFF on input line 6121.
\Hy@abspage=\count324
\c@Item=\count325
\c@Hfootnote=\count326
)
Package hyperref Info: Driver (autodetected): hluatex.

(/usr/local/texlive/2026/texmf-dist/tex/latex/hyperref/hluatex.def
File: hluatex.def 2026-04-24 v7.01q Hyperref driver for luaTeX
\Fld@listcount=\count327
\c@bookmark@seq@number=\count328

(/usr/local/texlive/2026/texmf-dist/tex/latex/rerunfilecheck/rerunfilecheck.sty
Package: rerunfilecheck 2025-06-21 v1.11 Rerun checks for auxiliary files (HO)

(/usr/local/texlive/2026/texmf-dist/tex/generic/uniquecounter/uniquecounter.sty
Package: uniquecounter 2019/12/15 v1.4 Provide unlimited unique counter (HO)
)
Package uniquecounter Info: New unique counter `rerunfilecheck' on input line 2
84.
)
\Hy@SectionHShift=\skip55
) (/usr/local/texlive/2026/texmf-dist/tex/latex/xcolor/xcolor.sty
Package: xcolor 2024/09/29 v3.02 LaTeX color extensions (UK)

(/usr/local/texlive/2026/texmf-dist/tex/latex/graphics-cfg/color.cfg
File: color.cfg 2016/01/02 v1.6 sample color configuration
)
Package xcolor Info: Driver file: luatex.def on input line 274.

(/usr/local/texlive/2026/texmf-dist/tex/latex/graphics/mathcolor.ltx)
Package xcolor Info: Model `cmy' substituted by `cmy0' on input line 1349.
Package xcolor Info: Model `hsb' substituted by `rgb' on input line 1353.
Package xcolor Info: Model `RGB' extended on input line 1365.
Package xcolor Info: Model `HTML' substituted by `rgb' on input line 1367.
Package xcolor Info: Model `Hsb' substituted by `hsb' on input line 1368.
Package xcolor Info: Model `tHsb' substituted by `hsb' on input line 1369.
Package xcolor Info: Model `HSB' substituted by `hsb' on input line 1370.
Package xcolor Info: Model `Gray' substituted by `gray' on input line 1371.
Package xcolor Info: Model `wave' substituted by `hsb' on input line 1372.
)
(/usr/local/texlive/2026/texmf-dist/tex/latex/listings/listings.sty
\lst@mode=\count329
\lst@gtempboxa=\box57
\lst@token=\toks25
\lst@length=\count330
\lst@currlwidth=\dimen260
\lst@column=\count331
\lst@pos=\count332
\lst@lostspace=\dimen261
\lst@width=\dimen262
\lst@newlines=\count333
\lst@lineno=\count334
\lst@maxwidth=\dimen263

(/usr/local/texlive/2026/texmf-dist/tex/latex/listings/lstpatch.sty
File: lstpatch.sty 2025/11/14 1.11b (Carsten Heinz)
)
(/usr/local/texlive/2026/texmf-dist/tex/latex/listings/lstmisc.sty
File: lstmisc.sty 2025/11/14 1.11b (Carsten Heinz)
\c@lstnumber=\count335
\lst@skipnumbers=\count336
\lst@framebox=\box58
)
(/usr/local/texlive/2026/texmf-dist/tex/latex/listings/listings.cfg
File: listings.cfg 2025/11/14 1.11b listings configuration
))
Package: listings 2025/11/14 1.11b (Carsten Heinz)

==> First Aid for listings.sty no longer applied!
    Expected:
        2024/09/23 1.10c (Carsten Heinz)
    but found:
        2025/11/14 1.11b (Carsten Heinz)
    so I'm assuming it got fixed.
(/usr/local/texlive/2026/texmf-dist/tex/latex/caption/caption.sty
Package: caption 2023/08/05 v3.6o Customizing captions (AR)

(/usr/local/texlive/2026/texmf-dist/tex/latex/caption/caption3.sty
Package: caption3 2023/07/31 v2.4d caption3 kernel (AR)
\caption@tempdima=\dimen264
\captionmargin=\dimen265
\caption@leftmargin=\dimen266
\caption@rightmargin=\dimen267
\caption@width=\dimen268
\caption@indent=\dimen269
\caption@parindent=\dimen270
\caption@hangindent=\dimen271
Package caption Info: Unknown document class (or package),
(caption)             standard defaults will be used.
Package caption Info: \@makecaption = \long macro:#1#2->\ifx \@captype \@IEEEta
blestring \footnotesize \bgroup \par \centering \@IEEEtabletopskipstrut {\norma
lfont \footnotesize #1}\\{\normalfont \footnotesize \scshape #2}\par \addvspace
 {0.5\baselineskip }\egroup \@IEEEtablecaptionsepspace \else \@IEEEfigurecaptio
nsepspace \setbox \@tempboxa \hbox {\normalfont \footnotesize {#1.}\nobreakspac
e \nobreakspace #2}\ifdim \wd \@tempboxa >\hsize \setbox \@tempboxa \hbox {\nor
malfont \footnotesize {#1.}\nobreakspace \nobreakspace }\parbox [t]{\hsize }{\n
ormalfont \footnotesize \noindent \unhbox \@tempboxa #2}\else \ifCLASSOPTIONcon
ference \hbox to\hsize {\normalfont \footnotesize \hfil \box \@tempboxa \hfil }
\else \hbox to\hsize {\normalfont \footnotesize \box \@tempboxa \hfil }\fi \fi 
\fi  on input line 1175.
)

Package caption Warning: Unknown document class (or package),
(caption)                standard defaults will be used.
See the caption package documentation for explanation.

\c@caption@flags=\count337
\c@continuedfloat=\count338
Package caption Info: hyperref package is loaded.
Package caption Info: listings package is loaded.
) (/usr/local/texlive/2026/texmf-dist/tex/latex/caption/subcaption.sty
Package: subcaption 2023/07/28 v1.6b Sub-captions (AR)
Package caption Info: New subtype `subfigure' on input line 238.
\c@subfigure=\count339
Package caption Info: New subtype `subtable' on input line 238.
\c@subtable=\count340
)
(/usr/local/texlive/2026/texmf-dist/tex/latex/multirow/multirow.sty
Package: multirow 2024/11/12 v2.9 Span multiple rows of a table
\multirow@colwidth=\skip56
\multirow@cntb=\count341
\multirow@dima=\skip57
\bigstrutjot=\dimen272
)
(/usr/local/texlive/2026/texmf-dist/tex/latex/tools/array.sty
Package: array 2025/09/25 v2.6n Tabular extension package (FMi)
\col@sep=\dimen273
\ar@mcellbox=\box59
\extrarowheight=\dimen274
\NC@list=\toks26
\extratabsurround=\skip58
\backup@length=\skip59
\ar@cellbox=\box60
)
(/usr/local/texlive/2026/texmf-dist/tex/latex/cite/cite.sty
LaTeX Info: Redefining \cite on input line 302.
LaTeX Info: Redefining \nocite on input line 332.
Package: cite 2015/02/27  v 5.5
)
(/output/main_eda.aux)
\openout1 = main_eda.aux

LaTeX Font Info:    Checking defaults for OML/cmm/m/it on input line 55.
LaTeX Font Info:    ... okay on input line 55.
LaTeX Font Info:    Checking defaults for OMS/cmsy/m/n on input line 55.
LaTeX Font Info:    ... okay on input line 55.
LaTeX Font Info:    Checking defaults for OT1/cmr/m/n on input line 55.
LaTeX Font Info:    ... okay on input line 55.
LaTeX Font Info:    Checking defaults for T1/cmr/m/n on input line 55.
LaTeX Font Info:    ... okay on input line 55.
LaTeX Font Info:    Checking defaults for TS1/cmr/m/n on input line 55.
LaTeX Font Info:    ... okay on input line 55.
LaTeX Font Info:    Checking defaults for TU/lmr/m/n on input line 55.
LaTeX Font Info:    ... okay on input line 55.
LaTeX Font Info:    Checking defaults for OMX/cmex/m/n on input line 55.
LaTeX Font Info:    ... okay on input line 55.
LaTeX Font Info:    Checking defaults for U/cmr/m/n on input line 55.
LaTeX Font Info:    ... okay on input line 55.
LaTeX Font Info:    Checking defaults for PD1/pdf/m/n on input line 55.
LaTeX Font Info:    ... okay on input line 55.
LaTeX Font Info:    Checking defaults for PU/pdf/m/n on input line 55.
LaTeX Font Info:    ... okay on input line 55.

-- Lines per column: 56 (exact).

Package fontspec Info: 
(fontspec)             Adjusting the maths setup (use [no-math] to avoid
(fontspec)             this).

\symlegacymaths=\mathgroup6
LaTeX Font Info:    Overwriting symbol font `legacymaths' in version `bold'
(Font)                  OT1/cmr/m/n --> OT1/cmr/bx/n on input line 55.
LaTeX Font Info:    Redeclaring math accent \acute on input line 55.
LaTeX Font Info:    Redeclaring math accent \grave on input line 55.
LaTeX Font Info:    Redeclaring math accent \ddot on input line 55.
LaTeX Font Info:    Redeclaring math accent \tilde on input line 55.
LaTeX Font Info:    Redeclaring math accent \bar on input line 55.
LaTeX Font Info:    Redeclaring math accent \breve on input line 55.
LaTeX Font Info:    Redeclaring math accent \check on input line 55.
LaTeX Font Info:    Redeclaring math accent \hat on input line 55.
LaTeX Font Info:    Redeclaring math accent \dot on input line 55.
LaTeX Font Info:    Redeclaring math accent \mathring on input line 55.
LaTeX Font Info:    Redeclaring math symbol \Gamma on input line 55.
LaTeX Font Info:    Redeclaring math symbol \Delta on input line 55.
LaTeX Font Info:    Redeclaring math symbol \Theta on input line 55.
LaTeX Font Info:    Redeclaring math symbol \Lambda on input line 55.
LaTeX Font Info:    Redeclaring math symbol \Xi on input line 55.
LaTeX Font Info:    Redeclaring math symbol \Pi on input line 55.
LaTeX Font Info:    Redeclaring math symbol \Sigma on input line 55.
LaTeX Font Info:    Redeclaring math symbol \Upsilon on input line 55.
LaTeX Font Info:    Redeclaring math symbol \Phi on input line 55.
LaTeX Font Info:    Redeclaring math symbol \Psi on input line 55.
LaTeX Font Info:    Redeclaring math symbol \Omega on input line 55.
LaTeX Font Info:    Redeclaring math symbol \mathdollar on input line 55.
LaTeX Font Info:    Redeclaring symbol font `operators' on input line 55.
LaTeX Font Info:    Encoding `OT1' has changed to `TU' for symbol font
(Font)              `operators' in the math version `normal' on input line 55.
LaTeX Font Info:    Overwriting symbol font `operators' in version `normal'
(Font)                  OT1/cmr/m/n --> TU/lmr/m/n on input line 55.
LaTeX Font Info:    Encoding `OT1' has changed to `TU' for symbol font
(Font)              `operators' in the math version `bold' on input line 55.
LaTeX Font Info:    Overwriting symbol font `operators' in version `bold'
(Font)                  OT1/cmr/bx/n --> TU/lmr/m/n on input line 55.
LaTeX Font Info:    Overwriting symbol font `operators' in version `normal'
(Font)                  TU/lmr/m/n --> TU/lmr/m/n on input line 55.
LaTeX Font Info:    Overwriting math alphabet `\mathit' in version `normal'
(Font)                  OT1/cmr/m/it --> TU/lmr/m/it on input line 55.
LaTeX Font Info:    Overwriting math alphabet `\mathbf' in version `normal'
(Font)                  OT1/cmr/bx/n --> TU/lmr/b/n on input line 55.
LaTeX Font Info:    Overwriting math alphabet `\mathsf' in version `normal'
(Font)                  OT1/cmss/m/n --> TU/lmss/m/n on input line 55.
LaTeX Font Info:    Overwriting math alphabet `\mathtt' in version `normal'
(Font)                  OT1/cmtt/m/n --> TU/lmtt/m/n on input line 55.
LaTeX Font Info:    Overwriting symbol font `operators' in version `bold'
(Font)                  TU/lmr/m/n --> TU/lmr/b/n on input line 55.
LaTeX Font Info:    Overwriting math alphabet `\mathit' in version `bold'
(Font)                  OT1/cmr/bx/it --> TU/lmr/b/it on input line 55.
LaTeX Font Info:    Overwriting math alphabet `\mathsf' in version `bold'
(Font)                  OT1/cmss/bx/n --> TU/lmss/b/n on input line 55.
LaTeX Font Info:    Overwriting math alphabet `\mathtt' in version `bold'
(Font)                  OT1/cmtt/m/n --> TU/lmtt/b/n on input line 55.
(/usr/local/texlive/2026/texmf-dist/tex/context/base/mkii/supp-pdf.mkii
[Loading MPS to PDF converter (version 2006.09.02).]
\scratchcounter=\count342
\scratchdimen=\dimen275
\scratchbox=\box61
\nofMPsegments=\count343
\nofMParguments=\count344
\everyMPshowfont=\toks27
\MPscratchCnt=\count345
\MPscratchDim=\dimen276
\MPnumerator=\count346
\makeMPintoPDFobject=\count347
\everyMPtoPDFconversion=\toks28
) (/usr/local/texlive/2026/texmf-dist/tex/latex/epstopdf-pkg/epstopdf-base.sty
Package: epstopdf-base 2020-01-24 v2.11 Base part for package epstopdf
Package epstopdf-base Info: Redefining graphics rule for `.eps' on input line 4
85.

(/usr/local/texlive/2026/texmf-dist/tex/latex/latexconfig/epstopdf-sys.cfg
File: epstopdf-sys.cfg 2010/07/13 v1.3 Configuration of (r)epstopdf for TeX Liv
e
))
Package hyperref Info: Link coloring OFF on input line 55.

(/output/main_eda.out) (/output/main_eda.out)
\@outlinefile=\write3

\openout3 = main_eda.out
\c@lstlisting=\count348
Package caption Info: Begin \AtBeginDocument code.
Package caption Info: End \AtBeginDocument code.
LaTeX Font Info:    Trying to load font information for U+msa on input line 71.


(/usr/local/texlive/2026/texmf-dist/tex/latex/amsfonts/umsa.fd
File: umsa.fd 2013/01/14 v3.01 AMS symbols A
)
LaTeX Font Info:    Trying to load font information for U+msb on input line 71.


(/usr/local/texlive/2026/texmf-dist/tex/latex/amsfonts/umsb.fd
File: umsb.fd 2013/01/14 v3.01 AMS symbols B
) [1
Non-PDF special ignored!{/usr/local/texlive/2026/texmf-var/fonts/map/pdftex/updm
ap/pdftex.map}


]
Underfull \hbox (badness 2111) in paragraph at lines 179--181
[]\TU/lmtt/m/n/10 kernel_syscall_normal_strace \TU/ptm/bx/it/10 --- 6,850 be-nig
n
 []


Underfull \hbox (badness 4013) in paragraph at lines 219--222
[]\TU/ptm/bx/it/10 Fig-ure []1[] vi-su-alises the labelled-split com-po-si-tion.

 []

<figure_eda/01_split_composition.png, id=151, 578.16pt x 289.08pt>
File: figure_eda/01_split_composition.png Graphic file (type png)
<use figure_eda/01_split_composition.png>
Package luatex.def Info: figure_eda/01_split_composition.png  used on input lin
e 225.
(luatex.def)             Requested size: 249.48138pt x 124.73866pt.
<figure_eda/03_bug_categories.png, id=154, 794.97pt x 361.35pt>
File: figure_eda/03_bug_categories.png Graphic file (type png)
<use figure_eda/03_bug_categories.png>
Package luatex.def Info: figure_eda/03_bug_categories.png  used on input line 2
55.
(luatex.def)             Requested size: 249.48138pt x 113.40129pt.
<figure_eda/04_seq_length.png, id=157, 1300.86pt x 361.35pt>
File: figure_eda/04_seq_length.png Graphic file (type png)
<use figure_eda/04_seq_length.png>
Package luatex.def Info: figure_eda/04_seq_length.png  used on input line 274.
(luatex.def)             Requested size: 249.48138pt x 69.2968pt.
[2<./figure_eda/01_split_composition.png>]
Underfull \hbox (badness 7256) in paragraph at lines 289--295
[]\TU/ptm/bx/it/10 Attack-leaning syscalls clus-ter around \TU/lmr/m/it/10 net-w
ork-ing
 []


Underfull \hbox (badness 10000) in paragraph at lines 289--295
\TU/ptm/bx/it/10 and \TU/lmr/m/it/10 pro-cess cre-ation \TU/ptm/bx/it/10 (\TU/l
mtt/m/n/10 connect, sendto, clone,
 []


Underfull \hbox (badness 10000) in paragraph at lines 289--295
\TU/lmtt/m/n/10 bind, mmap, socket, exit_group\TU/ptm/bx/it/10 ), while normal-
 []


Underfull \hbox (badness 10000) in paragraph at lines 289--295
\TU/ptm/bx/it/10 leaning syscalls are dom-i-nated by file I/O and
 []


Underfull \hbox (badness 10000) in paragraph at lines 289--295
\TU/ptm/bx/it/10 mem-ory house-keep-ing (\TU/lmtt/m/n/10 write, read, mprotect,
 []


Underfull \hbox (badness 1939) in paragraph at lines 289--295
\TU/lmtt/m/n/10 rt_sigprocmask, newfstatat, openat\TU/ptm/bx/it/10 ). This pat-t
ern
 []

<figure_eda/06_discriminative_syscalls.png, id=182, 794.97pt x 578.16pt>
File: figure_eda/06_discriminative_syscalls.png Graphic file (type png)
<use figure_eda/06_discriminative_syscalls.png>
Package luatex.def Info: figure_eda/06_discriminative_syscalls.png  used on inp
ut line 298.
(luatex.def)             Requested size: 249.48138pt x 181.44206pt.
<figure_eda/09_pca.png, id=186, 1084.05pt x 433.62pt>
File: figure_eda/09_pca.png Graphic file (type png)
<use figure_eda/09_pca.png>
Package luatex.def Info: figure_eda/09_pca.png  used on input line 317.
(luatex.def)             Requested size: 249.48138pt x 99.79004pt.
<figure_eda/10_umap.png, id=187, 1084.05pt x 433.62pt>
File: figure_eda/10_umap.png Graphic file (type png)
<use figure_eda/10_umap.png>
Package luatex.def Info: figure_eda/10_umap.png  used on input line 324.
(luatex.def)             Requested size: 249.48138pt x 99.79004pt.
<figure_eda/11_category_profile.png, id=189, 939.51pt x 361.35pt>
File: figure_eda/11_category_profile.png Graphic file (type png)
<use figure_eda/11_category_profile.png>
Package luatex.def Info: figure_eda/11_category_profile.png  used on input line
 341.
(luatex.def)             Requested size: 249.48138pt x 95.95027pt.

Underfull \hbox (badness 6842) in paragraph at lines 392--395
[]\TU/lmr/bx/n/10 Iso-la-tion For-est (IF) \TU/ptm/bx/it/10 [[]4[]] --- \TU/lmt
t/m/n/10 scikit-learn\TU/ptm/bx/it/10 ,
 []

[3<./figure_eda/03_bug_categories.png><./figure_eda/04_seq_length.png><./figure_
eda/06_discriminative_syscalls.png><./figure_eda/09_pca.png>]
Underfull \hbox (badness 2126) in paragraph at lines 402--406
[]\TU/lmr/bx/n/10 Score-fusion En-sem-ble \TU/ptm/bx/it/10 --- min-max-normalise
d
 []


Underfull \hbox (badness 3179) in paragraph at lines 408--412
[]\TU/ptm/bx/it/10 This per-sequence pipeline di-verges from the pa-
 []

<figure_eda/desfam_per_category_heatmap.png, id=218, 650.43pt x 476.982pt>
File: figure_eda/desfam_per_category_heatmap.png Graphic file (type png)
<use figure_eda/desfam_per_category_heatmap.png>
Package luatex.def Info: figure_eda/desfam_per_category_heatmap.png  used on in
put line 484.
(luatex.def)             Requested size: 249.48138pt x 182.95084pt.

Overfull \hbox (40.11224pt too wide) in paragraph at lines 497--508
 [][] 
 []

[4<./figure_eda/10_umap.png><./figure_eda/11_category_profile.png>]
Underfull \hbox (badness 2698) in paragraph at lines 538--538
[]|\TU/lmr/m/n/8 cat-e-gor-i-cal freq. +
 []


Underfull \hbox (badness 4242) in paragraph at lines 538--540
[]|\TU/lmr/m/n/8 9-category freq. +
 []


Overfull \hbox (6.9965pt too wide) in paragraph at lines 538--540
[]\OT1/cmr/m/n/8 ([]/[])$| 
 []


Underfull \hbox (badness 10000) in paragraph at lines 540--540
[]|$\OT1/cmr/m/n/8 32[]8[]32$\TU/lmr/m/n/8 , SELU,
 []


Underfull \hbox (badness 10000) in paragraph at lines 542--542
[]|$[] \OT1/cmr/m/n/8 =
 []


Underfull \hbox (badness 1661) in paragraph at lines 543--543
[]|$\OML/cmm/m/it/8 A \OT1/cmr/m/n/8 = 0\OML/cmm/m/it/8 :\OT1/cmr/m/n/8 7\OML/c
mm/m/it/8 A[] \OT1/cmr/m/n/8 +
 []


Underfull \hbox (badness 10000) in paragraph at lines 543--544
[]|\TU/lmr/m/n/8 same, min-max
 []


Underfull \hbox (badness 10000) in paragraph at lines 544--544
[]|\TU/lmr/m/n/8 99.5-pctile of
 []


Underfull \hbox (badness 10000) in paragraph at lines 544--544
\TU/lmr/m/n/8 benign-val VAE
 []


Underfull \hbox (badness 10000) in paragraph at lines 546--546
[]|$\OML/cmm/m/it/8 T[] \OT1/cmr/m/n/8 =
 []


Underfull \hbox (badness 10000) in paragraph at lines 546--546
[]\OT1/cmr/m/n/8 (\OML/cmm/m/it/8 T[]; T \OT1/cmr/m/n/8 +
 []


Underfull \hbox (badness 2753) in paragraph at lines 548--549
[]|\TU/lmr/bx/n/8 dis-abled \TU/lmr/m/n/8 (not im-
 []


Overfull \hbox (5.76123pt too wide) in paragraph at lines 533--551
 [][] 
 []


Underfull \hbox (badness 6094) in paragraph at lines 556--562
 \TU/lmr/m/it/10 a) Tem-po-ral fea-tures ap-prox-i-mated.: [][]\TU/ptm/bx/it/10
 DongT-ing’s
 []


Underfull \hbox (badness 3849) in paragraph at lines 564--568
 \TU/lmr/m/it/10 b) Pre-fixS-pan pre-filter omit-ted.: [][]\TU/ptm/bx/it/10 Pa-p
er §IV-B-2
 []

<figure_eda/desfam_vae_training.png, id=237, 578.16pt x 289.08pt>
File: figure_eda/desfam_vae_training.png Graphic file (type png)
<use figure_eda/desfam_vae_training.png>
Package luatex.def Info: figure_eda/desfam_vae_training.png  used on input line
 579.
(luatex.def)             Requested size: 239.39923pt x 119.69688pt.
<figure_eda/desfam_repro_roc_dist.png, id=238, 939.51pt x 361.35pt>
File: figure_eda/desfam_repro_roc_dist.png Graphic file (type png)
<use figure_eda/desfam_repro_roc_dist.png>
Package luatex.def Info: figure_eda/desfam_repro_roc_dist.png  used on input li
ne 607.
(luatex.def)             Requested size: 249.48138pt x 95.95027pt.
[5<./figure_eda/desfam_per_category_heatmap.png><./figure_eda/desfam_vae_trainin
g.png>] [6<./figure_eda/desfam_repro_roc_dist.png>]
Underfull \hbox (badness 2818) in paragraph at lines 722--729
[]\TU/ptm/bx/it/10 The VAE’s near-perfect score war-rants cau-tion:
 []

(/output/main_eda.bbl
Underfull \hbox (badness 1648) in paragraph at lines 45--47
[]\TU/lmr/m/n/8 D. P. Kingma and M. Welling, ``Auto-encoding vari-a-tional
 []

)

** Conference Paper **
Before submitting the final camera ready copy, remember to:

 1. Manually equalize the lengths of two columns on the last page
 of your paper;

 2. Ensure that any PostScript and/or PDF output post-processing
 uses only Type 1 fonts and that every step in the generation
 process uses the appropriate paper size.

[7] (/output/main_eda.aux)
 ***********
LaTeX2e <2025-11-01>
L3 programming layer <2026-04-28>
 ***********


LaTeX Font Warning: Some font shapes were not available, defaults substituted.

Package rerunfilecheck Info: File `main_eda.out' has not changed.
(rerunfilecheck)             Checksum: 9354A9CC0BA37141AF7D0CDE1B1BA18B;4558.
)

Here is how much of LuaTeX's memory you used:
 16755 strings out of 475892
 156304,794899 words of node,token memory allocated
 508 words of node memory still in use:
   6 hlist, 2 vlist, 2 rule, 2 glue, 4 kern, 1 glyph, 7 attribute, 56 glue_spec,
 7 attribute_list, 1 write nodes
   avail lists: 1:3,2:1291,3:461,4:64,5:733,6:114,7:13844,8:27,9:1016,10:18,11:1
080
 39043 multiletter control sequences out of 65536+600000
 96 fonts using 8871711 bytes
 73i,14n,75p,398b,446s stack positions out of 10000i,1000n,20000p,200000b,200000s
</usr/local/texlive/2026/texmf-dist/fonts/opentype/public/lm/lmroman8-italic.otf
></usr/local/texlive/2026/texmf-dist/fonts/opentype/public/lm/lmroman6-regular.o
tf></usr/local/texlive/2026/texmf-dist/fonts/opentype/public/lm/lmmono8-regular.
otf></usr/local/texlive/2026/texmf-dist/fonts/opentype/public/lm/lmroman7-regula
r.otf></usr/local/texlive/2026/texmf-dist/fonts/opentype/public/lm/lmroman10-bol
d.otf></usr/local/texlive/2026/texmf-dist/fonts/opentype/public/lm/lmroman8-regu
lar.otf></usr/local/texlive/2026/texmf-dist/fonts/opentype/public/lm/lmroman8-bo
ld.otf></usr/local/texlive/2026/texmf-dist/fonts/opentype/public/lm/lmroman10-it
alic.otf></usr/local/texlive/2026/texmf-dist/fonts/opentype/public/lm/lmromancap
s10-regular.otf></usr/local/texlive/2026/texmf-dist/fonts/opentype/public/lm/lmr
oman9-bold.otf></usr/local/texlive/2026/texmf-dist/fonts/opentype/public/lm/lmro
man10-bolditalic.otf></usr/local/texlive/2026/texmf-dist/fonts/opentype/public/l
m/lmmono10-regular.otf></usr/local/texlive/2026/texmf-dist/fonts/opentype/public
/lm/lmroman10-regular.otf></usr/local/texlive/2026/texmf-dist/fonts/opentype/pub
lic/lm/lmroman12-regular.otf></usr/local/texlive/2026/texmf-dist/fonts/opentype/
public/lm/lmroman17-regular.otf></usr/local/texlive/2026/texmf-dist/fonts/type1/
public/amsfonts/cm/cmex10.pfb></usr/local/texlive/2026/texmf-dist/fonts/type1/pu
blic/amsfonts/cm/cmmi10.pfb></usr/local/texlive/2026/texmf-dist/fonts/type1/publ
ic/amsfonts/cm/cmmi6.pfb></usr/local/texlive/2026/texmf-dist/fonts/type1/public/
amsfonts/cm/cmmi7.pfb></usr/local/texlive/2026/texmf-dist/fonts/type1/public/ams
fonts/cm/cmmi8.pfb></usr/local/texlive/2026/texmf-dist/fonts/type1/public/amsfon
ts/cm/cmmi9.pfb></usr/local/texlive/2026/texmf-dist/fonts/type1/public/amsfonts/
cm/cmr10.pfb></usr/local/texlive/2026/texmf-dist/fonts/type1/public/amsfonts/cm/
cmr6.pfb></usr/local/texlive/2026/texmf-dist/fonts/type1/public/amsfonts/cm/cmr7
.pfb></usr/local/texlive/2026/texmf-dist/fonts/type1/public/amsfonts/cm/cmr8.pfb
></usr/local/texlive/2026/texmf-dist/fonts/type1/public/amsfonts/cm/cmr9.pfb></u
sr/local/texlive/2026/texmf-dist/fonts/type1/public/amsfonts/cm/cmsy10.pfb></usr
/local/texlive/2026/texmf-dist/fonts/type1/public/amsfonts/cm/cmsy7.pfb></usr/lo
cal/texlive/2026/texmf-dist/fonts/type1/public/amsfonts/cm/cmsy8.pfb>
Output written on main_eda.pdf (7 pages, 1257820 bytes).

PDF statistics: 422 PDF objects out of 1000 (max. 8388607)
 330 compressed objects within 4 object streams
 71 named destinations out of 1000 (max. 1048576)
 217 words of extra memory for PDF output out of 10000 (max. 100000000)

